#
# There is insufficient memory for the Java Runtime Environment to continue.
# Native memory allocation (malloc) failed to allocate 418496 bytes for Chunk::new
# Possible reasons:
#   The system is out of physical RAM or swap space
#   The process is running with CompressedOops enabled, and the Java Heap may be blocking the growth of the native heap
# Possible solutions:
#   Reduce memory load on the system
#   Increase physical memory or swap space
#   Check if swap backing store is full
#   Decrease Java heap size (-Xmx/-Xms)
#   Decrease number of Java threads
#   Decrease Java thread stack sizes (-Xss)
#   Set larger code cache with -XX:ReservedCodeCacheSize=
#   JVM is running with Zero Based Compressed Oops mode in which the Java heap is
#     placed in the first 32GB address space. The Java Heap base address is the
#     maximum limit for the native heap growth. Please use -XX:HeapBaseMinAddress
#     to set the Java Heap base and to place the Java Heap above 32GB virtual address.
# This output file may be truncated or incomplete.
#
#  Out of Memory Error (./src/hotspot/share/memory/arena.cpp:197), pid=2312, tid=8152
#
# JRE version: OpenJDK Runtime Environment (11.0.10) (build 11.0.10+0-b96-7249189)
# Java VM: OpenJDK 64-Bit Server VM (11.0.10+0-b96-7249189, mixed mode, tiered, compressed oops, g1 gc, windows-amd64)
# No core dump will be written. Minidumps are not enabled by default on client versions of Windows
#

---------------  S U M M A R Y ------------

Command Line: org.jetbrains.kotlin.cli.jvm.K2JVMCompiler @C:\Users\leoba\AndroidStudioProjects\TextRecognizer\FirstComposoble\app\build\20220328_15756137458353132455.compiler.options

Host: Intel(R) Core(TM) i3-7020U CPU @ 2.30GHz, 4 cores, 11G,  Windows 10 , 64 bit Build 19041 (10.0.19041.1566)
Time: Mon Mar 28 08:26:32 2022 Hora estándar de Argentina elapsed time: 5.705836 seconds (0d 0h 0m 5s)

---------------  T H R E A D  ---------------

Current thread (0x000001fb9e762800):  JavaThread "C2 CompilerThread1" daemon [_thread_in_native, id=8152, stack(0x00000048dc700000,0x00000048dc800000)]


Current CompileTask:
C2:   5705 3707 %     4       org.jetbrains.kotlin.load.java.structure.impl.classFiles.BinaryClassSignatureParser::parseParameterizedClassRefSignature @ 24 (278 bytes)

Stack: [0x00000048dc700000,0x00000048dc800000]
Native frames: (J=compiled Java code, j=interpreted, Vv=VM code, C=native code)
V  [jvm.dll+0x5ecfaa]
V  [jvm.dll+0x722bd5]
V  [jvm.dll+0x72412d]
V  [jvm.dll+0x7247e3]
V  [jvm.dll+0x242928]
V  [jvm.dll+0xbc4fc]
V  [jvm.dll+0xbca0c]
V  [jvm.dll+0x2b4fd4]
V  [jvm.dll+0x506028]
V  [jvm.dll+0x203253]
V  [jvm.dll+0x1fd07c]
V  [jvm.dll+0x1fa77f]
V  [jvm.dll+0x18354c]
V  [jvm.dll+0x208ee7]
V  [jvm.dll+0x207731]
V  [jvm.dll+0x6eb1cf]
V  [jvm.dll+0x6e3d45]
V  [jvm.dll+0x5ebe96]
C  [ucrtbase.dll+0x21bb2]
C  [KERNEL32.DLL+0x17034]
C  [ntdll.dll+0x52651]


---------------  P R O C E S S  ---------------

Threads class SMR info:
_java_thread_list=0x000001fba1c2a8a0, length=11, elements={
0x000001fb8142b800, 0x000001fb9dd66800, 0x000001fb9dd6a000, 0x000001fb9e5b4000,
0x000001fb9e5b6800, 0x000001fb9e5bd800, 0x000001fb9e602800, 0x000001fb9e608800,
0x000001fb9e60a800, 0x000001fb9e769800, 0x000001fb9e762800
}

Java Threads: ( => current thread )
  0x000001fb8142b800 JavaThread "main" [_thread_in_Java, id=15520, stack(0x00000048db600000,0x00000048db700000)]
  0x000001fb9dd66800 JavaThread "Reference Handler" daemon [_thread_blocked, id=3664, stack(0x00000048dbd00000,0x00000048dbe00000)]
  0x000001fb9dd6a000 JavaThread "Finalizer" daemon [_thread_blocked, id=15516, stack(0x00000048dbe00000,0x00000048dbf00000)]
  0x000001fb9e5b4000 JavaThread "Signal Dispatcher" daemon [_thread_blocked, id=11416, stack(0x00000048dbf00000,0x00000048dc000000)]
  0x000001fb9e5b6800 JavaThread "Attach Listener" daemon [_thread_blocked, id=9416, stack(0x00000048dc000000,0x00000048dc100000)]
  0x000001fb9e5bd800 JavaThread "Service Thread" daemon [_thread_blocked, id=3420, stack(0x00000048dc100000,0x00000048dc200000)]
  0x000001fb9e602800 JavaThread "C2 CompilerThread0" daemon [_thread_in_native, id=7060, stack(0x00000048dc200000,0x00000048dc300000)]
  0x000001fb9e608800 JavaThread "C1 CompilerThread0" daemon [_thread_blocked, id=6044, stack(0x00000048dc300000,0x00000048dc400000)]
  0x000001fb9e60a800 JavaThread "Sweeper thread" daemon [_thread_blocked, id=7484, stack(0x00000048dc400000,0x00000048dc500000)]
  0x000001fb9e769800 JavaThread "Common-Cleaner" daemon [_thread_blocked, id=11492, stack(0x00000048dc600000,0x00000048dc700000)]
=>0x000001fb9e762800 JavaThread "C2 CompilerThread1" daemon [_thread_in_native, id=8152, stack(0x00000048dc700000,0x00000048dc800000)]

Other Threads:
  0x000001fb9e5a4800 VMThread "VM Thread" [stack: 0x00000048dbc00000,0x00000048dbd00000] [id=7380]
  0x000001fb9e760000 WatcherThread [stack: 0x00000048dc500000,0x00000048dc600000] [id=9692]
  0x000001fb81445800 GCTaskThread "GC Thread#0" [stack: 0x00000048db700000,0x00000048db800000] [id=8760]
  0x000001fb9ee0e800 GCTaskThread "GC Thread#1" [stack: 0x00000048dc800000,0x00000048dc900000] [id=7980]
  0x000001fb9ee0f800 GCTaskThread "GC Thread#2" [stack: 0x00000048dc900000,0x00000048dca00000] [id=7884]
  0x000001fb9ed6d000 GCTaskThread "GC Thread#3" [stack: 0x00000048dca00000,0x00000048dcb00000] [id=6172]
  0x000001fb8148b800 ConcurrentGCThread "G1 Main Marker" [stack: 0x00000048db800000,0x00000048db900000] [id=8536]
  0x000001fb8148c800 ConcurrentGCThread "G1 Conc#0" [stack: 0x00000048db900000,0x00000048dba00000] [id=7384]
  0x000001fb8150e000 ConcurrentGCThread "G1 Refine#0" [stack: 0x00000048dba00000,0x00000048dbb00000] [id=12776]
  0x000001fb9dbcf800 ConcurrentGCThread "G1 Young RemSet Sampling" [stack: 0x00000048dbb00000,0x00000048dbc00000] [id=13924]

Threads with active compile tasks:
C2 CompilerThread0   5733 3728       4       gnu.trove.TObjectHash::insertionIndex (273 bytes)
C1 CompilerThread0   5733 3771       3       java.util.ArrayList::remove (26 bytes)
C2 CompilerThread1   5733 3707 %     4       org.jetbrains.kotlin.load.java.structure.impl.classFiles.BinaryClassSignatureParser::parseParameterizedClassRefSignature @ 24 (278 bytes)

VM state:not at safepoint (normal execution)

VM Mutex/Monitor currently owned by a thread: None

OutOfMemory and StackOverflow Exception counts:
OutOfMemoryError java_heap_errors=1
LinkageErrors=25

Heap address: 0x0000000741600000, size: 3050 MB, Compressed Oops mode: Zero based, Oop shift amount: 3
Narrow klass base: 0x0000000800000000, Narrow klass shift: 0
Compressed class space size: 1073741824 Address: 0x0000000800000000

Heap:
 garbage-first heap   total 236544K, used 35093K [0x0000000741600000, 0x0000000800000000)
  region size 1024K, 11 young (11264K), 9 survivors (9216K)
 Metaspace       used 48543K, capacity 49136K, committed 49436K, reserved 1093632K
  class space    used 5686K, capacity 5924K, committed 6012K, reserved 1048576K
Heap Regions: E=young(eden), S=young(survivor), O=old, HS=humongous(starts), HC=humongous(continues), CS=collection set, F=free, A=archive, TAMS=top-at-mark-start (previous, next)
|   0|0x0000000741600000, 0x0000000741700000, 0x0000000741700000|100%|HS|  |TAMS 0x0000000741700000, 0x0000000741600000| Complete 
|   1|0x0000000741700000, 0x0000000741800000, 0x0000000741800000|100%|HC|  |TAMS 0x0000000741800000, 0x0000000741700000| Complete 
|   2|0x0000000741800000, 0x0000000741900000, 0x0000000741900000|100%|HC|  |TAMS 0x0000000741900000, 0x0000000741800000| Complete 
|   3|0x0000000741900000, 0x0000000741a00000, 0x0000000741a00000|100%| O|  |TAMS 0x0000000741a00000, 0x0000000741900000| Untracked 
|   4|0x0000000741a00000, 0x0000000741b00000, 0x0000000741b00000|100%| O|  |TAMS 0x0000000741b00000, 0x0000000741a00000| Untracked 
|   5|0x0000000741b00000, 0x0000000741c00000, 0x0000000741c00000|100%|HS|  |TAMS 0x0000000741c00000, 0x0000000741b00000| Complete 
|   6|0x0000000741c00000, 0x0000000741d00000, 0x0000000741d00000|100%|HC|  |TAMS 0x0000000741d00000, 0x0000000741c00000| Complete 
|   7|0x0000000741d00000, 0x0000000741e00000, 0x0000000741e00000|100%|HC|  |TAMS 0x0000000741e00000, 0x0000000741d00000| Complete 
|   8|0x0000000741e00000, 0x0000000741f00000, 0x0000000741f00000|100%|HS|  |TAMS 0x0000000741f00000, 0x0000000741e00000| Complete 
|   9|0x0000000741f00000, 0x0000000742000000, 0x0000000742000000|100%|HC|  |TAMS 0x0000000742000000, 0x0000000741f00000| Complete 
|  10|0x0000000742000000, 0x0000000742100000, 0x0000000742100000|100%|HC|  |TAMS 0x0000000742100000, 0x0000000742000000| Complete 
|  11|0x0000000742100000, 0x0000000742200000, 0x0000000742200000|100%| O|  |TAMS 0x0000000742200000, 0x0000000742100000| Untracked 
|  12|0x0000000742200000, 0x0000000742300000, 0x0000000742300000|100%| O|  |TAMS 0x0000000742300000, 0x0000000742200000| Untracked 
|  13|0x0000000742300000, 0x0000000742400000, 0x0000000742400000|100%| O|  |TAMS 0x0000000742400000, 0x0000000742300000| Untracked 
|  14|0x0000000742400000, 0x0000000742500000, 0x0000000742500000|100%| O|  |TAMS 0x0000000742500000, 0x0000000742400000| Untracked 
|  15|0x0000000742500000, 0x0000000742600000, 0x0000000742600000|100%|HS|  |TAMS 0x0000000742500000, 0x0000000742500000| Complete 
|  16|0x0000000742600000, 0x0000000742700000, 0x0000000742700000|100%|HC|  |TAMS 0x0000000742600000, 0x0000000742600000| Complete 
|  17|0x0000000742700000, 0x0000000742800000, 0x0000000742800000|100%| O|  |TAMS 0x0000000742800000, 0x0000000742700000| Untracked 
|  18|0x0000000742800000, 0x0000000742900000, 0x0000000742900000|100%| O|  |TAMS 0x0000000742900000, 0x0000000742800000| Untracked 
|  19|0x0000000742900000, 0x0000000742a00000, 0x0000000742a00000|100%| O|  |TAMS 0x0000000742a00000, 0x0000000742900000| Untracked 
|  20|0x0000000742a00000, 0x0000000742b00000, 0x0000000742b00000|100%| O|  |TAMS 0x0000000742b00000, 0x0000000742a00000| Untracked 
|  21|0x0000000742b00000, 0x0000000742c00000, 0x0000000742c00000|100%| O|  |TAMS 0x0000000742c00000, 0x0000000742b00000| Untracked 
|  22|0x0000000742c00000, 0x0000000742d00000, 0x0000000742d00000|100%| O|  |TAMS 0x0000000742d00000, 0x0000000742c00000| Untracked 
|  23|0x0000000742d00000, 0x0000000742e00000, 0x0000000742e00000|100%| O|  |TAMS 0x0000000742d8e000, 0x0000000742d00000| Untracked 
|  24|0x0000000742e00000, 0x0000000742e45600, 0x0000000742f00000| 27%| O|  |TAMS 0x0000000742e00000, 0x0000000742e00000| Untracked 
|  25|0x0000000742f00000, 0x0000000742f00000, 0x0000000743000000|  0%| F|  |TAMS 0x0000000742f00000, 0x0000000742f00000| Untracked 
|  26|0x0000000743000000, 0x0000000743000000, 0x0000000743100000|  0%| F|  |TAMS 0x0000000743000000, 0x0000000743000000| Untracked 
|  27|0x0000000743100000, 0x0000000743100000, 0x0000000743200000|  0%| F|  |TAMS 0x0000000743100000, 0x0000000743100000| Untracked 
|  28|0x0000000743200000, 0x0000000743200000, 0x0000000743300000|  0%| F|  |TAMS 0x0000000743200000, 0x0000000743200000| Untracked 
|  29|0x0000000743300000, 0x0000000743300000, 0x0000000743400000|  0%| F|  |TAMS 0x0000000743300000, 0x0000000743300000| Untracked 
|  30|0x0000000743400000, 0x0000000743400000, 0x0000000743500000|  0%| F|  |TAMS 0x0000000743400000, 0x0000000743400000| Untracked 
|  31|0x0000000743500000, 0x0000000743500000, 0x0000000743600000|  0%| F|  |TAMS 0x0000000743500000, 0x0000000743500000| Untracked 
|  32|0x0000000743600000, 0x0000000743600000, 0x0000000743700000|  0%| F|  |TAMS 0x0000000743600000, 0x0000000743600000| Untracked 
|  33|0x0000000743700000, 0x0000000743700000, 0x0000000743800000|  0%| F|  |TAMS 0x0000000743700000, 0x0000000743700000| Untracked 
|  34|0x0000000743800000, 0x0000000743800000, 0x0000000743900000|  0%| F|  |TAMS 0x0000000743800000, 0x0000000743800000| Untracked 
|  35|0x0000000743900000, 0x0000000743900000, 0x0000000743a00000|  0%| F|  |TAMS 0x0000000743900000, 0x0000000743900000| Untracked 
|  36|0x0000000743a00000, 0x0000000743a00000, 0x0000000743b00000|  0%| F|  |TAMS 0x0000000743a00000, 0x0000000743a00000| Untracked 
|  37|0x0000000743b00000, 0x0000000743b00000, 0x0000000743c00000|  0%| F|  |TAMS 0x0000000743b00000, 0x0000000743b00000| Untracked 
|  38|0x0000000743c00000, 0x0000000743c00000, 0x0000000743d00000|  0%| F|  |TAMS 0x0000000743c00000, 0x0000000743c00000| Untracked 
|  39|0x0000000743d00000, 0x0000000743d00000, 0x0000000743e00000|  0%| F|  |TAMS 0x0000000743d00000, 0x0000000743d00000| Untracked 
|  40|0x0000000743e00000, 0x0000000743e00000, 0x0000000743f00000|  0%| F|  |TAMS 0x0000000743e00000, 0x0000000743e00000| Untracked 
|  41|0x0000000743f00000, 0x0000000743f00000, 0x0000000744000000|  0%| F|  |TAMS 0x0000000743f00000, 0x0000000743f00000| Untracked 
|  42|0x0000000744000000, 0x0000000744000000, 0x0000000744100000|  0%| F|  |TAMS 0x0000000744000000, 0x0000000744000000| Untracked 
|  43|0x0000000744100000, 0x0000000744100000, 0x0000000744200000|  0%| F|  |TAMS 0x0000000744100000, 0x0000000744100000| Untracked 
|  44|0x0000000744200000, 0x0000000744200000, 0x0000000744300000|  0%| F|  |TAMS 0x0000000744200000, 0x0000000744200000| Untracked 
|  45|0x0000000744300000, 0x0000000744300000, 0x0000000744400000|  0%| F|  |TAMS 0x0000000744300000, 0x0000000744300000| Untracked 
|  46|0x0000000744400000, 0x0000000744400000, 0x0000000744500000|  0%| F|  |TAMS 0x0000000744400000, 0x0000000744400000| Untracked 
|  47|0x0000000744500000, 0x0000000744500000, 0x0000000744600000|  0%| F|  |TAMS 0x0000000744500000, 0x0000000744500000| Untracked 
|  48|0x0000000744600000, 0x0000000744600000, 0x0000000744700000|  0%| F|  |TAMS 0x0000000744600000, 0x0000000744600000| Untracked 
|  49|0x0000000744700000, 0x0000000744700000, 0x0000000744800000|  0%| F|  |TAMS 0x0000000744700000, 0x0000000744700000| Untracked 
|  50|0x0000000744800000, 0x0000000744800000, 0x0000000744900000|  0%| F|  |TAMS 0x0000000744800000, 0x0000000744800000| Untracked 
|  51|0x0000000744900000, 0x0000000744900000, 0x0000000744a00000|  0%| F|  |TAMS 0x0000000744900000, 0x0000000744900000| Untracked 
|  52|0x0000000744a00000, 0x0000000744a00000, 0x0000000744b00000|  0%| F|  |TAMS 0x0000000744a00000, 0x0000000744a00000| Untracked 
|  53|0x0000000744b00000, 0x0000000744b00000, 0x0000000744c00000|  0%| F|  |TAMS 0x0000000744b00000, 0x0000000744b00000| Untracked 
|  54|0x0000000744c00000, 0x0000000744c00000, 0x0000000744d00000|  0%| F|  |TAMS 0x0000000744c00000, 0x0000000744c00000| Untracked 
|  55|0x0000000744d00000, 0x0000000744d00000, 0x0000000744e00000|  0%| F|  |TAMS 0x0000000744d00000, 0x0000000744d00000| Untracked 
|  56|0x0000000744e00000, 0x0000000744e00000, 0x0000000744f00000|  0%| F|  |TAMS 0x0000000744e00000, 0x0000000744e00000| Untracked 
|  57|0x0000000744f00000, 0x0000000744f00000, 0x0000000745000000|  0%| F|  |TAMS 0x0000000744f00000, 0x0000000744f00000| Untracked 
|  58|0x0000000745000000, 0x0000000745000000, 0x0000000745100000|  0%| F|  |TAMS 0x0000000745000000, 0x0000000745000000| Untracked 
|  59|0x0000000745100000, 0x0000000745100000, 0x0000000745200000|  0%| F|  |TAMS 0x0000000745100000, 0x0000000745100000| Untracked 
|  60|0x0000000745200000, 0x0000000745200000, 0x0000000745300000|  0%| F|  |TAMS 0x0000000745200000, 0x0000000745200000| Untracked 
|  61|0x0000000745300000, 0x0000000745300000, 0x0000000745400000|  0%| F|  |TAMS 0x0000000745300000, 0x0000000745300000| Untracked 
|  62|0x0000000745400000, 0x0000000745400000, 0x0000000745500000|  0%| F|  |TAMS 0x0000000745400000, 0x0000000745400000| Untracked 
|  63|0x0000000745500000, 0x0000000745500000, 0x0000000745600000|  0%| F|  |TAMS 0x0000000745500000, 0x0000000745500000| Untracked 
|  64|0x0000000745600000, 0x0000000745600000, 0x0000000745700000|  0%| F|  |TAMS 0x0000000745600000, 0x0000000745600000| Untracked 
|  65|0x0000000745700000, 0x0000000745700000, 0x0000000745800000|  0%| F|  |TAMS 0x0000000745700000, 0x0000000745700000| Untracked 
|  66|0x0000000745800000, 0x0000000745800000, 0x0000000745900000|  0%| F|  |TAMS 0x0000000745800000, 0x0000000745800000| Untracked 
|  67|0x0000000745900000, 0x0000000745900000, 0x0000000745a00000|  0%| F|  |TAMS 0x0000000745900000, 0x0000000745900000| Untracked 
|  68|0x0000000745a00000, 0x0000000745a00000, 0x0000000745b00000|  0%| F|  |TAMS 0x0000000745a00000, 0x0000000745a00000| Untracked 
|  69|0x0000000745b00000, 0x0000000745b00000, 0x0000000745c00000|  0%| F|  |TAMS 0x0000000745b00000, 0x0000000745b00000| Untracked 
|  70|0x0000000745c00000, 0x0000000745c00000, 0x0000000745d00000|  0%| F|  |TAMS 0x0000000745c00000, 0x0000000745c00000| Untracked 
|  71|0x0000000745d00000, 0x0000000745d00000, 0x0000000745e00000|  0%| F|  |TAMS 0x0000000745d00000, 0x0000000745d00000| Untracked 
|  72|0x0000000745e00000, 0x0000000745e00000, 0x0000000745f00000|  0%| F|  |TAMS 0x0000000745e00000, 0x0000000745e00000| Untracked 
|  73|0x0000000745f00000, 0x0000000745f00000, 0x0000000746000000|  0%| F|  |TAMS 0x0000000745f00000, 0x0000000745f00000| Untracked 
|  74|0x0000000746000000, 0x0000000746000000, 0x0000000746100000|  0%| F|  |TAMS 0x0000000746000000, 0x0000000746000000| Untracked 
|  75|0x0000000746100000, 0x0000000746100000, 0x0000000746200000|  0%| F|  |TAMS 0x0000000746100000, 0x0000000746100000| Untracked 
|  76|0x0000000746200000, 0x0000000746200000, 0x0000000746300000|  0%| F|  |TAMS 0x0000000746200000, 0x0000000746200000| Untracked 
|  77|0x0000000746300000, 0x0000000746300000, 0x0000000746400000|  0%| F|  |TAMS 0x0000000746300000, 0x0000000746300000| Untracked 
|  78|0x0000000746400000, 0x0000000746400000, 0x0000000746500000|  0%| F|  |TAMS 0x0000000746400000, 0x0000000746400000| Untracked 
|  79|0x0000000746500000, 0x0000000746500000, 0x0000000746600000|  0%| F|  |TAMS 0x0000000746500000, 0x0000000746500000| Untracked 
|  80|0x0000000746600000, 0x0000000746600000, 0x0000000746700000|  0%| F|  |TAMS 0x0000000746600000, 0x0000000746600000| Untracked 
|  81|0x0000000746700000, 0x0000000746700000, 0x0000000746800000|  0%| F|  |TAMS 0x0000000746700000, 0x0000000746700000| Untracked 
|  82|0x0000000746800000, 0x0000000746800000, 0x0000000746900000|  0%| F|  |TAMS 0x0000000746800000, 0x0000000746800000| Untracked 
|  83|0x0000000746900000, 0x0000000746900000, 0x0000000746a00000|  0%| F|  |TAMS 0x0000000746900000, 0x0000000746900000| Untracked 
|  84|0x0000000746a00000, 0x0000000746a00000, 0x0000000746b00000|  0%| F|  |TAMS 0x0000000746a00000, 0x0000000746a00000| Untracked 
|  85|0x0000000746b00000, 0x0000000746b00000, 0x0000000746c00000|  0%| F|  |TAMS 0x0000000746b00000, 0x0000000746b00000| Untracked 
|  86|0x0000000746c00000, 0x0000000746c00000, 0x0000000746d00000|  0%| F|  |TAMS 0x0000000746c00000, 0x0000000746c00000| Untracked 
|  87|0x0000000746d00000, 0x0000000746d00000, 0x0000000746e00000|  0%| F|  |TAMS 0x0000000746d00000, 0x0000000746d00000| Untracked 
|  88|0x0000000746e00000, 0x0000000746e00000, 0x0000000746f00000|  0%| F|  |TAMS 0x0000000746e00000, 0x0000000746e00000| Untracked 
|  89|0x0000000746f00000, 0x0000000746f00000, 0x0000000747000000|  0%| F|  |TAMS 0x0000000746f00000, 0x0000000746f00000| Untracked 
|  90|0x0000000747000000, 0x0000000747000000, 0x0000000747100000|  0%| F|  |TAMS 0x0000000747000000, 0x0000000747000000| Untracked 
|  91|0x0000000747100000, 0x0000000747100000, 0x0000000747200000|  0%| F|  |TAMS 0x0000000747100000, 0x0000000747100000| Untracked 
|  92|0x0000000747200000, 0x0000000747200000, 0x0000000747300000|  0%| F|  |TAMS 0x0000000747200000, 0x0000000747200000| Untracked 
|  93|0x0000000747300000, 0x0000000747300000, 0x0000000747400000|  0%| F|  |TAMS 0x0000000747300000, 0x0000000747300000| Untracked 
|  94|0x0000000747400000, 0x0000000747400000, 0x0000000747500000|  0%| F|  |TAMS 0x0000000747400000, 0x0000000747400000| Untracked 
|  95|0x0000000747500000, 0x0000000747500000, 0x0000000747600000|  0%| F|  |TAMS 0x0000000747500000, 0x0000000747500000| Untracked 
|  96|0x0000000747600000, 0x0000000747600000, 0x0000000747700000|  0%| F|  |TAMS 0x0000000747600000, 0x0000000747600000| Untracked 
|  97|0x0000000747700000, 0x0000000747700000, 0x0000000747800000|  0%| F|  |TAMS 0x0000000747700000, 0x0000000747700000| Untracked 
|  98|0x0000000747800000, 0x0000000747800000, 0x0000000747900000|  0%| F|  |TAMS 0x0000000747800000, 0x0000000747800000| Untracked 
|  99|0x0000000747900000, 0x0000000747900000, 0x0000000747a00000|  0%| F|  |TAMS 0x0000000747900000, 0x0000000747900000| Untracked 
| 100|0x0000000747a00000, 0x0000000747a00000, 0x0000000747b00000|  0%| F|  |TAMS 0x0000000747a00000, 0x0000000747a00000| Untracked 
| 101|0x0000000747b00000, 0x0000000747b00000, 0x0000000747c00000|  0%| F|  |TAMS 0x0000000747b00000, 0x0000000747b00000| Untracked 
| 102|0x0000000747c00000, 0x0000000747c00000, 0x0000000747d00000|  0%| F|  |TAMS 0x0000000747c00000, 0x0000000747c00000| Untracked 
| 103|0x0000000747d00000, 0x0000000747d00000, 0x0000000747e00000|  0%| F|  |TAMS 0x0000000747d00000, 0x0000000747d00000| Untracked 
| 104|0x0000000747e00000, 0x0000000747e00000, 0x0000000747f00000|  0%| F|  |TAMS 0x0000000747e00000, 0x0000000747e00000| Untracked 
| 105|0x0000000747f00000, 0x0000000747f00000, 0x0000000748000000|  0%| F|  |TAMS 0x0000000747f00000, 0x0000000747f00000| Untracked 
| 106|0x0000000748000000, 0x0000000748000000, 0x0000000748100000|  0%| F|  |TAMS 0x0000000748000000, 0x0000000748000000| Untracked 
| 107|0x0000000748100000, 0x0000000748100000, 0x0000000748200000|  0%| F|  |TAMS 0x0000000748100000, 0x0000000748100000| Untracked 
| 108|0x0000000748200000, 0x0000000748200000, 0x0000000748300000|  0%| F|  |TAMS 0x0000000748200000, 0x0000000748200000| Untracked 
| 109|0x0000000748300000, 0x0000000748300000, 0x0000000748400000|  0%| F|  |TAMS 0x0000000748300000, 0x0000000748300000| Untracked 
| 110|0x0000000748400000, 0x0000000748400000, 0x0000000748500000|  0%| F|  |TAMS 0x0000000748400000, 0x0000000748400000| Untracked 
| 111|0x0000000748500000, 0x0000000748500000, 0x0000000748600000|  0%| F|  |TAMS 0x0000000748500000, 0x0000000748500000| Untracked 
| 112|0x0000000748600000, 0x0000000748600000, 0x0000000748700000|  0%| F|  |TAMS 0x0000000748600000, 0x0000000748600000| Untracked 
| 113|0x0000000748700000, 0x0000000748700000, 0x0000000748800000|  0%| F|  |TAMS 0x0000000748700000, 0x0000000748700000| Untracked 
| 114|0x0000000748800000, 0x0000000748800000, 0x0000000748900000|  0%| F|  |TAMS 0x0000000748800000, 0x0000000748800000| Untracked 
| 115|0x0000000748900000, 0x0000000748a00000, 0x0000000748a00000|100%| S|CS|TAMS 0x0000000748900000, 0x0000000748900000| Complete 
| 116|0x0000000748a00000, 0x0000000748b00000, 0x0000000748b00000|100%| S|CS|TAMS 0x0000000748a00000, 0x0000000748a00000| Complete 
| 117|0x0000000748b00000, 0x0000000748c00000, 0x0000000748c00000|100%| S|CS|TAMS 0x0000000748b00000, 0x0000000748b00000| Complete 
| 118|0x0000000748c00000, 0x0000000748d00000, 0x0000000748d00000|100%| S|CS|TAMS 0x0000000748c00000, 0x0000000748c00000| Complete 
| 119|0x0000000748d00000, 0x0000000748e00000, 0x0000000748e00000|100%| S|CS|TAMS 0x0000000748d00000, 0x0000000748d00000| Complete 
| 120|0x0000000748e00000, 0x0000000748f00000, 0x0000000748f00000|100%| S|CS|TAMS 0x0000000748e00000, 0x0000000748e00000| Complete 
| 121|0x0000000748f00000, 0x0000000749000000, 0x0000000749000000|100%| S|CS|TAMS 0x0000000748f00000, 0x0000000748f00000| Complete 
| 122|0x0000000749000000, 0x0000000749100000, 0x0000000749100000|100%| S|CS|TAMS 0x0000000749000000, 0x0000000749000000| Complete 
| 123|0x0000000749100000, 0x0000000749200000, 0x0000000749200000|100%| S|CS|TAMS 0x0000000749100000, 0x0000000749100000| Complete 
| 124|0x0000000749200000, 0x0000000749200000, 0x0000000749300000|  0%| F|  |TAMS 0x0000000749200000, 0x0000000749200000| Untracked 
| 125|0x0000000749300000, 0x0000000749300000, 0x0000000749400000|  0%| F|  |TAMS 0x0000000749300000, 0x0000000749300000| Untracked 
| 126|0x0000000749400000, 0x0000000749400000, 0x0000000749500000|  0%| F|  |TAMS 0x0000000749400000, 0x0000000749400000| Untracked 
| 127|0x0000000749500000, 0x0000000749500000, 0x0000000749600000|  0%| F|  |TAMS 0x0000000749500000, 0x0000000749500000| Untracked 
| 128|0x0000000749600000, 0x0000000749600000, 0x0000000749700000|  0%| F|  |TAMS 0x0000000749600000, 0x0000000749600000| Untracked 
| 129|0x0000000749700000, 0x0000000749700000, 0x0000000749800000|  0%| F|  |TAMS 0x0000000749700000, 0x0000000749700000| Untracked 
| 130|0x0000000749800000, 0x0000000749800000, 0x0000000749900000|  0%| F|  |TAMS 0x0000000749800000, 0x0000000749800000| Untracked 
| 131|0x0000000749900000, 0x0000000749900000, 0x0000000749a00000|  0%| F|  |TAMS 0x0000000749900000, 0x0000000749900000| Untracked 
| 132|0x0000000749a00000, 0x0000000749a00000, 0x0000000749b00000|  0%| F|  |TAMS 0x0000000749a00000, 0x0000000749a00000| Untracked 
| 133|0x0000000749b00000, 0x0000000749b00000, 0x0000000749c00000|  0%| F|  |TAMS 0x0000000749b00000, 0x0000000749b00000| Untracked 
| 134|0x0000000749c00000, 0x0000000749c00000, 0x0000000749d00000|  0%| F|  |TAMS 0x0000000749c00000, 0x0000000749c00000| Untracked 
| 135|0x0000000749d00000, 0x0000000749d00000, 0x0000000749e00000|  0%| F|  |TAMS 0x0000000749d00000, 0x0000000749d00000| Untracked 
| 136|0x0000000749e00000, 0x0000000749e00000, 0x0000000749f00000|  0%| F|  |TAMS 0x0000000749e00000, 0x0000000749e00000| Untracked 
| 137|0x0000000749f00000, 0x0000000749f00000, 0x000000074a000000|  0%| F|  |TAMS 0x0000000749f00000, 0x0000000749f00000| Untracked 
| 138|0x000000074a000000, 0x000000074a000000, 0x000000074a100000|  0%| F|  |TAMS 0x000000074a000000, 0x000000074a000000| Untracked 
| 139|0x000000074a100000, 0x000000074a100000, 0x000000074a200000|  0%| F|  |TAMS 0x000000074a100000, 0x000000074a100000| Untracked 
| 140|0x000000074a200000, 0x000000074a200000, 0x000000074a300000|  0%| F|  |TAMS 0x000000074a200000, 0x000000074a200000| Untracked 
| 141|0x000000074a300000, 0x000000074a300000, 0x000000074a400000|  0%| F|  |TAMS 0x000000074a300000, 0x000000074a300000| Untracked 
| 142|0x000000074a400000, 0x000000074a400000, 0x000000074a500000|  0%| F|  |TAMS 0x000000074a400000, 0x000000074a400000| Untracked 
| 143|0x000000074a500000, 0x000000074a500000, 0x000000074a600000|  0%| F|  |TAMS 0x000000074a500000, 0x000000074a500000| Untracked 
| 144|0x000000074a600000, 0x000000074a600000, 0x000000074a700000|  0%| F|  |TAMS 0x000000074a600000, 0x000000074a600000| Untracked 
| 145|0x000000074a700000, 0x000000074a700000, 0x000000074a800000|  0%| F|  |TAMS 0x000000074a700000, 0x000000074a700000| Untracked 
| 146|0x000000074a800000, 0x000000074a800000, 0x000000074a900000|  0%| F|  |TAMS 0x000000074a800000, 0x000000074a800000| Untracked 
| 147|0x000000074a900000, 0x000000074a900000, 0x000000074aa00000|  0%| F|  |TAMS 0x000000074a900000, 0x000000074a900000| Untracked 
| 148|0x000000074aa00000, 0x000000074aa00000, 0x000000074ab00000|  0%| F|  |TAMS 0x000000074aa00000, 0x000000074aa00000| Untracked 
| 149|0x000000074ab00000, 0x000000074ab00000, 0x000000074ac00000|  0%| F|  |TAMS 0x000000074ab00000, 0x000000074ab00000| Untracked 
| 150|0x000000074ac00000, 0x000000074ac00000, 0x000000074ad00000|  0%| F|  |TAMS 0x000000074ac00000, 0x000000074ac00000| Untracked 
| 151|0x000000074ad00000, 0x000000074ad00000, 0x000000074ae00000|  0%| F|  |TAMS 0x000000074ad00000, 0x000000074ad00000| Untracked 
| 152|0x000000074ae00000, 0x000000074ae00000, 0x000000074af00000|  0%| F|  |TAMS 0x000000074ae00000, 0x000000074ae00000| Untracked 
| 153|0x000000074af00000, 0x000000074af00000, 0x000000074b000000|  0%| F|  |TAMS 0x000000074af00000, 0x000000074af00000| Untracked 
| 154|0x000000074b000000, 0x000000074b000000, 0x000000074b100000|  0%| F|  |TAMS 0x000000074b000000, 0x000000074b000000| Untracked 
| 155|0x000000074b100000, 0x000000074b100000, 0x000000074b200000|  0%| F|  |TAMS 0x000000074b100000, 0x000000074b100000| Untracked 
| 156|0x000000074b200000, 0x000000074b200000, 0x000000074b300000|  0%| F|  |TAMS 0x000000074b200000, 0x000000074b200000| Untracked 
| 157|0x000000074b300000, 0x000000074b300000, 0x000000074b400000|  0%| F|  |TAMS 0x000000074b300000, 0x000000074b300000| Untracked 
| 158|0x000000074b400000, 0x000000074b400000, 0x000000074b500000|  0%| F|  |TAMS 0x000000074b400000, 0x000000074b400000| Untracked 
| 159|0x000000074b500000, 0x000000074b500000, 0x000000074b600000|  0%| F|  |TAMS 0x000000074b500000, 0x000000074b500000| Untracked 
| 160|0x000000074b600000, 0x000000074b600000, 0x000000074b700000|  0%| F|  |TAMS 0x000000074b600000, 0x000000074b600000| Untracked 
| 161|0x000000074b700000, 0x000000074b700000, 0x000000074b800000|  0%| F|  |TAMS 0x000000074b700000, 0x000000074b700000| Untracked 
| 162|0x000000074b800000, 0x000000074b800000, 0x000000074b900000|  0%| F|  |TAMS 0x000000074b800000, 0x000000074b800000| Untracked 
| 163|0x000000074b900000, 0x000000074b900000, 0x000000074ba00000|  0%| F|  |TAMS 0x000000074b900000, 0x000000074b900000| Untracked 
| 164|0x000000074ba00000, 0x000000074ba00000, 0x000000074bb00000|  0%| F|  |TAMS 0x000000074ba00000, 0x000000074ba00000| Untracked 
| 165|0x000000074bb00000, 0x000000074bb00000, 0x000000074bc00000|  0%| F|  |TAMS 0x000000074bb00000, 0x000000074bb00000| Untracked 
| 166|0x000000074bc00000, 0x000000074bc00000, 0x000000074bd00000|  0%| F|  |TAMS 0x000000074bc00000, 0x000000074bc00000| Untracked 
| 167|0x000000074bd00000, 0x000000074bd00000, 0x000000074be00000|  0%| F|  |TAMS 0x000000074bd00000, 0x000000074bd00000| Untracked 
| 168|0x000000074be00000, 0x000000074be00000, 0x000000074bf00000|  0%| F|  |TAMS 0x000000074be00000, 0x000000074be00000| Untracked 
| 169|0x000000074bf00000, 0x000000074bf00000, 0x000000074c000000|  0%| F|  |TAMS 0x000000074bf00000, 0x000000074bf00000| Untracked 
| 170|0x000000074c000000, 0x000000074c000000, 0x000000074c100000|  0%| F|  |TAMS 0x000000074c000000, 0x000000074c000000| Untracked 
| 171|0x000000074c100000, 0x000000074c100000, 0x000000074c200000|  0%| F|  |TAMS 0x000000074c100000, 0x000000074c100000| Untracked 
| 172|0x000000074c200000, 0x000000074c200000, 0x000000074c300000|  0%| F|  |TAMS 0x000000074c200000, 0x000000074c200000| Untracked 
| 173|0x000000074c300000, 0x000000074c300000, 0x000000074c400000|  0%| F|  |TAMS 0x000000074c300000, 0x000000074c300000| Untracked 
| 174|0x000000074c400000, 0x000000074c400000, 0x000000074c500000|  0%| F|  |TAMS 0x000000074c400000, 0x000000074c400000| Untracked 
| 175|0x000000074c500000, 0x000000074c500000, 0x000000074c600000|  0%| F|  |TAMS 0x000000074c500000, 0x000000074c500000| Untracked 
| 176|0x000000074c600000, 0x000000074c600000, 0x000000074c700000|  0%| F|  |TAMS 0x000000074c600000, 0x000000074c600000| Untracked 
| 177|0x000000074c700000, 0x000000074c700000, 0x000000074c800000|  0%| F|  |TAMS 0x000000074c700000, 0x000000074c700000| Untracked 
| 178|0x000000074c800000, 0x000000074c800000, 0x000000074c900000|  0%| F|  |TAMS 0x000000074c800000, 0x000000074c800000| Untracked 
| 179|0x000000074c900000, 0x000000074c900000, 0x000000074ca00000|  0%| F|  |TAMS 0x000000074c900000, 0x000000074c900000| Untracked 
| 180|0x000000074ca00000, 0x000000074ca00000, 0x000000074cb00000|  0%| F|  |TAMS 0x000000074ca00000, 0x000000074ca00000| Untracked 
| 181|0x000000074cb00000, 0x000000074cb00000, 0x000000074cc00000|  0%| F|  |TAMS 0x000000074cb00000, 0x000000074cb00000| Untracked 
| 182|0x000000074cc00000, 0x000000074cc00000, 0x000000074cd00000|  0%| F|  |TAMS 0x000000074cc00000, 0x000000074cc00000| Untracked 
| 183|0x000000074cd00000, 0x000000074cd00000, 0x000000074ce00000|  0%| F|  |TAMS 0x000000074cd00000, 0x000000074cd00000| Untracked 
| 184|0x000000074ce00000, 0x000000074ce00000, 0x000000074cf00000|  0%| F|  |TAMS 0x000000074ce00000, 0x000000074ce00000| Untracked 
| 185|0x000000074cf00000, 0x000000074cf00000, 0x000000074d000000|  0%| F|  |TAMS 0x000000074cf00000, 0x000000074cf00000| Untracked 
| 186|0x000000074d000000, 0x000000074d000000, 0x000000074d100000|  0%| F|  |TAMS 0x000000074d000000, 0x000000074d000000| Untracked 
| 187|0x000000074d100000, 0x000000074d100000, 0x000000074d200000|  0%| F|  |TAMS 0x000000074d100000, 0x000000074d100000| Untracked 
| 188|0x000000074d200000, 0x000000074d200000, 0x000000074d300000|  0%| F|  |TAMS 0x000000074d200000, 0x000000074d200000| Untracked 
| 189|0x000000074d300000, 0x000000074d300000, 0x000000074d400000|  0%| F|  |TAMS 0x000000074d300000, 0x000000074d300000| Untracked 
| 190|0x000000074d400000, 0x000000074d400000, 0x000000074d500000|  0%| F|  |TAMS 0x000000074d400000, 0x000000074d400000| Untracked 
| 191|0x000000074d500000, 0x000000074d500000, 0x000000074d600000|  0%| F|  |TAMS 0x000000074d500000, 0x000000074d500000| Untracked 
| 192|0x000000074d600000, 0x000000074d600000, 0x000000074d700000|  0%| F|  |TAMS 0x000000074d600000, 0x000000074d600000| Untracked 
| 193|0x000000074d700000, 0x000000074d700000, 0x000000074d800000|  0%| F|  |TAMS 0x000000074d700000, 0x000000074d700000| Untracked 
| 194|0x000000074d800000, 0x000000074d800000, 0x000000074d900000|  0%| F|  |TAMS 0x000000074d800000, 0x000000074d800000| Untracked 
| 195|0x000000074d900000, 0x000000074d900000, 0x000000074da00000|  0%| F|  |TAMS 0x000000074d900000, 0x000000074d900000| Untracked 
| 196|0x000000074da00000, 0x000000074da00000, 0x000000074db00000|  0%| F|  |TAMS 0x000000074da00000, 0x000000074da00000| Untracked 
| 197|0x000000074db00000, 0x000000074db00000, 0x000000074dc00000|  0%| F|  |TAMS 0x000000074db00000, 0x000000074db00000| Untracked 
| 198|0x000000074dc00000, 0x000000074dc00000, 0x000000074dd00000|  0%| F|  |TAMS 0x000000074dc00000, 0x000000074dc00000| Untracked 
| 199|0x000000074dd00000, 0x000000074dd00000, 0x000000074de00000|  0%| F|  |TAMS 0x000000074dd00000, 0x000000074dd00000| Untracked 
| 200|0x000000074de00000, 0x000000074de00000, 0x000000074df00000|  0%| F|  |TAMS 0x000000074de00000, 0x000000074de00000| Untracked 
| 201|0x000000074df00000, 0x000000074df00000, 0x000000074e000000|  0%| F|  |TAMS 0x000000074df00000, 0x000000074df00000| Untracked 
| 202|0x000000074e000000, 0x000000074e000000, 0x000000074e100000|  0%| F|  |TAMS 0x000000074e000000, 0x000000074e000000| Untracked 
| 203|0x000000074e100000, 0x000000074e100000, 0x000000074e200000|  0%| F|  |TAMS 0x000000074e100000, 0x000000074e100000| Untracked 
| 204|0x000000074e200000, 0x000000074e200000, 0x000000074e300000|  0%| F|  |TAMS 0x000000074e200000, 0x000000074e200000| Untracked 
| 205|0x000000074e300000, 0x000000074e300000, 0x000000074e400000|  0%| F|  |TAMS 0x000000074e300000, 0x000000074e300000| Untracked 
| 206|0x000000074e400000, 0x000000074e400000, 0x000000074e500000|  0%| F|  |TAMS 0x000000074e400000, 0x000000074e400000| Untracked 
| 207|0x000000074e500000, 0x000000074e500000, 0x000000074e600000|  0%| F|  |TAMS 0x000000074e500000, 0x000000074e500000| Untracked 
| 208|0x000000074e600000, 0x000000074e600000, 0x000000074e700000|  0%| F|  |TAMS 0x000000074e600000, 0x000000074e600000| Untracked 
| 209|0x000000074e700000, 0x000000074e700000, 0x000000074e800000|  0%| F|  |TAMS 0x000000074e700000, 0x000000074e700000| Untracked 
| 210|0x000000074e800000, 0x000000074e800000, 0x000000074e900000|  0%| F|  |TAMS 0x000000074e800000, 0x000000074e800000| Untracked 
| 211|0x000000074e900000, 0x000000074e900000, 0x000000074ea00000|  0%| F|  |TAMS 0x000000074e900000, 0x000000074e900000| Untracked 
| 212|0x000000074ea00000, 0x000000074ea00000, 0x000000074eb00000|  0%| F|  |TAMS 0x000000074ea00000, 0x000000074ea00000| Untracked 
| 213|0x000000074eb00000, 0x000000074eb00000, 0x000000074ec00000|  0%| F|  |TAMS 0x000000074eb00000, 0x000000074eb00000| Untracked 
| 214|0x000000074ec00000, 0x000000074ec00000, 0x000000074ed00000|  0%| F|  |TAMS 0x000000074ec00000, 0x000000074ec00000| Untracked 
| 215|0x000000074ed00000, 0x000000074ed00000, 0x000000074ee00000|  0%| F|  |TAMS 0x000000074ed00000, 0x000000074ed00000| Untracked 
| 216|0x000000074ee00000, 0x000000074ee00000, 0x000000074ef00000|  0%| F|  |TAMS 0x000000074ee00000, 0x000000074ee00000| Untracked 
| 217|0x000000074ef00000, 0x000000074ef00000, 0x000000074f000000|  0%| F|  |TAMS 0x000000074ef00000, 0x000000074ef00000| Untracked 
| 218|0x000000074f000000, 0x000000074f000000, 0x000000074f100000|  0%| F|  |TAMS 0x000000074f000000, 0x000000074f000000| Untracked 
| 219|0x000000074f100000, 0x000000074f100000, 0x000000074f200000|  0%| F|  |TAMS 0x000000074f100000, 0x000000074f100000| Untracked 
| 220|0x000000074f200000, 0x000000074f200000, 0x000000074f300000|  0%| F|  |TAMS 0x000000074f200000, 0x000000074f200000| Untracked 
| 221|0x000000074f300000, 0x000000074f300000, 0x000000074f400000|  0%| F|  |TAMS 0x000000074f300000, 0x000000074f300000| Untracked 
| 222|0x000000074f400000, 0x000000074f400000, 0x000000074f500000|  0%| F|  |TAMS 0x000000074f400000, 0x000000074f400000| Untracked 
| 223|0x000000074f500000, 0x000000074f500000, 0x000000074f600000|  0%| F|  |TAMS 0x000000074f500000, 0x000000074f500000| Untracked 
| 224|0x000000074f600000, 0x000000074f600000, 0x000000074f700000|  0%| F|  |TAMS 0x000000074f600000, 0x000000074f600000| Untracked 
| 225|0x000000074f700000, 0x000000074f700000, 0x000000074f800000|  0%| F|  |TAMS 0x000000074f700000, 0x000000074f700000| Untracked 
| 226|0x000000074f800000, 0x000000074f800000, 0x000000074f900000|  0%| F|  |TAMS 0x000000074f800000, 0x000000074f800000| Untracked 
| 227|0x000000074f900000, 0x000000074f900000, 0x000000074fa00000|  0%| F|  |TAMS 0x000000074f900000, 0x000000074f900000| Untracked 
| 228|0x000000074fa00000, 0x000000074fa00000, 0x000000074fb00000|  0%| F|  |TAMS 0x000000074fa00000, 0x000000074fa00000| Untracked 
| 229|0x000000074fb00000, 0x000000074fc00000, 0x000000074fc00000|100%| E|  |TAMS 0x000000074fb00000, 0x000000074fb00000| Complete 
| 230|0x000000074fc00000, 0x000000074fd00000, 0x000000074fd00000|100%| E|CS|TAMS 0x000000074fc00000, 0x000000074fc00000| Complete 

Card table byte_map: [0x000001fb94b70000,0x000001fb95170000] _byte_map_base: 0x000001fb91165000

Marking Bits (Prev, Next): (CMBitMap*) 0x000001fb8147eb18, (CMBitMap*) 0x000001fb8147eb50
 Prev Bits: [0x000001fb95770000, 0x000001fb98718000)
 Next Bits: [0x000001fb98720000, 0x000001fb9b6c8000)

Polling page: 0x000001fb81510000

Metaspace:

Usage:
  Non-class:     42.32 MB capacity,    41.92 MB (>99%) used,   347.78 KB ( <1%) free+waste,    69.94 KB ( <1%) overhead. 
      Class:      5.79 MB capacity,     5.56 MB ( 96%) used,   197.64 KB (  3%) free+waste,    29.50 KB ( <1%) overhead. 
       Both:     48.11 MB capacity,    47.48 MB ( 99%) used,   545.42 KB (  1%) free+waste,    99.44 KB ( <1%) overhead. 

Virtual space:
  Non-class space:       44.00 MB reserved,      42.41 MB ( 96%) committed 
      Class space:        1.00 GB reserved,       5.87 MB ( <1%) committed 
             Both:        1.04 GB reserved,      48.28 MB (  5%) committed 

Chunk freelists:
   Non-Class:  20.00 KB
       Class:  0 bytes
        Both:  20.00 KB

MaxMetaspaceSize: 17179869184.00 GB
CompressedClassSpaceSize: 1.00 GB

CodeHeap 'non-profiled nmethods': size=120064Kb used=1510Kb max_used=1510Kb free=118553Kb
 bounds [0x000001fb8ca00000, 0x000001fb8cc70000, 0x000001fb93f40000]
CodeHeap 'profiled nmethods': size=120000Kb used=7947Kb max_used=7947Kb free=112053Kb
 bounds [0x000001fb854d0000, 0x000001fb85ca0000, 0x000001fb8ca00000]
CodeHeap 'non-nmethods': size=5696Kb used=1202Kb max_used=1263Kb free=4493Kb
 bounds [0x000001fb84f40000, 0x000001fb851b0000, 0x000001fb854d0000]
 total_blobs=4291 nmethods=3742 adapters=459
 compilation: enabled
              stopped_count=0, restarted_count=0
 full_count=0

Compilation events (20 events):
Event: 5.694 Thread 0x000001fb9e608800 3744       3       org.jetbrains.kotlin.load.java.SpecialGenericSignatures::access$getERASED_VALUE_PARAMETERS_SHORT_NAMES$cp (4 bytes)
Event: 5.694 Thread 0x000001fb9e608800 nmethod 3744 0x000001fb85c8f990 code [0x000001fb85c8fb40, 0x000001fb85c8fc38]
Event: 5.694 Thread 0x000001fb9e608800 3747       3       org.jetbrains.kotlin.descriptors.impl.VariableDescriptorImpl::getType (13 bytes)
Event: 5.694 Thread 0x000001fb9e608800 nmethod 3747 0x000001fb8cb74210 code [0x000001fb8cb743c0, 0x000001fb8cb74548]
Event: 5.694 Thread 0x000001fb9e608800 3745       1       org.jetbrains.kotlin.load.java.lazy.JavaResolverComponents::getSettings (5 bytes)
Event: 5.695 Thread 0x000001fb9e608800 nmethod 3745 0x000001fb8cb74610 code [0x000001fb8cb747c0, 0x000001fb8cb74878]
Event: 5.695 Thread 0x000001fb9e608800 3746       1       org.jetbrains.kotlin.descriptors.impl.ValueParameterDescriptorImpl::getVarargElementType (5 bytes)
Event: 5.695 Thread 0x000001fb9e608800 nmethod 3746 0x000001fb8cb74910 code [0x000001fb8cb74ac0, 0x000001fb8cb74b78]
Event: 5.695 Thread 0x000001fb9e608800 3748       3       org.jetbrains.kotlin.descriptors.impl.DeclarationDescriptorNonRootImpl::<init> (51 bytes)
Event: 5.695 Thread 0x000001fb9e608800 nmethod 3748 0x000001fb8cb74c10 code [0x000001fb8cb74e60, 0x000001fb8cb75568]
Event: 5.696 Thread 0x000001fb9e608800 3749       3       java.util.ArrayList::contains (14 bytes)
Event: 5.696 Thread 0x000001fb9e608800 nmethod 3749 0x000001fb8cb75790 code [0x000001fb8cb75960, 0x000001fb8cb75c68]
Event: 5.696 Thread 0x000001fb9e608800 3750       3       java.util.ArrayList::indexOf (11 bytes)
Event: 5.696 Thread 0x000001fb9e608800 nmethod 3750 0x000001fb8cb75d10 code [0x000001fb8cb75ec0, 0x000001fb8cb76088]
Event: 5.696 Thread 0x000001fb9e608800 3751       1       org.jetbrains.kotlin.descriptors.impl.FunctionDescriptorImpl::isHiddenToOvercomeSignatureClash (5 bytes)
Event: 5.696 Thread 0x000001fb9e608800 nmethod 3751 0x000001fb8cb76110 code [0x000001fb8cb762c0, 0x000001fb8cb76378]
Event: 5.697 Thread 0x000001fb9e608800 3752       3       org.jetbrains.kotlin.utils.WrappedValues::unescapeThrowable (44 bytes)
Event: 5.698 Thread 0x000001fb9e608800 nmethod 3752 0x000001fb85c8fd10 code [0x000001fb85c8ff20, 0x000001fb85c904b8]
Event: 5.700 Thread 0x000001fb9e608800 3753       1       org.jetbrains.kotlin.types.checker.NewKotlinTypeCheckerImpl::getOverridingUtil (5 bytes)
Event: 5.700 Thread 0x000001fb9e608800 nmethod 3753 0x000001fb8cb76410 code [0x000001fb8cb765c0, 0x000001fb8cb76678]

GC Heap History (10 events):
Event: 0.578 GC heap before
{Heap before GC invocations=0 (full 0):
 garbage-first heap   total 196608K, used 17408K [0x0000000741600000, 0x0000000800000000)
  region size 1024K, 14 young (14336K), 0 survivors (0K)
 Metaspace       used 9769K, capacity 9871K, committed 10112K, reserved 1058816K
  class space    used 828K, capacity 884K, committed 896K, reserved 1048576K
}
Event: 0.582 GC heap after
{Heap after GC invocations=1 (full 0):
 garbage-first heap   total 196608K, used 5148K [0x0000000741600000, 0x0000000800000000)
  region size 1024K, 2 young (2048K), 2 survivors (2048K)
 Metaspace       used 9769K, capacity 9871K, committed 10112K, reserved 1058816K
  class space    used 828K, capacity 884K, committed 896K, reserved 1048576K
}
Event: 1.805 GC heap before
{Heap before GC invocations=1 (full 0):
 garbage-first heap   total 196608K, used 52252K [0x0000000741600000, 0x0000000800000000)
  region size 1024K, 49 young (50176K), 2 survivors (2048K)
 Metaspace       used 20976K, capacity 21191K, committed 21248K, reserved 1069056K
  class space    used 2225K, capacity 2291K, committed 2304K, reserved 1048576K
}
Event: 1.821 GC heap after
{Heap after GC invocations=2 (full 0):
 garbage-first heap   total 196608K, used 9472K [0x0000000741600000, 0x0000000800000000)
  region size 1024K, 7 young (7168K), 7 survivors (7168K)
 Metaspace       used 20976K, capacity 21191K, committed 21248K, reserved 1069056K
  class space    used 2225K, capacity 2291K, committed 2304K, reserved 1048576K
}
Event: 3.135 GC heap before
{Heap before GC invocations=3 (full 0):
 garbage-first heap   total 196608K, used 72960K [0x0000000741600000, 0x0000000800000000)
  region size 1024K, 57 young (58368K), 7 survivors (7168K)
 Metaspace       used 30850K, capacity 31274K, committed 31612K, reserved 1077248K
  class space    used 3663K, capacity 3835K, committed 3964K, reserved 1048576K
}
Event: 3.156 GC heap after
{Heap after GC invocations=4 (full 0):
 garbage-first heap   total 196608K, used 24528K [0x0000000741600000, 0x0000000800000000)
  region size 1024K, 7 young (7168K), 7 survivors (7168K)
 Metaspace       used 30850K, capacity 31274K, committed 31612K, reserved 1077248K
  class space    used 3663K, capacity 3835K, committed 3964K, reserved 1048576K
}
Event: 3.740 GC heap before
{Heap before GC invocations=4 (full 0):
 garbage-first heap   total 196608K, used 48080K [0x0000000741600000, 0x0000000800000000)
  region size 1024K, 31 young (31744K), 7 survivors (7168K)
 Metaspace       used 35335K, capacity 35750K, committed 35964K, reserved 1081344K
  class space    used 4147K, capacity 4324K, committed 4476K, reserved 1048576K
}
Event: 3.752 GC heap after
{Heap after GC invocations=5 (full 0):
 garbage-first heap   total 196608K, used 24984K [0x0000000741600000, 0x0000000800000000)
  region size 1024K, 3 young (3072K), 3 survivors (3072K)
 Metaspace       used 35335K, capacity 35750K, committed 35964K, reserved 1081344K
  class space    used 4147K, capacity 4324K, committed 4476K, reserved 1048576K
}
Event: 5.644 GC heap before
{Heap before GC invocations=6 (full 0):
 garbage-first heap   total 196608K, used 93592K [0x0000000741600000, 0x0000000800000000)
  region size 1024K, 68 young (69632K), 3 survivors (3072K)
 Metaspace       used 48377K, capacity 48982K, committed 49180K, reserved 1093632K
  class space    used 5672K, capacity 5914K, committed 6012K, reserved 1048576K
}
Event: 5.667 GC heap after
{Heap after GC invocations=7 (full 0):
 garbage-first heap   total 236544K, used 34069K [0x0000000741600000, 0x0000000800000000)
  region size 1024K, 9 young (9216K), 9 survivors (9216K)
 Metaspace       used 48377K, capacity 48982K, committed 49180K, reserved 1093632K
  class space    used 5672K, capacity 5914K, committed 6012K, reserved 1048576K
}

Deoptimization events (20 events):
Event: 4.944 Thread 0x000001fb8142b800 Uncommon trap: trap_request=0xffffffc6 fr.pc=0x000001fb8cae1fa4 relative=0x00000000000005a4
Event: 4.944 Thread 0x000001fb8142b800 Uncommon trap: reason=bimorphic_or_optimized_type_check action=maybe_recompile pc=0x000001fb8cae1fa4 method=org.jetbrains.kotlin.protobuf.CodedInputStream.tryRefillBuffer(I)Z @ 177 c2
Event: 4.945 Thread 0x000001fb8142b800 DEOPT PACKING pc=0x000001fb8cae1fa4 sp=0x00000048db6f81a0
Event: 4.945 Thread 0x000001fb8142b800 DEOPT UNPACKING pc=0x000001fb84f67b2f sp=0x00000048db6f8088 mode 2
Event: 4.955 Thread 0x000001fb8142b800 DEOPT PACKING pc=0x000001fb85a543ff sp=0x00000048db6f8300
Event: 4.955 Thread 0x000001fb8142b800 DEOPT UNPACKING pc=0x000001fb84f6794e sp=0x00000048db6f7750 mode 0
Event: 4.975 Thread 0x000001fb8142b800 DEOPT PACKING pc=0x000001fb858ce9a4 sp=0x00000048db6f7cf0
Event: 4.975 Thread 0x000001fb8142b800 DEOPT UNPACKING pc=0x000001fb84f6794e sp=0x00000048db6f7290 mode 0
Event: 4.984 Thread 0x000001fb8142b800 Uncommon trap: trap_request=0xffffffc6 fr.pc=0x000001fb8cae1fa4 relative=0x00000000000005a4
Event: 4.984 Thread 0x000001fb8142b800 Uncommon trap: reason=bimorphic_or_optimized_type_check action=maybe_recompile pc=0x000001fb8cae1fa4 method=org.jetbrains.kotlin.protobuf.CodedInputStream.tryRefillBuffer(I)Z @ 177 c2
Event: 4.984 Thread 0x000001fb8142b800 DEOPT PACKING pc=0x000001fb8cae1fa4 sp=0x00000048db6f86b0
Event: 4.984 Thread 0x000001fb8142b800 DEOPT UNPACKING pc=0x000001fb84f67b2f sp=0x00000048db6f8598 mode 2
Event: 4.987 Thread 0x000001fb8142b800 Uncommon trap: trap_request=0xffffffc6 fr.pc=0x000001fb8cae4a18 relative=0x00000000000002b8
Event: 4.987 Thread 0x000001fb8142b800 Uncommon trap: reason=bimorphic_or_optimized_type_check action=maybe_recompile pc=0x000001fb8cae4a18 method=org.jetbrains.kotlin.protobuf.CodedInputStream.tryRefillBuffer(I)Z @ 177 c2
Event: 4.987 Thread 0x000001fb8142b800 DEOPT PACKING pc=0x000001fb8cae4a18 sp=0x00000048db6f8660
Event: 4.987 Thread 0x000001fb8142b800 DEOPT UNPACKING pc=0x000001fb84f67b2f sp=0x00000048db6f8598 mode 2
Event: 5.214 Thread 0x000001fb8142b800 DEOPT PACKING pc=0x000001fb85a543ff sp=0x00000048db6f9d80
Event: 5.214 Thread 0x000001fb8142b800 DEOPT UNPACKING pc=0x000001fb84f6794e sp=0x00000048db6f91d0 mode 0
Event: 5.265 Thread 0x000001fb8142b800 DEOPT PACKING pc=0x000001fb858119db sp=0x00000048db6fa810
Event: 5.265 Thread 0x000001fb8142b800 DEOPT UNPACKING pc=0x000001fb84f6794e sp=0x00000048db6f9c88 mode 0

Classes redefined (0 events):
No events

Internal exceptions (20 events):
Event: 1.728 Thread 0x000001fb8142b800 Exception <a 'java/lang/NoSuchMethodError'{0x000000074a9328f8}: 'long java.lang.invoke.DirectMethodHandle$Holder.invokeStaticInit(java.lang.Object)'> (0x000000074a9328f8) thrown at [./src/hotspot/share/interpreter/linkResolver.cpp, line 773]
Event: 1.790 Thread 0x000001fb8142b800 Exception <a 'java/lang/NoSuchMethodError'{0x000000074a69b7c8}: 'int java.lang.invoke.DirectMethodHandle$Holder.invokeStaticInit(java.lang.Object, java.lang.Object, java.lang.Object)'> (0x000000074a69b7c8) thrown at [./src/hotspot/share/interpreter/linkResolver.cpp, line 773]
Event: 1.795 Thread 0x000001fb8142b800 Exception <a 'java/lang/NoSuchMethodError'{0x000000074a6c6e88}: 'int java.lang.invoke.DirectMethodHandle$Holder.invokeStaticInit(java.lang.Object, java.lang.Object)'> (0x000000074a6c6e88) thrown at [./src/hotspot/share/interpreter/linkResolver.cpp, line 773]
Event: 2.119 Thread 0x000001fb8142b800 Exception <a 'java/lang/NoSuchMethodError'{0x000000074cc42c50}: 'java.lang.Object java.lang.invoke.DirectMethodHandle$Holder.invokeStatic(java.lang.Object, java.lang.Object, java.lang.Object, java.lang.Object, java.lang.Object, java.lang.Object, java.lang.Object, java.lang.Object, java.lang.Object, java.lang.Object, java.lang.Object, java.lang.Object, java.lang.Object, java.lang.Object, java.lang.Object)'> (0x000000074cc42c50) thrown at [./src/hotspot/share/interpreter/linkResolver.cpp, line 773]
Event: 2.121 Thread 0x000001fb8142b800 Exception <a 'java/lang/NoSuchMethodError'{0x000000074cc50c58}: 'java.lang.Object java.lang.invoke.DirectMethodHandle$Holder.invokeStatic(java.lang.Object, java.lang.Object, java.lang.Object, java.lang.Object, java.lang.Object, java.lang.Object, java.lang.Object, java.lang.Object, java.lang.Object, java.lang.Object, java.lang.Object, java.lang.Object, java.lang.Object, java.lang.Object, java.lang.Object, java.lang.Object)'> (0x000000074cc50c58) thrown at [./src/hotspot/share/interpreter/linkResolver.cpp, l
Event: 2.123 Thread 0x000001fb8142b800 Exception <a 'java/lang/NoSuchMethodError'{0x000000074cc5eb70}: 'java.lang.Object java.lang.invoke.DirectMethodHandle$Holder.invokeSpecial(java.lang.Object, java.lang.Object, int, int, java.lang.Object, java.lang.Object, java.lang.Object)'> (0x000000074cc5eb70) thrown at [./src/hotspot/share/interpreter/linkResolver.cpp, line 773]
Event: 2.124 Thread 0x000001fb8142b800 Exception <a 'java/lang/NoSuchMethodError'{0x000000074cc623a8}: 'java.lang.Object java.lang.invoke.DelegatingMethodHandle$Holder.reinvoke_L(java.lang.Object, int, int, java.lang.Object, java.lang.Object, java.lang.Object)'> (0x000000074cc623a8) thrown at [./src/hotspot/share/interpreter/linkResolver.cpp, line 773]
Event: 2.125 Thread 0x000001fb8142b800 Exception <a 'java/lang/NoSuchMethodError'{0x000000074cc66730}: 'java.lang.Object java.lang.invoke.DirectMethodHandle$Holder.invokeStatic(java.lang.Object, java.lang.Object, java.lang.Object, java.lang.Object, int)'> (0x000000074cc66730) thrown at [./src/hotspot/share/interpreter/linkResolver.cpp, line 773]
Event: 2.181 Thread 0x000001fb8142b800 Implicit null exception at 0x000001fb8ca8832c to 0x000001fb8ca884da
Event: 2.219 Thread 0x000001fb8142b800 Exception <a 'java/lang/NoSuchMethodError'{0x000000074c7e3600}: 'void java.lang.invoke.DirectMethodHandle$Holder.invokeStatic(java.lang.Object, java.lang.Object, java.lang.Object, java.lang.Object)'> (0x000000074c7e3600) thrown at [./src/hotspot/share/interpreter/linkResolver.cpp, line 773]
Event: 2.246 Thread 0x000001fb8142b800 Exception <a 'java/lang/NoSuchMethodError'{0x000000074c5321d0}: 'void java.lang.invoke.DirectMethodHandle$Holder.invokeSpecial(java.lang.Object, java.lang.Object)'> (0x000000074c5321d0) thrown at [./src/hotspot/share/interpreter/linkResolver.cpp, line 773]
Event: 2.291 Thread 0x000001fb8142b800 Exception <a 'java/lang/NoSuchMethodError'{0x000000074c3d50f8}: 'void java.lang.invoke.DirectMethodHandle$Holder.invokeStaticInit(java.lang.Object, java.lang.Object)'> (0x000000074c3d50f8) thrown at [./src/hotspot/share/interpreter/linkResolver.cpp, line 773]
Event: 2.303 Thread 0x000001fb8142b800 Exception <a 'java/lang/NoSuchMethodError'{0x000000074c214158}: 'void java.lang.invoke.DirectMethodHandle$Holder.invokeInterface(java.lang.Object, java.lang.Object)'> (0x000000074c214158) thrown at [./src/hotspot/share/interpreter/linkResolver.cpp, line 773]
Event: 2.427 Thread 0x000001fb8142b800 Exception <a 'java/lang/NoSuchMethodError'{0x000000074bec1278}: 'void java.lang.invoke.DirectMethodHandle$Holder.invokeVirtual(java.lang.Object, java.lang.Object)'> (0x000000074bec1278) thrown at [./src/hotspot/share/interpreter/linkResolver.cpp, line 773]
Event: 2.441 Thread 0x000001fb8142b800 Exception <a 'java/lang/NoSuchMethodError'{0x000000074bd37ca8}: 'int java.lang.invoke.DirectMethodHandle$Holder.invokeVirtual(java.lang.Object, java.lang.Object)'> (0x000000074bd37ca8) thrown at [./src/hotspot/share/interpreter/linkResolver.cpp, line 773]
Event: 3.434 Thread 0x000001fb8142b800 Exception <a 'java/lang/NoSuchMethodError'{0x000000074cb4e858}: 'java.lang.Object java.lang.invoke.DirectMethodHandle$Holder.invokeVirtual(java.lang.Object, java.lang.Object, java.lang.Object)'> (0x000000074cb4e858) thrown at [./src/hotspot/share/interpreter/linkResolver.cpp, line 773]
Event: 4.387 Thread 0x000001fb8142b800 Exception <a 'java/lang/NoSuchMethodError'{0x000000074b785e40}: 'java.lang.Object java.lang.invoke.Invokers$Holder.linkToTargetMethod(java.lang.Object, int, java.lang.Object)'> (0x000000074b785e40) thrown at [./src/hotspot/share/interpreter/linkResolver.cpp, line 773]
Event: 4.506 Thread 0x000001fb8142b800 Exception <a 'java/lang/NoSuchMethodError'{0x000000074b4c2ea0}: 'java.lang.Object java.lang.invoke.DirectMethodHandle$Holder.invokeStatic(java.lang.Object, java.lang.Object, java.lang.Object, int)'> (0x000000074b4c2ea0) thrown at [./src/hotspot/share/interpreter/linkResolver.cpp, line 773]
Event: 4.507 Thread 0x000001fb8142b800 Exception <a 'java/lang/NoSuchMethodError'{0x000000074b4c6b10}: 'java.lang.Object java.lang.invoke.DirectMethodHandle$Holder.invokeSpecial(java.lang.Object, java.lang.Object, java.lang.Object, java.lang.Object, int)'> (0x000000074b4c6b10) thrown at [./src/hotspot/share/interpreter/linkResolver.cpp, line 773]
Event: 4.507 Thread 0x000001fb8142b800 Exception <a 'java/lang/NoSuchMethodError'{0x000000074b4c9e20}: 'java.lang.Object java.lang.invoke.Invokers$Holder.linkToTargetMethod(java.lang.Object, java.lang.Object, int, java.lang.Object)'> (0x000000074b4c9e20) thrown at [./src/hotspot/share/interpreter/linkResolver.cpp, line 773]

Events (20 events):
Event: 5.566 loading class org/jetbrains/kotlin/serialization/deserialization/descriptors/DeserializedMemberScope$OptimizedImplementation$computeDescriptors$1$1
Event: 5.566 loading class org/jetbrains/kotlin/serialization/deserialization/descriptors/DeserializedMemberScope$OptimizedImplementation$computeDescriptors$1$1 done
Event: 5.567 loading class org/jetbrains/kotlin/serialization/deserialization/descriptors/DeserializedSimpleFunctionDescriptor
Event: 5.567 loading class org/jetbrains/kotlin/serialization/deserialization/descriptors/DeserializedSimpleFunctionDescriptor done
Event: 5.571 loading class org/jetbrains/kotlin/builtins/jvm/JvmBuiltInsCustomizer$getFunctions$2
Event: 5.571 loading class org/jetbrains/kotlin/builtins/jvm/JvmBuiltInsCustomizer$getFunctions$2 done
Event: 5.572 loading class org/jetbrains/kotlin/serialization/deserialization/descriptors/DeserializedClassDescriptor$DeserializedClassMemberScope$generateFakeOverrides$1
Event: 5.572 loading class org/jetbrains/kotlin/serialization/deserialization/descriptors/DeserializedClassDescriptor$DeserializedClassMemberScope$generateFakeOverrides$1 done
Event: 5.574 loading class org/jetbrains/kotlin/resolve/OverridingUtil$3
Event: 5.574 loading class org/jetbrains/kotlin/resolve/OverridingUtil$3 done
Event: 5.574 loading class org/jetbrains/kotlin/resolve/VisibilityUtilKt
Event: 5.574 loading class org/jetbrains/kotlin/resolve/VisibilityUtilKt done
Event: 5.579 loading class org/jetbrains/kotlin/resolve/OverridingUtil$6
Event: 5.579 loading class org/jetbrains/kotlin/resolve/OverridingUtil$6 done
Event: 5.579 loading class org/jetbrains/kotlin/resolve/OverridingUtil$7
Event: 5.579 loading class org/jetbrains/kotlin/resolve/OverridingUtil$7 done
Event: 5.644 Executing VM operation: G1CollectForAllocation
Event: 5.667 Executing VM operation: G1CollectForAllocation done
Event: 5.699 loading class org/jetbrains/kotlin/load/kotlin/JvmTypeFactoryImpl$WhenMappings
Event: 5.699 loading class org/jetbrains/kotlin/load/kotlin/JvmTypeFactoryImpl$WhenMappings done


Dynamic libraries:
0x00007ff6a1040000 - 0x00007ff6a104a000 	C:\Program Files\Android\Android Studio4\jre\bin\java.exe
0x00007ffa1be90000 - 0x00007ffa1c085000 	C:\WINDOWS\SYSTEM32\ntdll.dll
0x00007ffa1bc40000 - 0x00007ffa1bcfe000 	C:\WINDOWS\System32\KERNEL32.DLL
0x00007ffa198b0000 - 0x00007ffa19b78000 	C:\WINDOWS\System32\KERNELBASE.dll
0x00007ffa19660000 - 0x00007ffa19760000 	C:\WINDOWS\System32\ucrtbase.dll
0x00007ff9f4b40000 - 0x00007ff9f4b59000 	C:\Program Files\Android\Android Studio4\jre\bin\jli.dll
0x00007ff9f4b20000 - 0x00007ff9f4b37000 	C:\Program Files\Android\Android Studio4\jre\bin\VCRUNTIME140.dll
0x00007ffa1b3d0000 - 0x00007ffa1b570000 	C:\WINDOWS\System32\USER32.dll
0x00007ffa19d60000 - 0x00007ffa19d82000 	C:\WINDOWS\System32\win32u.dll
0x00007ffa01d90000 - 0x00007ffa0202a000 	C:\WINDOWS\WinSxS\amd64_microsoft.windows.common-controls_6595b64144ccf1df_6.0.19041.1110_none_60b5254171f9507e\COMCTL32.dll
0x00007ffa1b3a0000 - 0x00007ffa1b3cb000 	C:\WINDOWS\System32\GDI32.dll
0x00007ffa1a920000 - 0x00007ffa1a9be000 	C:\WINDOWS\System32\msvcrt.dll
0x00007ffa19c50000 - 0x00007ffa19d5b000 	C:\WINDOWS\System32\gdi32full.dll
0x00007ffa19b80000 - 0x00007ffa19c1d000 	C:\WINDOWS\System32\msvcp_win.dll
0x00007ffa1bbb0000 - 0x00007ffa1bbe0000 	C:\WINDOWS\System32\IMM32.DLL
0x00007ff9e0b90000 - 0x00007ff9e0c2d000 	C:\Program Files\Android\Android Studio4\jre\bin\msvcp140.dll
0x00007ff9bcec0000 - 0x00007ff9bd98f000 	C:\Program Files\Android\Android Studio4\jre\bin\server\jvm.dll
0x00007ffa1ad20000 - 0x00007ffa1adce000 	C:\WINDOWS\System32\ADVAPI32.dll
0x00007ffa1b590000 - 0x00007ffa1b62c000 	C:\WINDOWS\System32\sechost.dll
0x00007ffa1af10000 - 0x00007ffa1b035000 	C:\WINDOWS\System32\RPCRT4.dll
0x00007ffa1aa30000 - 0x00007ffa1aa38000 	C:\WINDOWS\System32\PSAPI.DLL
0x00007ffa08030000 - 0x00007ffa08039000 	C:\WINDOWS\SYSTEM32\WSOCK32.dll
0x00007ffa105a0000 - 0x00007ffa105aa000 	C:\WINDOWS\SYSTEM32\VERSION.dll
0x00007ffa06040000 - 0x00007ffa06067000 	C:\WINDOWS\SYSTEM32\WINMM.dll
0x00007ffa1bb40000 - 0x00007ffa1bbab000 	C:\WINDOWS\System32\WS2_32.dll
0x00007ffa17e50000 - 0x00007ffa17e62000 	C:\WINDOWS\SYSTEM32\kernel.appcore.dll
0x00007ffa13010000 - 0x00007ffa13021000 	C:\Program Files\Android\Android Studio4\jre\bin\verify.dll
0x00007ffa17b60000 - 0x00007ffa17d44000 	C:\WINDOWS\SYSTEM32\DBGHELP.DLL
0x00007ffa00d40000 - 0x00007ffa00d6c000 	C:\WINDOWS\SYSTEM32\dbgcore.DLL
0x00007ffa197d0000 - 0x00007ffa19852000 	C:\WINDOWS\System32\bcryptPrimitives.dll
0x00007ffa126e0000 - 0x00007ffa12709000 	C:\Program Files\Android\Android Studio4\jre\bin\java.dll
0x00007ffa144b0000 - 0x00007ffa144bb000 	C:\Program Files\Android\Android Studio4\jre\bin\jimage.dll
0x00007ffa12af0000 - 0x00007ffa12b08000 	C:\Program Files\Android\Android Studio4\jre\bin\zip.dll
0x00007ffa19ef0000 - 0x00007ffa1a634000 	C:\WINDOWS\System32\SHELL32.dll
0x00007ffa172f0000 - 0x00007ffa17a84000 	C:\WINDOWS\SYSTEM32\windows.storage.dll
0x00007ffa1b040000 - 0x00007ffa1b394000 	C:\WINDOWS\System32\combase.dll
0x00007ffa19010000 - 0x00007ffa1903c000 	C:\WINDOWS\SYSTEM32\Wldp.dll
0x00007ffa1a870000 - 0x00007ffa1a91d000 	C:\WINDOWS\System32\SHCORE.dll
0x00007ffa1a9c0000 - 0x00007ffa1aa15000 	C:\WINDOWS\System32\shlwapi.dll
0x00007ffa194f0000 - 0x00007ffa1950f000 	C:\WINDOWS\SYSTEM32\profapi.dll
0x00007ffa10dd0000 - 0x00007ffa10dea000 	C:\Program Files\Android\Android Studio4\jre\bin\net.dll
0x00007ffa09ad0000 - 0x00007ffa09bd9000 	C:\WINDOWS\SYSTEM32\WINHTTP.dll
0x00007ffa18d70000 - 0x00007ffa18dda000 	C:\WINDOWS\system32\mswsock.dll
0x00007ff9f8a80000 - 0x00007ff9f8a94000 	C:\Program Files\Android\Android Studio4\jre\bin\nio.dll

dbghelp: loaded successfully - version: 4.0.5 - missing functions: none
symbol engine: initialized successfully - sym options: 0x614 - pdb path: .;C:\Program Files\Android\Android Studio4\jre\bin;C:\WINDOWS\SYSTEM32;C:\WINDOWS\WinSxS\amd64_microsoft.windows.common-controls_6595b64144ccf1df_6.0.19041.1110_none_60b5254171f9507e;C:\Program Files\Android\Android Studio4\jre\bin\server

VM Arguments:
java_command: org.jetbrains.kotlin.cli.jvm.K2JVMCompiler @C:\Users\leoba\AndroidStudioProjects\TextRecognizer\FirstComposoble\app\build\20220328_15756137458353132455.compiler.options
java_class_path (initial): C:\Users\leoba\.gradle\caches\modules-2\files-2.1\org.jetbrains.kotlin\kotlin-compiler-embeddable\1.5.21\40ddbcae9ff100473f95370c2d589ba3fc48eed5\kotlin-compiler-embeddable-1.5.21.jar;C:\Users\leoba\.gradle\caches\modules-2\files-2.1\org.jetbrains.kotlin\kotlin-reflect\1.5.21\802f1f39735ae1eb2b75714a40fa19bb2e687e96\kotlin-reflect-1.5.21.jar;C:\Users\leoba\.gradle\caches\modules-2\files-2.1\org.jetbrains.kotlin\kotlin-stdlib\1.5.21\2f537cad7e9eeb9da73738c8812e1e4cf9b62e4e\kotlin-stdlib-1.5.21.jar;C:\Users\leoba\.gradle\caches\modules-2\files-2.1\org.jetbrains.kotlin\kotlin-script-runtime\1.5.21\96d49e89873fde985750af354b6eabb60cfa999b\kotlin-script-runtime-1.5.21.jar;C:\Users\leoba\.gradle\caches\modules-2\files-2.1\org.jetbrains.kotlin\kotlin-daemon-embeddable\1.5.21\17255809e66a940dfdf6289bccbdfb5a09f3145\kotlin-daemon-embeddable-1.5.21.jar;C:\Users\leoba\.gradle\caches\modules-2\files-2.1\org.jetbrains.intellij.deps\trove4j\1.0.20181211\216c2e14b070f334479d800987affe4054cd563f\trove4j-1.0.20181211.jar;C:\Users\leoba\.gradle\caches\modules-2\files-2.1\org.jetbrains\annotations\13.0\919f0dfe192fb4e063e7dacadee7f8bb9a2672a9\annotations-13.0.jar;C:\Users\leoba\.gradle\caches\modules-2\files-2.1\org.jetbrains.kotlin\kotlin-stdlib-common\1.5.21\cc8bf3586fd2ebcf234058b9440bb406e62dfacb\kotlin-stdlib-common-1.5.21.jar
Launcher Type: SUN_STANDARD

[Global flags]
     intx CICompilerCount                          = 3                                         {product} {ergonomic}
     uint ConcGCThreads                            = 1                                         {product} {ergonomic}
     uint G1ConcRefinementThreads                  = 4                                         {product} {ergonomic}
   size_t G1HeapRegionSize                         = 1048576                                   {product} {ergonomic}
    uintx GCDrainStackTargetSize                   = 64                                        {product} {ergonomic}
   size_t InitialHeapSize                          = 201326592                                 {product} {ergonomic}
   size_t MarkStackSize                            = 4194304                                   {product} {ergonomic}
   size_t MaxHeapSize                              = 3198156800                                {product} {ergonomic}
   size_t MaxNewSize                               = 1918894080                                {product} {ergonomic}
   size_t MinHeapDeltaBytes                        = 1048576                                   {product} {ergonomic}
    uintx NonNMethodCodeHeapSize                   = 5830732                                {pd product} {ergonomic}
    uintx NonProfiledCodeHeapSize                  = 122913754                              {pd product} {ergonomic}
    uintx ProfiledCodeHeapSize                     = 122913754                              {pd product} {ergonomic}
    uintx ReservedCodeCacheSize                    = 251658240                              {pd product} {ergonomic}
     bool SegmentedCodeCache                       = true                                      {product} {ergonomic}
     bool UseCompressedClassPointers               = true                                 {lp64_product} {ergonomic}
     bool UseCompressedOops                        = true                                 {lp64_product} {ergonomic}
     bool UseG1GC                                  = true                                      {product} {ergonomic}
     bool UseLargePagesIndividualAllocation        = false                                  {pd product} {ergonomic}

Logging:
Log output configuration:
 #0: stdout all=warning uptime,level,tags
 #1: stderr all=off uptime,level,tags

Environment Variables:
PATH=C:\Program Files (x86)\Intel\Intel(R) Management Engine Components\iCLS\;C:\Program Files\Intel\Intel(R) Management Engine Components\iCLS\;C:\WINDOWS\system32;C:\WINDOWS;C:\WINDOWS\System32\Wbem;C:\WINDOWS\System32\WindowsPowerShell\v1.0\;C:\Program Files (x86)\Intel\Intel(R) Management Engine Components\DAL;C:\Program Files\Intel\Intel(R) Management Engine Components\DAL;C:\Program Files (x86)\Intel\Intel(R) Management Engine Components\IPT;C:\Program Files\Intel\Intel(R) Management Engine Components\IPT;c:\Program Files (x86)\Microsoft SQL Server\100\Tools\Binn\;c:\Program Files\Microsoft SQL Server\100\Tools\Binn\;c:\Program Files\Microsoft SQL Server\100\DTS\Binn\;c:\Program Files (x86)\Microsoft SQL Server\100\Tools\Binn\VSShell\Common7\IDE\;c:\Program Files (x86)\Microsoft SQL Server\100\DTS\Binn\;C:\Users\leoba\.dnx\bin;C:\Program Files\Microsoft DNX\Dnvm\;C:\Program Files\Microsoft SQL Server\130\Tools\Binn\;C:\WINDOWS\System32\OpenSSH\;C:\Program Files\Git\cmd;C:\Users\leoba\AppData\Local\Microsoft\WindowsApps;C:\Users\leoba\AppData\Local\GitHubDesktop\bin;%USERPROFILE%\AppData\Local\Microsoft\WindowsApps;
USERNAME=leoba
OS=Windows_NT
PROCESSOR_IDENTIFIER=Intel64 Family 6 Model 142 Stepping 10, GenuineIntel



---------------  S Y S T E M  ---------------

OS: Windows 10 , 64 bit Build 19041 (10.0.19041.1566)
OS uptime: 3 days 0:08 hours

CPU:total 4 (initial active 4) (2 cores per cpu, 2 threads per core) family 6 model 142 stepping 10 microcode 0xb4, cmov, cx8, fxsr, mmx, sse, sse2, sse3, ssse3, sse4.1, sse4.2, popcnt, avx, avx2, aes, clmul, erms, 3dnowpref, lzcnt, ht, tsc, tscinvbit, bmi1, bmi2, adx, fma

Memory: 4k page, system-wide physical 12197M (1087M free)
TotalPageFile size 12197M (AvailPageFile size 5M)
current process WorkingSet (physical memory assigned to process): 263M, peak: 263M
current process commit charge ("private bytes"): 423M, peak: 423M

vm_info: OpenJDK 64-Bit Server VM (11.0.10+0-b96-7249189) for windows-amd64 JRE (11.0.10+0-b96-7249189), built on Mar 31 2021 21:44:00 by "builder" with MS VC++ 14.0 (VS2015)

END.
