#
# There is insufficient memory for the Java Runtime Environment to continue.
# Native memory allocation (malloc) failed to allocate 742416 bytes for Chunk::new
# Possible reasons:
#   The system is out of physical RAM or swap space
#   The process is running with CompressedOops enabled, and the Java Heap may be blocking the growth of the native heap
# Possible solutions:
#   Reduce memory load on the system
#   Increase physical memory or swap space
#   Check if swap backing store is full
#   Decrease Java heap size (-Xmx/-Xms)
#   Decrease number of Java threads
#   Decrease Java thread stack sizes (-Xss)
#   Set larger code cache with -XX:ReservedCodeCacheSize=
#   JVM is running with Zero Based Compressed Oops mode in which the Java heap is
#     placed in the first 32GB address space. The Java Heap base address is the
#     maximum limit for the native heap growth. Please use -XX:HeapBaseMinAddress
#     to set the Java Heap base and to place the Java Heap above 32GB virtual address.
# This output file may be truncated or incomplete.
#
#  Out of Memory Error (./src/hotspot/share/memory/arena.cpp:197), pid=8028, tid=12060
#
# JRE version: OpenJDK Runtime Environment (11.0.10) (build 11.0.10+0-b96-7249189)
# Java VM: OpenJDK 64-Bit Server VM (11.0.10+0-b96-7249189, mixed mode, tiered, compressed oops, g1 gc, windows-amd64)
# No core dump will be written. Minidumps are not enabled by default on client versions of Windows
#

---------------  S U M M A R Y ------------

Command Line: org.jetbrains.kotlin.cli.jvm.K2JVMCompiler @C:\Users\leoba\AndroidStudioProjects\TextRecognizer\FirstComposoble\app\build\20220328_12772613075455917153.compiler.options

Host: Intel(R) Core(TM) i3-7020U CPU @ 2.30GHz, 4 cores, 11G,  Windows 10 , 64 bit Build 19041 (10.0.19041.1566)
Time: Mon Mar 28 08:25:35 2022 Hora estándar de Argentina elapsed time: 12.815006 seconds (0d 0h 0m 12s)

---------------  T H R E A D  ---------------

Current thread (0x000002a4dd6ec800):  JavaThread "C2 CompilerThread1" daemon [_thread_in_native, id=12060, stack(0x000000c5f8600000,0x000000c5f8700000)]


Current CompileTask:
C2:  12815 9101       4       org.jetbrains.kotlin.types.AbstractTypeMapper::mapType (1127 bytes)

Stack: [0x000000c5f8600000,0x000000c5f8700000]
Native frames: (J=compiled Java code, j=interpreted, Vv=VM code, C=native code)
V  [jvm.dll+0x5ecfaa]
V  [jvm.dll+0x722bd5]
V  [jvm.dll+0x72412d]
V  [jvm.dll+0x7247e3]
V  [jvm.dll+0x242928]
V  [jvm.dll+0xbc4fc]
V  [jvm.dll+0xbca0c]
V  [jvm.dll+0x352d7d]
V  [jvm.dll+0x320ad3]
V  [jvm.dll+0x31ffca]
V  [jvm.dll+0x1fb602]
V  [jvm.dll+0x1fa7f4]
V  [jvm.dll+0x18354c]
V  [jvm.dll+0x208ee7]
V  [jvm.dll+0x207731]
V  [jvm.dll+0x6eb1cf]
V  [jvm.dll+0x6e3d45]
V  [jvm.dll+0x5ebe96]
C  [ucrtbase.dll+0x21bb2]
C  [KERNEL32.DLL+0x17034]
C  [ntdll.dll+0x52651]


---------------  P R O C E S S  ---------------

Threads class SMR info:
_java_thread_list=0x000002a4dd7e9d90, length=11, elements={
0x000002a4bfbeb800, 0x000002a4dc4b6000, 0x000002a4dc4c1800, 0x000002a4dcd05800,
0x000002a4dcd08000, 0x000002a4dcd0b000, 0x000002a4dcd0e800, 0x000002a4dcd57800,
0x000002a4dcd84000, 0x000002a4dcee0800, 0x000002a4dd6ec800
}

Java Threads: ( => current thread )
  0x000002a4bfbeb800 JavaThread "main" [_thread_in_vm, id=15936, stack(0x000000c5f7500000,0x000000c5f7600000)]
  0x000002a4dc4b6000 JavaThread "Reference Handler" daemon [_thread_blocked, id=13088, stack(0x000000c5f7c00000,0x000000c5f7d00000)]
  0x000002a4dc4c1800 JavaThread "Finalizer" daemon [_thread_blocked, id=12936, stack(0x000000c5f7d00000,0x000000c5f7e00000)]
  0x000002a4dcd05800 JavaThread "Signal Dispatcher" daemon [_thread_blocked, id=14056, stack(0x000000c5f7e00000,0x000000c5f7f00000)]
  0x000002a4dcd08000 JavaThread "Attach Listener" daemon [_thread_blocked, id=8888, stack(0x000000c5f7f00000,0x000000c5f8000000)]
  0x000002a4dcd0b000 JavaThread "Service Thread" daemon [_thread_blocked, id=12184, stack(0x000000c5f8000000,0x000000c5f8100000)]
  0x000002a4dcd0e800 JavaThread "C2 CompilerThread0" daemon [_thread_in_native, id=3016, stack(0x000000c5f8100000,0x000000c5f8200000)]
  0x000002a4dcd57800 JavaThread "C1 CompilerThread0" daemon [_thread_blocked, id=14784, stack(0x000000c5f8200000,0x000000c5f8300000)]
  0x000002a4dcd84000 JavaThread "Sweeper thread" daemon [_thread_blocked, id=11176, stack(0x000000c5f8300000,0x000000c5f8400000)]
  0x000002a4dcee0800 JavaThread "Common-Cleaner" daemon [_thread_blocked, id=1156, stack(0x000000c5f8500000,0x000000c5f8600000)]
=>0x000002a4dd6ec800 JavaThread "C2 CompilerThread1" daemon [_thread_in_native, id=12060, stack(0x000000c5f8600000,0x000000c5f8700000)]

Other Threads:
  0x000002a4dccf5000 VMThread "VM Thread" [stack: 0x000000c5f7b00000,0x000000c5f7c00000] [id=9144]
  0x000002a4dced7800 WatcherThread [stack: 0x000000c5f8400000,0x000000c5f8500000] [id=11452]
  0x000002a4bfc05000 GCTaskThread "GC Thread#0" [stack: 0x000000c5f7600000,0x000000c5f7700000] [id=4304]
  0x000002a4dd53b000 GCTaskThread "GC Thread#1" [stack: 0x000000c5f8700000,0x000000c5f8800000] [id=15844]
  0x000002a4dd551800 GCTaskThread "GC Thread#2" [stack: 0x000000c5f8800000,0x000000c5f8900000] [id=12456]
  0x000002a4dd552000 GCTaskThread "GC Thread#3" [stack: 0x000000c5f8900000,0x000000c5f8a00000] [id=8804]
  0x000002a4bfc4a800 ConcurrentGCThread "G1 Main Marker" [stack: 0x000000c5f7700000,0x000000c5f7800000] [id=9844]
  0x000002a4bfc4d000 ConcurrentGCThread "G1 Conc#0" [stack: 0x000000c5f7800000,0x000000c5f7900000] [id=9524]
  0x000002a4dc31c800 ConcurrentGCThread "G1 Refine#0" [stack: 0x000000c5f7900000,0x000000c5f7a00000] [id=11820]
  0x000002a4bfcce800 ConcurrentGCThread "G1 Young RemSet Sampling" [stack: 0x000000c5f7a00000,0x000000c5f7b00000] [id=11876]

Threads with active compile tasks:
C2 CompilerThread0  12845 9135       4       org.jetbrains.kotlin.load.kotlin.TypeSignatureMappingKt::mapBuiltInType (342 bytes)
C2 CompilerThread1  12845 9101       4       org.jetbrains.kotlin.types.AbstractTypeMapper::mapType (1127 bytes)

VM state:not at safepoint (normal execution)

VM Mutex/Monitor currently owned by a thread: None

Heap address: 0x0000000741600000, size: 3050 MB, Compressed Oops mode: Zero based, Oop shift amount: 3
Narrow klass base: 0x0000000800000000, Narrow klass shift: 0
Compressed class space size: 1073741824 Address: 0x0000000800000000

Heap:
 garbage-first heap   total 239616K, used 64459K [0x0000000741600000, 0x0000000800000000)
  region size 1024K, 22 young (22528K), 13 survivors (13312K)
 Metaspace       used 73017K, capacity 73631K, committed 73724K, reserved 1114112K
  class space    used 7942K, capacity 8148K, committed 8188K, reserved 1048576K
Heap Regions: E=young(eden), S=young(survivor), O=old, HS=humongous(starts), HC=humongous(continues), CS=collection set, F=free, A=archive, TAMS=top-at-mark-start (previous, next)
|   0|0x0000000741600000, 0x0000000741700000, 0x0000000741700000|100%|HS|  |TAMS 0x0000000741700000, 0x0000000741600000| Complete 
|   1|0x0000000741700000, 0x0000000741800000, 0x0000000741800000|100%|HC|  |TAMS 0x0000000741800000, 0x0000000741700000| Complete 
|   2|0x0000000741800000, 0x0000000741900000, 0x0000000741900000|100%|HC|  |TAMS 0x0000000741900000, 0x0000000741800000| Complete 
|   3|0x0000000741900000, 0x0000000741a00000, 0x0000000741a00000|100%| O|  |TAMS 0x0000000741a00000, 0x0000000741900000| Untracked 
|   4|0x0000000741a00000, 0x0000000741b00000, 0x0000000741b00000|100%| O|  |TAMS 0x0000000741b00000, 0x0000000741a00000| Untracked 
|   5|0x0000000741b00000, 0x0000000741c00000, 0x0000000741c00000|100%|HS|  |TAMS 0x0000000741c00000, 0x0000000741b00000| Complete 
|   6|0x0000000741c00000, 0x0000000741d00000, 0x0000000741d00000|100%|HC|  |TAMS 0x0000000741d00000, 0x0000000741c00000| Complete 
|   7|0x0000000741d00000, 0x0000000741e00000, 0x0000000741e00000|100%|HC|  |TAMS 0x0000000741e00000, 0x0000000741d00000| Complete 
|   8|0x0000000741e00000, 0x0000000741f00000, 0x0000000741f00000|100%|HS|  |TAMS 0x0000000741f00000, 0x0000000741e00000| Complete 
|   9|0x0000000741f00000, 0x0000000742000000, 0x0000000742000000|100%|HC|  |TAMS 0x0000000742000000, 0x0000000741f00000| Complete 
|  10|0x0000000742000000, 0x0000000742100000, 0x0000000742100000|100%|HC|  |TAMS 0x0000000742100000, 0x0000000742000000| Complete 
|  11|0x0000000742100000, 0x0000000742200000, 0x0000000742200000|100%| O|  |TAMS 0x0000000742200000, 0x0000000742100000| Untracked 
|  12|0x0000000742200000, 0x0000000742300000, 0x0000000742300000|100%| O|  |TAMS 0x0000000742300000, 0x0000000742200000| Untracked 
|  13|0x0000000742300000, 0x0000000742400000, 0x0000000742400000|100%| O|  |TAMS 0x0000000742400000, 0x0000000742300000| Untracked 
|  14|0x0000000742400000, 0x0000000742500000, 0x0000000742500000|100%| O|  |TAMS 0x0000000742500000, 0x0000000742400000| Untracked 
|  15|0x0000000742500000, 0x0000000742600000, 0x0000000742600000|100%|HS|  |TAMS 0x0000000742600000, 0x0000000742500000| Complete 
|  16|0x0000000742600000, 0x0000000742700000, 0x0000000742700000|100%|HC|  |TAMS 0x0000000742700000, 0x0000000742600000| Complete 
|  17|0x0000000742700000, 0x0000000742800000, 0x0000000742800000|100%| O|  |TAMS 0x0000000742800000, 0x0000000742700000| Untracked 
|  18|0x0000000742800000, 0x0000000742900000, 0x0000000742900000|100%| O|  |TAMS 0x0000000742900000, 0x0000000742800000| Untracked 
|  19|0x0000000742900000, 0x0000000742a00000, 0x0000000742a00000|100%| O|  |TAMS 0x0000000742a00000, 0x0000000742900000| Untracked 
|  20|0x0000000742a00000, 0x0000000742b00000, 0x0000000742b00000|100%| O|  |TAMS 0x0000000742b00000, 0x0000000742a00000| Untracked 
|  21|0x0000000742b00000, 0x0000000742c00000, 0x0000000742c00000|100%| O|  |TAMS 0x0000000742c00000, 0x0000000742b00000| Untracked 
|  22|0x0000000742c00000, 0x0000000742d00000, 0x0000000742d00000|100%| O|  |TAMS 0x0000000742d00000, 0x0000000742c00000| Untracked 
|  23|0x0000000742d00000, 0x0000000742e00000, 0x0000000742e00000|100%| O|  |TAMS 0x0000000742e00000, 0x0000000742d00000| Untracked 
|  24|0x0000000742e00000, 0x0000000742f00000, 0x0000000742f00000|100%| O|  |TAMS 0x0000000742f00000, 0x0000000742e00000| Untracked 
|  25|0x0000000742f00000, 0x0000000743000000, 0x0000000743000000|100%| O|  |TAMS 0x0000000743000000, 0x0000000742f00000| Untracked 
|  26|0x0000000743000000, 0x0000000743100000, 0x0000000743100000|100%| O|  |TAMS 0x0000000743100000, 0x0000000743000000| Untracked 
|  27|0x0000000743100000, 0x0000000743200000, 0x0000000743200000|100%| O|  |TAMS 0x0000000743200000, 0x0000000743100000| Untracked 
|  28|0x0000000743200000, 0x0000000743300000, 0x0000000743300000|100%| O|  |TAMS 0x0000000743300000, 0x0000000743200000| Untracked 
|  29|0x0000000743300000, 0x0000000743400000, 0x0000000743400000|100%| O|  |TAMS 0x0000000743400000, 0x0000000743300000| Untracked 
|  30|0x0000000743400000, 0x0000000743500000, 0x0000000743500000|100%| O|  |TAMS 0x0000000743500000, 0x0000000743400000| Untracked 
|  31|0x0000000743500000, 0x0000000743600000, 0x0000000743600000|100%| O|  |TAMS 0x0000000743600000, 0x0000000743500000| Untracked 
|  32|0x0000000743600000, 0x0000000743700000, 0x0000000743700000|100%| O|  |TAMS 0x0000000743700000, 0x0000000743600000| Untracked 
|  33|0x0000000743700000, 0x0000000743800000, 0x0000000743800000|100%| O|  |TAMS 0x0000000743800000, 0x0000000743700000| Untracked 
|  34|0x0000000743800000, 0x0000000743900000, 0x0000000743900000|100%| O|  |TAMS 0x0000000743900000, 0x0000000743800000| Untracked 
|  35|0x0000000743900000, 0x0000000743a00000, 0x0000000743a00000|100%| O|  |TAMS 0x0000000743a00000, 0x0000000743900000| Untracked 
|  36|0x0000000743a00000, 0x0000000743b00000, 0x0000000743b00000|100%| O|  |TAMS 0x0000000743b00000, 0x0000000743a00000| Untracked 
|  37|0x0000000743b00000, 0x0000000743c00000, 0x0000000743c00000|100%| O|  |TAMS 0x0000000743c00000, 0x0000000743b00000| Untracked 
|  38|0x0000000743c00000, 0x0000000743d00000, 0x0000000743d00000|100%| O|  |TAMS 0x0000000743d00000, 0x0000000743c00000| Untracked 
|  39|0x0000000743d00000, 0x0000000743e00000, 0x0000000743e00000|100%| O|  |TAMS 0x0000000743e00000, 0x0000000743d00000| Untracked 
|  40|0x0000000743e00000, 0x0000000743f00000, 0x0000000743f00000|100%| O|  |TAMS 0x0000000743f00000, 0x0000000743e00000| Untracked 
|  41|0x0000000743f00000, 0x0000000744000000, 0x0000000744000000|100%| O|  |TAMS 0x0000000744000000, 0x0000000743f00000| Untracked 
|  42|0x0000000744000000, 0x00000007440ae400, 0x0000000744100000| 68%| O|  |TAMS 0x00000007440ae400, 0x0000000744000000| Untracked 
|  43|0x0000000744100000, 0x0000000744100000, 0x0000000744200000|  0%| F|  |TAMS 0x0000000744100000, 0x0000000744100000| Untracked 
|  44|0x0000000744200000, 0x0000000744200000, 0x0000000744300000|  0%| F|  |TAMS 0x0000000744200000, 0x0000000744200000| Untracked 
|  45|0x0000000744300000, 0x0000000744300000, 0x0000000744400000|  0%| F|  |TAMS 0x0000000744300000, 0x0000000744300000| Untracked 
|  46|0x0000000744400000, 0x0000000744400000, 0x0000000744500000|  0%| F|  |TAMS 0x0000000744400000, 0x0000000744400000| Untracked 
|  47|0x0000000744500000, 0x0000000744500000, 0x0000000744600000|  0%| F|  |TAMS 0x0000000744500000, 0x0000000744500000| Untracked 
|  48|0x0000000744600000, 0x0000000744600000, 0x0000000744700000|  0%| F|  |TAMS 0x0000000744600000, 0x0000000744600000| Untracked 
|  49|0x0000000744700000, 0x0000000744700000, 0x0000000744800000|  0%| F|  |TAMS 0x0000000744700000, 0x0000000744700000| Untracked 
|  50|0x0000000744800000, 0x0000000744800000, 0x0000000744900000|  0%| F|  |TAMS 0x0000000744800000, 0x0000000744800000| Untracked 
|  51|0x0000000744900000, 0x0000000744900000, 0x0000000744a00000|  0%| F|  |TAMS 0x0000000744900000, 0x0000000744900000| Untracked 
|  52|0x0000000744a00000, 0x0000000744a00000, 0x0000000744b00000|  0%| F|  |TAMS 0x0000000744a00000, 0x0000000744a00000| Untracked 
|  53|0x0000000744b00000, 0x0000000744b00000, 0x0000000744c00000|  0%| F|  |TAMS 0x0000000744b00000, 0x0000000744b00000| Untracked 
|  54|0x0000000744c00000, 0x0000000744c00000, 0x0000000744d00000|  0%| F|  |TAMS 0x0000000744c00000, 0x0000000744c00000| Untracked 
|  55|0x0000000744d00000, 0x0000000744d00000, 0x0000000744e00000|  0%| F|  |TAMS 0x0000000744d00000, 0x0000000744d00000| Untracked 
|  56|0x0000000744e00000, 0x0000000744e00000, 0x0000000744f00000|  0%| F|  |TAMS 0x0000000744e00000, 0x0000000744e00000| Untracked 
|  57|0x0000000744f00000, 0x0000000744f00000, 0x0000000745000000|  0%| F|  |TAMS 0x0000000744f00000, 0x0000000744f00000| Untracked 
|  58|0x0000000745000000, 0x0000000745000000, 0x0000000745100000|  0%| F|  |TAMS 0x0000000745000000, 0x0000000745000000| Untracked 
|  59|0x0000000745100000, 0x0000000745100000, 0x0000000745200000|  0%| F|  |TAMS 0x0000000745100000, 0x0000000745100000| Untracked 
|  60|0x0000000745200000, 0x0000000745200000, 0x0000000745300000|  0%| F|  |TAMS 0x0000000745200000, 0x0000000745200000| Untracked 
|  61|0x0000000745300000, 0x0000000745300000, 0x0000000745400000|  0%| F|  |TAMS 0x0000000745300000, 0x0000000745300000| Untracked 
|  62|0x0000000745400000, 0x0000000745400000, 0x0000000745500000|  0%| F|  |TAMS 0x0000000745400000, 0x0000000745400000| Untracked 
|  63|0x0000000745500000, 0x0000000745500000, 0x0000000745600000|  0%| F|  |TAMS 0x0000000745500000, 0x0000000745500000| Untracked 
|  64|0x0000000745600000, 0x0000000745600000, 0x0000000745700000|  0%| F|  |TAMS 0x0000000745600000, 0x0000000745600000| Untracked 
|  65|0x0000000745700000, 0x0000000745700000, 0x0000000745800000|  0%| F|  |TAMS 0x0000000745700000, 0x0000000745700000| Untracked 
|  66|0x0000000745800000, 0x0000000745800000, 0x0000000745900000|  0%| F|  |TAMS 0x0000000745800000, 0x0000000745800000| Untracked 
|  67|0x0000000745900000, 0x0000000745900000, 0x0000000745a00000|  0%| F|  |TAMS 0x0000000745900000, 0x0000000745900000| Untracked 
|  68|0x0000000745a00000, 0x0000000745a00000, 0x0000000745b00000|  0%| F|  |TAMS 0x0000000745a00000, 0x0000000745a00000| Untracked 
|  69|0x0000000745b00000, 0x0000000745b00000, 0x0000000745c00000|  0%| F|  |TAMS 0x0000000745b00000, 0x0000000745b00000| Untracked 
|  70|0x0000000745c00000, 0x0000000745c00000, 0x0000000745d00000|  0%| F|  |TAMS 0x0000000745c00000, 0x0000000745c00000| Untracked 
|  71|0x0000000745d00000, 0x0000000745d00000, 0x0000000745e00000|  0%| F|  |TAMS 0x0000000745d00000, 0x0000000745d00000| Untracked 
|  72|0x0000000745e00000, 0x0000000745e00000, 0x0000000745f00000|  0%| F|  |TAMS 0x0000000745e00000, 0x0000000745e00000| Untracked 
|  73|0x0000000745f00000, 0x0000000745f00000, 0x0000000746000000|  0%| F|  |TAMS 0x0000000745f00000, 0x0000000745f00000| Untracked 
|  74|0x0000000746000000, 0x0000000746000000, 0x0000000746100000|  0%| F|  |TAMS 0x0000000746000000, 0x0000000746000000| Untracked 
|  75|0x0000000746100000, 0x0000000746100000, 0x0000000746200000|  0%| F|  |TAMS 0x0000000746100000, 0x0000000746100000| Untracked 
|  76|0x0000000746200000, 0x0000000746200000, 0x0000000746300000|  0%| F|  |TAMS 0x0000000746200000, 0x0000000746200000| Untracked 
|  77|0x0000000746300000, 0x0000000746300000, 0x0000000746400000|  0%| F|  |TAMS 0x0000000746300000, 0x0000000746300000| Untracked 
|  78|0x0000000746400000, 0x0000000746400000, 0x0000000746500000|  0%| F|  |TAMS 0x0000000746400000, 0x0000000746400000| Untracked 
|  79|0x0000000746500000, 0x0000000746500000, 0x0000000746600000|  0%| F|  |TAMS 0x0000000746500000, 0x0000000746500000| Untracked 
|  80|0x0000000746600000, 0x0000000746600000, 0x0000000746700000|  0%| F|  |TAMS 0x0000000746600000, 0x0000000746600000| Untracked 
|  81|0x0000000746700000, 0x0000000746700000, 0x0000000746800000|  0%| F|  |TAMS 0x0000000746700000, 0x0000000746700000| Untracked 
|  82|0x0000000746800000, 0x0000000746800000, 0x0000000746900000|  0%| F|  |TAMS 0x0000000746800000, 0x0000000746800000| Untracked 
|  83|0x0000000746900000, 0x0000000746900000, 0x0000000746a00000|  0%| F|  |TAMS 0x0000000746900000, 0x0000000746900000| Untracked 
|  84|0x0000000746a00000, 0x0000000746a00000, 0x0000000746b00000|  0%| F|  |TAMS 0x0000000746a00000, 0x0000000746a00000| Untracked 
|  85|0x0000000746b00000, 0x0000000746b00000, 0x0000000746c00000|  0%| F|  |TAMS 0x0000000746b00000, 0x0000000746b00000| Untracked 
|  86|0x0000000746c00000, 0x0000000746c00000, 0x0000000746d00000|  0%| F|  |TAMS 0x0000000746c00000, 0x0000000746c00000| Untracked 
|  87|0x0000000746d00000, 0x0000000746d00000, 0x0000000746e00000|  0%| F|  |TAMS 0x0000000746d00000, 0x0000000746d00000| Untracked 
|  88|0x0000000746e00000, 0x0000000746e00000, 0x0000000746f00000|  0%| F|  |TAMS 0x0000000746e00000, 0x0000000746e00000| Untracked 
|  89|0x0000000746f00000, 0x0000000746f00000, 0x0000000747000000|  0%| F|  |TAMS 0x0000000746f00000, 0x0000000746f00000| Untracked 
|  90|0x0000000747000000, 0x0000000747000000, 0x0000000747100000|  0%| F|  |TAMS 0x0000000747000000, 0x0000000747000000| Untracked 
|  91|0x0000000747100000, 0x0000000747100000, 0x0000000747200000|  0%| F|  |TAMS 0x0000000747100000, 0x0000000747100000| Untracked 
|  92|0x0000000747200000, 0x0000000747200000, 0x0000000747300000|  0%| F|  |TAMS 0x0000000747200000, 0x0000000747200000| Untracked 
|  93|0x0000000747300000, 0x0000000747300000, 0x0000000747400000|  0%| F|  |TAMS 0x0000000747300000, 0x0000000747300000| Untracked 
|  94|0x0000000747400000, 0x0000000747400000, 0x0000000747500000|  0%| F|  |TAMS 0x0000000747400000, 0x0000000747400000| Untracked 
|  95|0x0000000747500000, 0x0000000747500000, 0x0000000747600000|  0%| F|  |TAMS 0x0000000747500000, 0x0000000747500000| Untracked 
|  96|0x0000000747600000, 0x0000000747600000, 0x0000000747700000|  0%| F|  |TAMS 0x0000000747600000, 0x0000000747600000| Untracked 
|  97|0x0000000747700000, 0x0000000747700000, 0x0000000747800000|  0%| F|  |TAMS 0x0000000747700000, 0x0000000747700000| Untracked 
|  98|0x0000000747800000, 0x0000000747800000, 0x0000000747900000|  0%| F|  |TAMS 0x0000000747800000, 0x0000000747800000| Untracked 
|  99|0x0000000747900000, 0x0000000747900000, 0x0000000747a00000|  0%| F|  |TAMS 0x0000000747900000, 0x0000000747900000| Untracked 
| 100|0x0000000747a00000, 0x0000000747a00000, 0x0000000747b00000|  0%| F|  |TAMS 0x0000000747a00000, 0x0000000747a00000| Untracked 
| 101|0x0000000747b00000, 0x0000000747b00000, 0x0000000747c00000|  0%| F|  |TAMS 0x0000000747b00000, 0x0000000747b00000| Untracked 
| 102|0x0000000747c00000, 0x0000000747c00000, 0x0000000747d00000|  0%| F|  |TAMS 0x0000000747c00000, 0x0000000747c00000| Untracked 
| 103|0x0000000747d00000, 0x0000000747d00000, 0x0000000747e00000|  0%| F|  |TAMS 0x0000000747d00000, 0x0000000747d00000| Untracked 
| 104|0x0000000747e00000, 0x0000000747e00000, 0x0000000747f00000|  0%| F|  |TAMS 0x0000000747e00000, 0x0000000747e00000| Untracked 
| 105|0x0000000747f00000, 0x0000000747f00000, 0x0000000748000000|  0%| F|  |TAMS 0x0000000747f00000, 0x0000000747f00000| Untracked 
| 106|0x0000000748000000, 0x0000000748000000, 0x0000000748100000|  0%| F|  |TAMS 0x0000000748000000, 0x0000000748000000| Untracked 
| 107|0x0000000748100000, 0x0000000748100000, 0x0000000748200000|  0%| F|  |TAMS 0x0000000748100000, 0x0000000748100000| Untracked 
| 108|0x0000000748200000, 0x0000000748200000, 0x0000000748300000|  0%| F|  |TAMS 0x0000000748200000, 0x0000000748200000| Untracked 
| 109|0x0000000748300000, 0x0000000748300000, 0x0000000748400000|  0%| F|  |TAMS 0x0000000748300000, 0x0000000748300000| Untracked 
| 110|0x0000000748400000, 0x0000000748400000, 0x0000000748500000|  0%| F|  |TAMS 0x0000000748400000, 0x0000000748400000| Untracked 
| 111|0x0000000748500000, 0x0000000748500000, 0x0000000748600000|  0%| F|  |TAMS 0x0000000748500000, 0x0000000748500000| Untracked 
| 112|0x0000000748600000, 0x0000000748600000, 0x0000000748700000|  0%| F|  |TAMS 0x0000000748600000, 0x0000000748600000| Untracked 
| 113|0x0000000748700000, 0x0000000748700000, 0x0000000748800000|  0%| F|  |TAMS 0x0000000748700000, 0x0000000748700000| Untracked 
| 114|0x0000000748800000, 0x0000000748800000, 0x0000000748900000|  0%| F|  |TAMS 0x0000000748800000, 0x0000000748800000| Untracked 
| 115|0x0000000748900000, 0x0000000748900000, 0x0000000748a00000|  0%| F|  |TAMS 0x0000000748900000, 0x0000000748900000| Untracked 
| 116|0x0000000748a00000, 0x0000000748a00000, 0x0000000748b00000|  0%| F|  |TAMS 0x0000000748a00000, 0x0000000748a00000| Untracked 
| 117|0x0000000748b00000, 0x0000000748b00000, 0x0000000748c00000|  0%| F|  |TAMS 0x0000000748b00000, 0x0000000748b00000| Untracked 
| 118|0x0000000748c00000, 0x0000000748c00000, 0x0000000748d00000|  0%| F|  |TAMS 0x0000000748c00000, 0x0000000748c00000| Untracked 
| 119|0x0000000748d00000, 0x0000000748d00000, 0x0000000748e00000|  0%| F|  |TAMS 0x0000000748d00000, 0x0000000748d00000| Untracked 
| 120|0x0000000748e00000, 0x0000000748e00000, 0x0000000748f00000|  0%| F|  |TAMS 0x0000000748e00000, 0x0000000748e00000| Untracked 
| 121|0x0000000748f00000, 0x0000000748f00000, 0x0000000749000000|  0%| F|  |TAMS 0x0000000748f00000, 0x0000000748f00000| Untracked 
| 122|0x0000000749000000, 0x0000000749000000, 0x0000000749100000|  0%| F|  |TAMS 0x0000000749000000, 0x0000000749000000| Untracked 
| 123|0x0000000749100000, 0x0000000749100000, 0x0000000749200000|  0%| F|  |TAMS 0x0000000749100000, 0x0000000749100000| Untracked 
| 124|0x0000000749200000, 0x0000000749244900, 0x0000000749300000| 26%| S|CS|TAMS 0x0000000749200000, 0x0000000749200000| Complete 
| 125|0x0000000749300000, 0x0000000749400000, 0x0000000749400000|100%| S|CS|TAMS 0x0000000749300000, 0x0000000749300000| Complete 
| 126|0x0000000749400000, 0x0000000749500000, 0x0000000749500000|100%| S|CS|TAMS 0x0000000749400000, 0x0000000749400000| Complete 
| 127|0x0000000749500000, 0x0000000749600000, 0x0000000749600000|100%| S|CS|TAMS 0x0000000749500000, 0x0000000749500000| Complete 
| 128|0x0000000749600000, 0x0000000749700000, 0x0000000749700000|100%| S|CS|TAMS 0x0000000749600000, 0x0000000749600000| Complete 
| 129|0x0000000749700000, 0x0000000749800000, 0x0000000749800000|100%| S|CS|TAMS 0x0000000749700000, 0x0000000749700000| Complete 
| 130|0x0000000749800000, 0x0000000749900000, 0x0000000749900000|100%| S|CS|TAMS 0x0000000749800000, 0x0000000749800000| Complete 
| 131|0x0000000749900000, 0x0000000749a00000, 0x0000000749a00000|100%| S|CS|TAMS 0x0000000749900000, 0x0000000749900000| Complete 
| 132|0x0000000749a00000, 0x0000000749b00000, 0x0000000749b00000|100%| S|CS|TAMS 0x0000000749a00000, 0x0000000749a00000| Complete 
| 133|0x0000000749b00000, 0x0000000749c00000, 0x0000000749c00000|100%| S|CS|TAMS 0x0000000749b00000, 0x0000000749b00000| Complete 
| 134|0x0000000749c00000, 0x0000000749d00000, 0x0000000749d00000|100%| S|CS|TAMS 0x0000000749c00000, 0x0000000749c00000| Complete 
| 135|0x0000000749d00000, 0x0000000749e00000, 0x0000000749e00000|100%| S|CS|TAMS 0x0000000749d00000, 0x0000000749d00000| Complete 
| 136|0x0000000749e00000, 0x0000000749f00000, 0x0000000749f00000|100%| S|CS|TAMS 0x0000000749e00000, 0x0000000749e00000| Complete 
| 137|0x0000000749f00000, 0x0000000749f00000, 0x000000074a000000|  0%| F|  |TAMS 0x0000000749f00000, 0x0000000749f00000| Untracked 
| 138|0x000000074a000000, 0x000000074a000000, 0x000000074a100000|  0%| F|  |TAMS 0x000000074a000000, 0x000000074a000000| Untracked 
| 139|0x000000074a100000, 0x000000074a100000, 0x000000074a200000|  0%| F|  |TAMS 0x000000074a100000, 0x000000074a100000| Untracked 
| 140|0x000000074a200000, 0x000000074a200000, 0x000000074a300000|  0%| F|  |TAMS 0x000000074a200000, 0x000000074a200000| Untracked 
| 141|0x000000074a300000, 0x000000074a300000, 0x000000074a400000|  0%| F|  |TAMS 0x000000074a300000, 0x000000074a300000| Untracked 
| 142|0x000000074a400000, 0x000000074a400000, 0x000000074a500000|  0%| F|  |TAMS 0x000000074a400000, 0x000000074a400000| Untracked 
| 143|0x000000074a500000, 0x000000074a500000, 0x000000074a600000|  0%| F|  |TAMS 0x000000074a500000, 0x000000074a500000| Untracked 
| 144|0x000000074a600000, 0x000000074a600000, 0x000000074a700000|  0%| F|  |TAMS 0x000000074a600000, 0x000000074a600000| Untracked 
| 145|0x000000074a700000, 0x000000074a700000, 0x000000074a800000|  0%| F|  |TAMS 0x000000074a700000, 0x000000074a700000| Untracked 
| 146|0x000000074a800000, 0x000000074a800000, 0x000000074a900000|  0%| F|  |TAMS 0x000000074a800000, 0x000000074a800000| Untracked 
| 147|0x000000074a900000, 0x000000074a900000, 0x000000074aa00000|  0%| F|  |TAMS 0x000000074a900000, 0x000000074a900000| Untracked 
| 148|0x000000074aa00000, 0x000000074aa00000, 0x000000074ab00000|  0%| F|  |TAMS 0x000000074aa00000, 0x000000074aa00000| Untracked 
| 149|0x000000074ab00000, 0x000000074ab00000, 0x000000074ac00000|  0%| F|  |TAMS 0x000000074ab00000, 0x000000074ab00000| Untracked 
| 150|0x000000074ac00000, 0x000000074ac00000, 0x000000074ad00000|  0%| F|  |TAMS 0x000000074ac00000, 0x000000074ac00000| Untracked 
| 151|0x000000074ad00000, 0x000000074ad00000, 0x000000074ae00000|  0%| F|  |TAMS 0x000000074ad00000, 0x000000074ad00000| Untracked 
| 152|0x000000074ae00000, 0x000000074ae00000, 0x000000074af00000|  0%| F|  |TAMS 0x000000074ae00000, 0x000000074ae00000| Untracked 
| 153|0x000000074af00000, 0x000000074af00000, 0x000000074b000000|  0%| F|  |TAMS 0x000000074af00000, 0x000000074af00000| Untracked 
| 154|0x000000074b000000, 0x000000074b000000, 0x000000074b100000|  0%| F|  |TAMS 0x000000074b000000, 0x000000074b000000| Untracked 
| 155|0x000000074b100000, 0x000000074b100000, 0x000000074b200000|  0%| F|  |TAMS 0x000000074b100000, 0x000000074b100000| Untracked 
| 156|0x000000074b200000, 0x000000074b200000, 0x000000074b300000|  0%| F|  |TAMS 0x000000074b200000, 0x000000074b200000| Untracked 
| 157|0x000000074b300000, 0x000000074b300000, 0x000000074b400000|  0%| F|  |TAMS 0x000000074b300000, 0x000000074b300000| Untracked 
| 158|0x000000074b400000, 0x000000074b400000, 0x000000074b500000|  0%| F|  |TAMS 0x000000074b400000, 0x000000074b400000| Untracked 
| 159|0x000000074b500000, 0x000000074b500000, 0x000000074b600000|  0%| F|  |TAMS 0x000000074b500000, 0x000000074b500000| Untracked 
| 160|0x000000074b600000, 0x000000074b600000, 0x000000074b700000|  0%| F|  |TAMS 0x000000074b600000, 0x000000074b600000| Untracked 
| 161|0x000000074b700000, 0x000000074b700000, 0x000000074b800000|  0%| F|  |TAMS 0x000000074b700000, 0x000000074b700000| Untracked 
| 162|0x000000074b800000, 0x000000074b800000, 0x000000074b900000|  0%| F|  |TAMS 0x000000074b800000, 0x000000074b800000| Untracked 
| 163|0x000000074b900000, 0x000000074b900000, 0x000000074ba00000|  0%| F|  |TAMS 0x000000074b900000, 0x000000074b900000| Untracked 
| 164|0x000000074ba00000, 0x000000074ba00000, 0x000000074bb00000|  0%| F|  |TAMS 0x000000074ba00000, 0x000000074ba00000| Untracked 
| 165|0x000000074bb00000, 0x000000074bb00000, 0x000000074bc00000|  0%| F|  |TAMS 0x000000074bb00000, 0x000000074bb00000| Untracked 
| 166|0x000000074bc00000, 0x000000074bc00000, 0x000000074bd00000|  0%| F|  |TAMS 0x000000074bc00000, 0x000000074bc00000| Untracked 
| 167|0x000000074bd00000, 0x000000074bd00000, 0x000000074be00000|  0%| F|  |TAMS 0x000000074bd00000, 0x000000074bd00000| Untracked 
| 168|0x000000074be00000, 0x000000074be00000, 0x000000074bf00000|  0%| F|  |TAMS 0x000000074be00000, 0x000000074be00000| Untracked 
| 169|0x000000074bf00000, 0x000000074bf00000, 0x000000074c000000|  0%| F|  |TAMS 0x000000074bf00000, 0x000000074bf00000| Untracked 
| 170|0x000000074c000000, 0x000000074c000000, 0x000000074c100000|  0%| F|  |TAMS 0x000000074c000000, 0x000000074c000000| Untracked 
| 171|0x000000074c100000, 0x000000074c100000, 0x000000074c200000|  0%| F|  |TAMS 0x000000074c100000, 0x000000074c100000| Untracked 
| 172|0x000000074c200000, 0x000000074c200000, 0x000000074c300000|  0%| F|  |TAMS 0x000000074c200000, 0x000000074c200000| Untracked 
| 173|0x000000074c300000, 0x000000074c300000, 0x000000074c400000|  0%| F|  |TAMS 0x000000074c300000, 0x000000074c300000| Untracked 
| 174|0x000000074c400000, 0x000000074c400000, 0x000000074c500000|  0%| F|  |TAMS 0x000000074c400000, 0x000000074c400000| Untracked 
| 175|0x000000074c500000, 0x000000074c500000, 0x000000074c600000|  0%| F|  |TAMS 0x000000074c500000, 0x000000074c500000| Untracked 
| 176|0x000000074c600000, 0x000000074c600000, 0x000000074c700000|  0%| F|  |TAMS 0x000000074c600000, 0x000000074c600000| Untracked 
| 177|0x000000074c700000, 0x000000074c700000, 0x000000074c800000|  0%| F|  |TAMS 0x000000074c700000, 0x000000074c700000| Untracked 
| 178|0x000000074c800000, 0x000000074c800000, 0x000000074c900000|  0%| F|  |TAMS 0x000000074c800000, 0x000000074c800000| Untracked 
| 179|0x000000074c900000, 0x000000074c900000, 0x000000074ca00000|  0%| F|  |TAMS 0x000000074c900000, 0x000000074c900000| Untracked 
| 180|0x000000074ca00000, 0x000000074ca00000, 0x000000074cb00000|  0%| F|  |TAMS 0x000000074ca00000, 0x000000074ca00000| Untracked 
| 181|0x000000074cb00000, 0x000000074cb00000, 0x000000074cc00000|  0%| F|  |TAMS 0x000000074cb00000, 0x000000074cb00000| Untracked 
| 182|0x000000074cc00000, 0x000000074cc00000, 0x000000074cd00000|  0%| F|  |TAMS 0x000000074cc00000, 0x000000074cc00000| Untracked 
| 183|0x000000074cd00000, 0x000000074cd00000, 0x000000074ce00000|  0%| F|  |TAMS 0x000000074cd00000, 0x000000074cd00000| Untracked 
| 184|0x000000074ce00000, 0x000000074ce00000, 0x000000074cf00000|  0%| F|  |TAMS 0x000000074ce00000, 0x000000074ce00000| Untracked 
| 185|0x000000074cf00000, 0x000000074cf00000, 0x000000074d000000|  0%| F|  |TAMS 0x000000074cf00000, 0x000000074cf00000| Untracked 
| 186|0x000000074d000000, 0x000000074d000000, 0x000000074d100000|  0%| F|  |TAMS 0x000000074d000000, 0x000000074d000000| Untracked 
| 187|0x000000074d100000, 0x000000074d100000, 0x000000074d200000|  0%| F|  |TAMS 0x000000074d100000, 0x000000074d100000| Untracked 
| 188|0x000000074d200000, 0x000000074d200000, 0x000000074d300000|  0%| F|  |TAMS 0x000000074d200000, 0x000000074d200000| Untracked 
| 189|0x000000074d300000, 0x000000074d300000, 0x000000074d400000|  0%| F|  |TAMS 0x000000074d300000, 0x000000074d300000| Untracked 
| 190|0x000000074d400000, 0x000000074d400000, 0x000000074d500000|  0%| F|  |TAMS 0x000000074d400000, 0x000000074d400000| Untracked 
| 191|0x000000074d500000, 0x000000074d500000, 0x000000074d600000|  0%| F|  |TAMS 0x000000074d500000, 0x000000074d500000| Untracked 
| 192|0x000000074d600000, 0x000000074d600000, 0x000000074d700000|  0%| F|  |TAMS 0x000000074d600000, 0x000000074d600000| Untracked 
| 193|0x000000074d700000, 0x000000074d700000, 0x000000074d800000|  0%| F|  |TAMS 0x000000074d700000, 0x000000074d700000| Untracked 
| 194|0x000000074d800000, 0x000000074d800000, 0x000000074d900000|  0%| F|  |TAMS 0x000000074d800000, 0x000000074d800000| Untracked 
| 195|0x000000074d900000, 0x000000074d900000, 0x000000074da00000|  0%| F|  |TAMS 0x000000074d900000, 0x000000074d900000| Untracked 
| 196|0x000000074da00000, 0x000000074da00000, 0x000000074db00000|  0%| F|  |TAMS 0x000000074da00000, 0x000000074da00000| Untracked 
| 197|0x000000074db00000, 0x000000074db00000, 0x000000074dc00000|  0%| F|  |TAMS 0x000000074db00000, 0x000000074db00000| Untracked 
| 198|0x000000074dc00000, 0x000000074dc00000, 0x000000074dd00000|  0%| F|  |TAMS 0x000000074dc00000, 0x000000074dc00000| Untracked 
| 199|0x000000074dd00000, 0x000000074dd00000, 0x000000074de00000|  0%| F|  |TAMS 0x000000074dd00000, 0x000000074dd00000| Untracked 
| 200|0x000000074de00000, 0x000000074de00000, 0x000000074df00000|  0%| F|  |TAMS 0x000000074de00000, 0x000000074de00000| Untracked 
| 201|0x000000074df00000, 0x000000074df00000, 0x000000074e000000|  0%| F|  |TAMS 0x000000074df00000, 0x000000074df00000| Untracked 
| 202|0x000000074e000000, 0x000000074e000000, 0x000000074e100000|  0%| F|  |TAMS 0x000000074e000000, 0x000000074e000000| Untracked 
| 203|0x000000074e100000, 0x000000074e100000, 0x000000074e200000|  0%| F|  |TAMS 0x000000074e100000, 0x000000074e100000| Untracked 
| 204|0x000000074e200000, 0x000000074e200000, 0x000000074e300000|  0%| F|  |TAMS 0x000000074e200000, 0x000000074e200000| Untracked 
| 205|0x000000074e300000, 0x000000074e300000, 0x000000074e400000|  0%| F|  |TAMS 0x000000074e300000, 0x000000074e300000| Untracked 
| 206|0x000000074e400000, 0x000000074e400000, 0x000000074e500000|  0%| F|  |TAMS 0x000000074e400000, 0x000000074e400000| Untracked 
| 207|0x000000074e500000, 0x000000074e500000, 0x000000074e600000|  0%| F|  |TAMS 0x000000074e500000, 0x000000074e500000| Untracked 
| 208|0x000000074e600000, 0x000000074e600000, 0x000000074e700000|  0%| F|  |TAMS 0x000000074e600000, 0x000000074e600000| Untracked 
| 209|0x000000074e700000, 0x000000074e700000, 0x000000074e800000|  0%| F|  |TAMS 0x000000074e700000, 0x000000074e700000| Untracked 
| 210|0x000000074e800000, 0x000000074e800000, 0x000000074e900000|  0%| F|  |TAMS 0x000000074e800000, 0x000000074e800000| Untracked 
| 211|0x000000074e900000, 0x000000074e900000, 0x000000074ea00000|  0%| F|  |TAMS 0x000000074e900000, 0x000000074e900000| Untracked 
| 212|0x000000074ea00000, 0x000000074ea00000, 0x000000074eb00000|  0%| F|  |TAMS 0x000000074ea00000, 0x000000074ea00000| Untracked 
| 213|0x000000074eb00000, 0x000000074eb00000, 0x000000074ec00000|  0%| F|  |TAMS 0x000000074eb00000, 0x000000074eb00000| Untracked 
| 214|0x000000074ec00000, 0x000000074ec00000, 0x000000074ed00000|  0%| F|  |TAMS 0x000000074ec00000, 0x000000074ec00000| Untracked 
| 215|0x000000074ed00000, 0x000000074ed00000, 0x000000074ee00000|  0%| F|  |TAMS 0x000000074ed00000, 0x000000074ed00000| Untracked 
| 216|0x000000074ee00000, 0x000000074ee00000, 0x000000074ef00000|  0%| F|  |TAMS 0x000000074ee00000, 0x000000074ee00000| Untracked 
| 217|0x000000074ef00000, 0x000000074ef00000, 0x000000074f000000|  0%| F|  |TAMS 0x000000074ef00000, 0x000000074ef00000| Untracked 
| 218|0x000000074f000000, 0x000000074f000000, 0x000000074f100000|  0%| F|  |TAMS 0x000000074f000000, 0x000000074f000000| Untracked 
| 219|0x000000074f100000, 0x000000074f100000, 0x000000074f200000|  0%| F|  |TAMS 0x000000074f100000, 0x000000074f100000| Untracked 
| 220|0x000000074f200000, 0x000000074f200000, 0x000000074f300000|  0%| F|  |TAMS 0x000000074f200000, 0x000000074f200000| Untracked 
| 221|0x000000074f300000, 0x000000074f300000, 0x000000074f400000|  0%| F|  |TAMS 0x000000074f300000, 0x000000074f300000| Untracked 
| 222|0x000000074f400000, 0x000000074f400000, 0x000000074f500000|  0%| F|  |TAMS 0x000000074f400000, 0x000000074f400000| Untracked 
| 223|0x000000074f500000, 0x000000074f500000, 0x000000074f600000|  0%| F|  |TAMS 0x000000074f500000, 0x000000074f500000| Untracked 
| 224|0x000000074f600000, 0x000000074f600000, 0x000000074f700000|  0%| F|  |TAMS 0x000000074f600000, 0x000000074f600000| Untracked 
| 225|0x000000074f700000, 0x000000074f800000, 0x000000074f800000|100%| E|  |TAMS 0x000000074f700000, 0x000000074f700000| Complete 
| 226|0x000000074f800000, 0x000000074f900000, 0x000000074f900000|100%| E|CS|TAMS 0x000000074f800000, 0x000000074f800000| Complete 
| 227|0x000000074f900000, 0x000000074fa00000, 0x000000074fa00000|100%| E|CS|TAMS 0x000000074f900000, 0x000000074f900000| Complete 
| 228|0x000000074fa00000, 0x000000074fb00000, 0x000000074fb00000|100%| E|CS|TAMS 0x000000074fa00000, 0x000000074fa00000| Complete 
| 229|0x000000074fb00000, 0x000000074fc00000, 0x000000074fc00000|100%| E|CS|TAMS 0x000000074fb00000, 0x000000074fb00000| Complete 
| 230|0x000000074fc00000, 0x000000074fd00000, 0x000000074fd00000|100%| E|CS|TAMS 0x000000074fc00000, 0x000000074fc00000| Complete 
| 231|0x000000074fd00000, 0x000000074fe00000, 0x000000074fe00000|100%| E|CS|TAMS 0x000000074fd00000, 0x000000074fd00000| Complete 
| 232|0x000000074fe00000, 0x000000074ff00000, 0x000000074ff00000|100%| E|CS|TAMS 0x000000074fe00000, 0x000000074fe00000| Complete 
| 233|0x000000074ff00000, 0x0000000750000000, 0x0000000750000000|100%| E|CS|TAMS 0x000000074ff00000, 0x000000074ff00000| Complete 

Card table byte_map: [0x000002a4d3320000,0x000002a4d3920000] _byte_map_base: 0x000002a4cf915000

Marking Bits (Prev, Next): (CMBitMap*) 0x000002a4bfc3dca0, (CMBitMap*) 0x000002a4bfc3dc68
 Prev Bits: [0x000002a4d6ed0000, 0x000002a4d9e78000)
 Next Bits: [0x000002a4d3f20000, 0x000002a4d6ec8000)

Polling page: 0x000002a4be250000

Metaspace:

Usage:
  Non-class:     63.95 MB capacity,    63.57 MB (>99%) used,   292.10 KB ( <1%) free+waste,    97.81 KB ( <1%) overhead. 
      Class:      7.96 MB capacity,     7.76 MB ( 98%) used,   166.90 KB (  2%) free+waste,    36.75 KB ( <1%) overhead. 
       Both:     71.91 MB capacity,    71.33 MB (>99%) used,   459.00 KB ( <1%) free+waste,   134.56 KB ( <1%) overhead. 

Virtual space:
  Non-class space:       64.00 MB reserved,      64.00 MB (100%) committed 
      Class space:        1.00 GB reserved,       8.00 MB ( <1%) committed 
             Both:        1.06 GB reserved,      72.00 MB (  7%) committed 

Chunk freelists:
   Non-Class:  53.00 KB
       Class:  12.00 KB
        Both:  65.00 KB

MaxMetaspaceSize: 17179869184.00 GB
CompressedClassSpaceSize: 1.00 GB

CodeHeap 'non-profiled nmethods': size=120064Kb used=4150Kb max_used=4150Kb free=115913Kb
 bounds [0x000002a4cb1a0000, 0x000002a4cb5b0000, 0x000002a4d26e0000]
CodeHeap 'profiled nmethods': size=120000Kb used=25184Kb max_used=25184Kb free=94815Kb
 bounds [0x000002a4c3c70000, 0x000002a4c5510000, 0x000002a4cb1a0000]
CodeHeap 'non-nmethods': size=5696Kb used=1284Kb max_used=1337Kb free=4411Kb
 bounds [0x000002a4c36e0000, 0x000002a4c3950000, 0x000002a4c3c70000]
 total_blobs=9759 nmethods=9107 adapters=560
 compilation: enabled
              stopped_count=0, restarted_count=0
 full_count=0

Compilation events (20 events):
Event: 12.761 Thread 0x000002a4dcd57800 9129       3       org.jetbrains.kotlin.types.TypeUtils::makeUnsubstitutedType (61 bytes)
Event: 12.762 Thread 0x000002a4dcd57800 nmethod 9129 0x000002a4c54da390 code [0x000002a4c54da5c0, 0x000002a4c54daa28]
Event: 12.762 Thread 0x000002a4dcd57800 9133       3       org.jetbrains.kotlin.types.TypeSubstitutionKt::replace (74 bytes)
Event: 12.763 Thread 0x000002a4dcd0e800 nmethod 9132 0x000002a4cb5acf10 code [0x000002a4cb5ad0c0, 0x000002a4cb5ad1d8]
Event: 12.763 Thread 0x000002a4dcd0e800 9135       4       org.jetbrains.kotlin.load.kotlin.TypeSignatureMappingKt::mapBuiltInType (342 bytes)
Event: 12.763 Thread 0x000002a4dcd57800 nmethod 9133 0x000002a4c54dac10 code [0x000002a4c54dafc0, 0x000002a4c54dc548]
Event: 12.763 Thread 0x000002a4dcd57800 9134       3       org.jetbrains.kotlin.ir.declarations.impl.IrExternalPackageFragmentImpl::getSymbol (8 bytes)
Event: 12.764 Thread 0x000002a4dcd57800 nmethod 9134 0x000002a4c54dcc10 code [0x000002a4c54dcdc0, 0x000002a4c54dcff8]
Event: 12.764 Thread 0x000002a4dcd57800 9138       3       org.jetbrains.kotlin.backend.jvm.codegen.ExpressionCodegen::markLineNumber (119 bytes)
Event: 12.765 Thread 0x000002a4dcd57800 nmethod 9138 0x000002a4c54dd090 code [0x000002a4c54dd300, 0x000002a4c54dde08]
Event: 12.765 Thread 0x000002a4dcd57800 9139       3       org.jetbrains.kotlin.types.TypeSubstitutionKt::replace$default (29 bytes)
Event: 12.765 Thread 0x000002a4dcd57800 nmethod 9139 0x000002a4c54de210 code [0x000002a4c54de3e0, 0x000002a4c54de748]
Event: 12.765 Thread 0x000002a4dcd57800 9137       3       org.jetbrains.kotlin.ir.descriptors.LazyTypeConstructor::getParameters (5 bytes)
Event: 12.765 Thread 0x000002a4dcd57800 nmethod 9137 0x000002a4c54de890 code [0x000002a4c54dea60, 0x000002a4c54deda8]
Event: 12.765 Thread 0x000002a4dcd57800 9136       3       org.jetbrains.kotlin.codegen.inline.MaxStackFrameSizeAndLocalsCalculator::visitMethodInsn (59 bytes)
Event: 12.766 Thread 0x000002a4dcd57800 nmethod 9136 0x000002a4c54dee90 code [0x000002a4c54df060, 0x000002a4c54df398]
Event: 12.766 Thread 0x000002a4dcd57800 9141       1       org.jetbrains.kotlin.backend.jvm.codegen.IrCallableMethod::getValueParameterTypes (5 bytes)
Event: 12.766 Thread 0x000002a4dcd57800 nmethod 9141 0x000002a4cb5ad390 code [0x000002a4cb5ad540, 0x000002a4cb5ad5f8]
Event: 12.808 Thread 0x000002a4dcd57800 9142       3       org.jetbrains.org.objectweb.asm.tree.LabelNode::resetLabel (6 bytes)
Event: 12.808 Thread 0x000002a4dcd57800 nmethod 9142 0x000002a4c54df510 code [0x000002a4c54df6c0, 0x000002a4c54df7f8]

GC Heap History (16 events):
Event: 0.809 GC heap before
{Heap before GC invocations=0 (full 0):
 garbage-first heap   total 196608K, used 17408K [0x0000000741600000, 0x0000000800000000)
  region size 1024K, 14 young (14336K), 0 survivors (0K)
 Metaspace       used 9769K, capacity 9871K, committed 10112K, reserved 1058816K
  class space    used 828K, capacity 884K, committed 896K, reserved 1048576K
}
Event: 0.826 GC heap after
{Heap after GC invocations=1 (full 0):
 garbage-first heap   total 196608K, used 5144K [0x0000000741600000, 0x0000000800000000)
  region size 1024K, 2 young (2048K), 2 survivors (2048K)
 Metaspace       used 9769K, capacity 9871K, committed 10112K, reserved 1058816K
  class space    used 828K, capacity 884K, committed 896K, reserved 1048576K
}
Event: 2.012 GC heap before
{Heap before GC invocations=1 (full 0):
 garbage-first heap   total 196608K, used 52248K [0x0000000741600000, 0x0000000800000000)
  region size 1024K, 49 young (50176K), 2 survivors (2048K)
 Metaspace       used 20978K, capacity 21191K, committed 21248K, reserved 1069056K
  class space    used 2219K, capacity 2291K, committed 2304K, reserved 1048576K
}
Event: 2.027 GC heap after
{Heap after GC invocations=2 (full 0):
 garbage-first heap   total 196608K, used 9470K [0x0000000741600000, 0x0000000800000000)
  region size 1024K, 7 young (7168K), 7 survivors (7168K)
 Metaspace       used 20978K, capacity 21191K, committed 21248K, reserved 1069056K
  class space    used 2219K, capacity 2291K, committed 2304K, reserved 1048576K
}
Event: 3.299 GC heap before
{Heap before GC invocations=3 (full 0):
 garbage-first heap   total 196608K, used 72958K [0x0000000741600000, 0x0000000800000000)
  region size 1024K, 57 young (58368K), 7 survivors (7168K)
 Metaspace       used 30694K, capacity 31114K, committed 31228K, reserved 1077248K
  class space    used 3641K, capacity 3803K, committed 3836K, reserved 1048576K
}
Event: 3.320 GC heap after
{Heap after GC invocations=4 (full 0):
 garbage-first heap   total 196608K, used 24497K [0x0000000741600000, 0x0000000800000000)
  region size 1024K, 7 young (7168K), 7 survivors (7168K)
 Metaspace       used 30694K, capacity 31114K, committed 31228K, reserved 1077248K
  class space    used 3641K, capacity 3803K, committed 3836K, reserved 1048576K
}
Event: 3.905 GC heap before
{Heap before GC invocations=4 (full 0):
 garbage-first heap   total 196608K, used 49073K [0x0000000741600000, 0x0000000800000000)
  region size 1024K, 32 young (32768K), 7 survivors (7168K)
 Metaspace       used 35318K, capacity 35750K, committed 35964K, reserved 1081344K
  class space    used 4140K, capacity 4324K, committed 4476K, reserved 1048576K
}
Event: 3.918 GC heap after
{Heap after GC invocations=5 (full 0):
 garbage-first heap   total 196608K, used 24988K [0x0000000741600000, 0x0000000800000000)
  region size 1024K, 3 young (3072K), 3 survivors (3072K)
 Metaspace       used 35318K, capacity 35750K, committed 35964K, reserved 1081344K
  class space    used 4140K, capacity 4324K, committed 4476K, reserved 1048576K
}
Event: 5.747 GC heap before
{Heap before GC invocations=6 (full 0):
 garbage-first heap   total 196608K, used 94620K [0x0000000741600000, 0x0000000800000000)
  region size 1024K, 69 young (70656K), 3 survivors (3072K)
 Metaspace       used 48406K, capacity 48982K, committed 49276K, reserved 1093632K
  class space    used 5676K, capacity 5914K, committed 6012K, reserved 1048576K
}
Event: 5.766 GC heap after
{Heap after GC invocations=7 (full 0):
 garbage-first heap   total 239616K, used 34353K [0x0000000741600000, 0x0000000800000000)
  region size 1024K, 9 young (9216K), 9 survivors (9216K)
 Metaspace       used 48406K, capacity 48982K, committed 49276K, reserved 1093632K
  class space    used 5676K, capacity 5914K, committed 6012K, reserved 1048576K
}
Event: 7.772 GC heap before
{Heap before GC invocations=7 (full 0):
 garbage-first heap   total 239616K, used 111153K [0x0000000741600000, 0x0000000800000000)
  region size 1024K, 83 young (84992K), 9 survivors (9216K)
 Metaspace       used 52527K, capacity 53135K, committed 53372K, reserved 1095680K
  class space    used 5987K, capacity 6227K, committed 6268K, reserved 1048576K
}
Event: 7.801 GC heap after
{Heap after GC invocations=8 (full 0):
 garbage-first heap   total 239616K, used 44136K [0x0000000741600000, 0x0000000800000000)
  region size 1024K, 10 young (10240K), 10 survivors (10240K)
 Metaspace       used 52527K, capacity 53135K, committed 53372K, reserved 1095680K
  class space    used 5987K, capacity 6227K, committed 6268K, reserved 1048576K
}
Event: 9.432 GC heap before
{Heap before GC invocations=8 (full 0):
 garbage-first heap   total 239616K, used 99432K [0x0000000741600000, 0x0000000800000000)
  region size 1024K, 65 young (66560K), 10 survivors (10240K)
 Metaspace       used 59508K, capacity 60142K, committed 60284K, reserved 1101824K
  class space    used 6653K, capacity 6915K, committed 7036K, reserved 1048576K
}
Event: 9.475 GC heap after
{Heap after GC invocations=9 (full 0):
 garbage-first heap   total 239616K, used 48825K [0x0000000741600000, 0x0000000800000000)
  region size 1024K, 5 young (5120K), 5 survivors (5120K)
 Metaspace       used 59508K, capacity 60142K, committed 60284K, reserved 1101824K
  class space    used 6653K, capacity 6915K, committed 7036K, reserved 1048576K
}
Event: 12.502 GC heap before
{Heap before GC invocations=10 (full 0):
 garbage-first heap   total 239616K, used 143033K [0x0000000741600000, 0x0000000800000000)
  region size 1024K, 97 young (99328K), 5 survivors (5120K)
 Metaspace       used 71455K, capacity 72114K, committed 72444K, reserved 1114112K
  class space    used 7835K, capacity 8048K, committed 8188K, reserved 1048576K
}
Event: 12.525 GC heap after
{Heap after GC invocations=11 (full 0):
 garbage-first heap   total 239616K, used 56267K [0x0000000741600000, 0x0000000800000000)
  region size 1024K, 13 young (13312K), 13 survivors (13312K)
 Metaspace       used 71455K, capacity 72114K, committed 72444K, reserved 1114112K
  class space    used 7835K, capacity 8048K, committed 8188K, reserved 1048576K
}

Deoptimization events (20 events):
Event: 12.708 Thread 0x000002a4bfbeb800 Uncommon trap: trap_request=0xffffffc6 fr.pc=0x000002a4cb596ddc relative=0x000000000000045c
Event: 12.708 Thread 0x000002a4bfbeb800 Uncommon trap: reason=bimorphic_or_optimized_type_check action=maybe_recompile pc=0x000002a4cb596ddc method=gnu.trove.TObjectHash.insertionIndex(Ljava/lang/Object;)I @ 177 c2
Event: 12.708 Thread 0x000002a4bfbeb800 DEOPT PACKING pc=0x000002a4cb596ddc sp=0x000000c5f75fd040
Event: 12.708 Thread 0x000002a4bfbeb800 DEOPT UNPACKING pc=0x000002a4c3707b2f sp=0x000000c5f75fcfc8 mode 2
Event: 12.708 Thread 0x000002a4bfbeb800 Uncommon trap: trap_request=0xffffffc6 fr.pc=0x000002a4cb596ddc relative=0x000000000000045c
Event: 12.708 Thread 0x000002a4bfbeb800 Uncommon trap: reason=bimorphic_or_optimized_type_check action=maybe_recompile pc=0x000002a4cb596ddc method=gnu.trove.TObjectHash.insertionIndex(Ljava/lang/Object;)I @ 177 c2
Event: 12.708 Thread 0x000002a4bfbeb800 DEOPT PACKING pc=0x000002a4cb596ddc sp=0x000000c5f75fd040
Event: 12.708 Thread 0x000002a4bfbeb800 DEOPT UNPACKING pc=0x000002a4c3707b2f sp=0x000000c5f75fcfc8 mode 2
Event: 12.737 Thread 0x000002a4bfbeb800 Uncommon trap: trap_request=0xffffffde fr.pc=0x000002a4cb52ef40 relative=0x0000000000000260
Event: 12.737 Thread 0x000002a4bfbeb800 Uncommon trap: reason=class_check action=maybe_recompile pc=0x000002a4cb52ef40 method=org.jetbrains.kotlin.utils.ThreadLocalDelegate.getValue(Ljava/lang/Object;Lkotlin/reflect/KProperty;)Ljava/lang/Object; @ 45 c2
Event: 12.737 Thread 0x000002a4bfbeb800 DEOPT PACKING pc=0x000002a4cb52ef40 sp=0x000000c5f75fc900
Event: 12.737 Thread 0x000002a4bfbeb800 DEOPT UNPACKING pc=0x000002a4c3707b2f sp=0x000000c5f75fc888 mode 2
Event: 12.766 Thread 0x000002a4bfbeb800 Uncommon trap: trap_request=0xffffff4d fr.pc=0x000002a4cb59a9f4 relative=0x0000000000000474
Event: 12.766 Thread 0x000002a4bfbeb800 Uncommon trap: reason=unstable_if action=reinterpret pc=0x000002a4cb59a9f4 method=gnu.trove.TObjectHash.index(Ljava/lang/Object;)I @ 54 c2
Event: 12.766 Thread 0x000002a4bfbeb800 DEOPT PACKING pc=0x000002a4cb59a9f4 sp=0x000000c5f75fc1c0
Event: 12.766 Thread 0x000002a4bfbeb800 DEOPT UNPACKING pc=0x000002a4c3707b2f sp=0x000000c5f75fc138 mode 2
Event: 12.795 Thread 0x000002a4bfbeb800 Uncommon trap: trap_request=0xffffff4d fr.pc=0x000002a4cb581240 relative=0x0000000000000500
Event: 12.795 Thread 0x000002a4bfbeb800 Uncommon trap: reason=unstable_if action=reinterpret pc=0x000002a4cb581240 method=java.lang.String.valueOf(Ljava/lang/Object;)Ljava/lang/String; @ 1 c2
Event: 12.795 Thread 0x000002a4bfbeb800 DEOPT PACKING pc=0x000002a4cb581240 sp=0x000000c5f75fc4e0
Event: 12.795 Thread 0x000002a4bfbeb800 DEOPT UNPACKING pc=0x000002a4c3707b2f sp=0x000000c5f75fc478 mode 2

Classes redefined (0 events):
No events

Internal exceptions (20 events):
Event: 2.627 Thread 0x000002a4bfbeb800 Exception <a 'java/lang/NoSuchMethodError'{0x000000074bdc1cb0}: 'int java.lang.invoke.DirectMethodHandle$Holder.invokeVirtual(java.lang.Object, java.lang.Object)'> (0x000000074bdc1cb0) thrown at [./src/hotspot/share/interpreter/linkResolver.cpp, line 773]
Event: 3.603 Thread 0x000002a4bfbeb800 Exception <a 'java/lang/NoSuchMethodError'{0x000000074ca55a88}: 'java.lang.Object java.lang.invoke.DirectMethodHandle$Holder.invokeVirtual(java.lang.Object, java.lang.Object, java.lang.Object)'> (0x000000074ca55a88) thrown at [./src/hotspot/share/interpreter/linkResolver.cpp, line 773]
Event: 4.519 Thread 0x000002a4bfbeb800 Exception <a 'java/lang/NoSuchMethodError'{0x000000074b7aced8}: 'java.lang.Object java.lang.invoke.Invokers$Holder.linkToTargetMethod(java.lang.Object, int, java.lang.Object)'> (0x000000074b7aced8) thrown at [./src/hotspot/share/interpreter/linkResolver.cpp, line 773]
Event: 4.634 Thread 0x000002a4bfbeb800 Exception <a 'java/lang/NoSuchMethodError'{0x000000074b4e6888}: 'java.lang.Object java.lang.invoke.DirectMethodHandle$Holder.invokeStatic(java.lang.Object, java.lang.Object, java.lang.Object, int)'> (0x000000074b4e6888) thrown at [./src/hotspot/share/interpreter/linkResolver.cpp, line 773]
Event: 4.634 Thread 0x000002a4bfbeb800 Exception <a 'java/lang/NoSuchMethodError'{0x000000074b4ea4f8}: 'java.lang.Object java.lang.invoke.DirectMethodHandle$Holder.invokeSpecial(java.lang.Object, java.lang.Object, java.lang.Object, java.lang.Object, int)'> (0x000000074b4ea4f8) thrown at [./src/hotspot/share/interpreter/linkResolver.cpp, line 773]
Event: 4.634 Thread 0x000002a4bfbeb800 Exception <a 'java/lang/NoSuchMethodError'{0x000000074b4ed808}: 'java.lang.Object java.lang.invoke.Invokers$Holder.linkToTargetMethod(java.lang.Object, java.lang.Object, int, java.lang.Object)'> (0x000000074b4ed808) thrown at [./src/hotspot/share/interpreter/linkResolver.cpp, line 773]
Event: 5.782 Thread 0x000002a4bfbeb800 Exception <a 'java/lang/NoSuchMethodError'{0x000000074ff8d398}: 'java.lang.Object java.lang.invoke.DirectMethodHandle$Holder.invokeStaticInit(java.lang.Object, java.lang.Object, java.lang.Object)'> (0x000000074ff8d398) thrown at [./src/hotspot/share/interpreter/linkResolver.cpp, line 773]
Event: 7.173 Thread 0x000002a4bfbeb800 Exception <a 'java/lang/NoSuchMethodError'{0x000000074cd8d1a0}: 'java.lang.Object java.lang.invoke.Invokers$Holder.linkToTargetMethod(java.lang.Object, java.lang.Object, java.lang.Object, java.lang.Object, java.lang.Object, java.lang.Object)'> (0x000000074cd8d1a0) thrown at [./src/hotspot/share/interpreter/linkResolver.cpp, line 773]
Event: 7.179 Thread 0x000002a4bfbeb800 Exception <a 'java/lang/NoSuchMethodError'{0x000000074cde6458}: 'int java.lang.invoke.DirectMethodHandle$Holder.invokeStaticInit(java.lang.Object, int)'> (0x000000074cde6458) thrown at [./src/hotspot/share/interpreter/linkResolver.cpp, line 773]
Event: 7.488 Thread 0x000002a4bfbeb800 Implicit null exception at 0x000002a4cb34d333 to 0x000002a4cb34d7f4
Event: 7.770 Thread 0x000002a4bfbeb800 Implicit null exception at 0x000002a4cb2860c3 to 0x000002a4cb286248
Event: 7.770 Thread 0x000002a4bfbeb800 Implicit null exception at 0x000002a4cb1fb3f8 to 0x000002a4cb1fb48a
Event: 8.145 Thread 0x000002a4bfbeb800 Exception <a 'java/lang/NoSuchMethodError'{0x000000074efdf338}: 'java.lang.Object java.lang.invoke.Invokers$Holder.linkToTargetMethod(java.lang.Object, java.lang.Object, java.lang.Object, java.lang.Object, java.lang.Object, java.lang.Object, java.lang.Object)'> (0x000000074efdf338) thrown at [./src/hotspot/share/interpreter/linkResolver.cpp, line 773]
Event: 8.272 Thread 0x000002a4bfbeb800 Implicit null exception at 0x000002a4cb1f75f5 to 0x000002a4cb1f77e4
Event: 8.272 Thread 0x000002a4bfbeb800 Implicit null exception at 0x000002a4cb1f9d2f to 0x000002a4cb1f9da9
Event: 10.235 Thread 0x000002a4bfbeb800 Exception <a 'java/lang/NoSuchMethodError'{0x000000074ecbdfe8}: 'java.lang.Object java.lang.invoke.DirectMethodHandle$Holder.invokeStatic(java.lang.Object, int, java.lang.Object, java.lang.Object)'> (0x000000074ecbdfe8) thrown at [./src/hotspot/share/interpreter/linkResolver.cpp, line 773]
Event: 10.236 Thread 0x000002a4bfbeb800 Exception <a 'java/lang/NoSuchMethodError'{0x000000074ecc8c10}: 'int java.lang.invoke.DirectMethodHandle$Holder.invokeInterface(java.lang.Object, java.lang.Object)'> (0x000000074ecc8c10) thrown at [./src/hotspot/share/interpreter/linkResolver.cpp, line 773]
Event: 10.652 Thread 0x000002a4bfbeb800 Implicit null exception at 0x000002a4cb2028f4 to 0x000002a4cb202b24
Event: 11.261 Thread 0x000002a4bfbeb800 Implicit null exception at 0x000002a4cb523c72 to 0x000002a4cb523d19
Event: 11.891 Thread 0x000002a4bfbeb800 Implicit null exception at 0x000002a4cb557556 to 0x000002a4cb55778e

Events (20 events):
Event: 12.783 loading class org/jetbrains/kotlin/ir/util/RenderIrElementVisitor done
Event: 12.790 loading class org/jetbrains/kotlin/ir/util/RenderIrElementVisitor$BoundSymbolReferenceRenderer
Event: 12.790 loading class org/jetbrains/kotlin/ir/util/RenderIrElementVisitor$BoundSymbolReferenceRenderer done
Event: 12.793 loading class org/jetbrains/kotlin/ir/util/RenderIrElementVisitor$renderTypeAnnotations$1
Event: 12.793 loading class org/jetbrains/kotlin/ir/util/RenderIrElementVisitor$renderTypeAnnotations$1 done
Event: 12.794 loading class org/jetbrains/kotlin/ir/util/RenderIrElementVisitor$renderTypeInner$1$1
Event: 12.794 loading class org/jetbrains/kotlin/ir/util/RenderIrElementVisitor$renderTypeInner$1$1 done
Event: 12.795 loading class org/jetbrains/kotlin/codegen/ExpressionCodegen
Event: 12.795 loading class org/jetbrains/kotlin/codegen/ExpressionCodegen done
Event: 12.806 loading class org/jetbrains/kotlin/codegen/inline/InlineResult
Event: 12.806 loading class org/jetbrains/kotlin/codegen/inline/InlineResult done
Event: 12.807 loading class org/jetbrains/kotlin/codegen/inline/InlineResult$Companion
Event: 12.807 loading class org/jetbrains/kotlin/codegen/inline/InlineResult$Companion done
Event: 12.807 loading class org/jetbrains/kotlin/codegen/inline/LocalVarRemapper
Event: 12.807 loading class org/jetbrains/kotlin/codegen/inline/LocalVarRemapper done
Event: 12.808 loading class org/jetbrains/kotlin/codegen/inline/MethodInliner$prepareNode$transformationVisitor$1
Event: 12.808 loading class org/jetbrains/kotlin/codegen/inline/MethodInliner$prepareNode$transformationVisitor$1 done
Event: 12.809 loading class org/jetbrains/kotlin/codegen/inline/InlineMethodInstructionAdapter
Event: 12.809 loading class org/jetbrains/kotlin/codegen/inline/InlineMethodInstructionAdapter done
Event: 12.809 Executing VM operation: Deoptimize


Dynamic libraries:
0x00007ff6a1040000 - 0x00007ff6a104a000 	C:\Program Files\Android\Android Studio4\jre\bin\java.exe
0x00007ffa1be90000 - 0x00007ffa1c085000 	C:\WINDOWS\SYSTEM32\ntdll.dll
0x00007ffa1bc40000 - 0x00007ffa1bcfe000 	C:\WINDOWS\System32\KERNEL32.DLL
0x00007ffa198b0000 - 0x00007ffa19b78000 	C:\WINDOWS\System32\KERNELBASE.dll
0x00007ffa19660000 - 0x00007ffa19760000 	C:\WINDOWS\System32\ucrtbase.dll
0x00007ff9f4b40000 - 0x00007ff9f4b59000 	C:\Program Files\Android\Android Studio4\jre\bin\jli.dll
0x00007ff9f4b20000 - 0x00007ff9f4b37000 	C:\Program Files\Android\Android Studio4\jre\bin\VCRUNTIME140.dll
0x00007ffa1b3d0000 - 0x00007ffa1b570000 	C:\WINDOWS\System32\USER32.dll
0x00007ffa01d90000 - 0x00007ffa0202a000 	C:\WINDOWS\WinSxS\amd64_microsoft.windows.common-controls_6595b64144ccf1df_6.0.19041.1110_none_60b5254171f9507e\COMCTL32.dll
0x00007ffa19d60000 - 0x00007ffa19d82000 	C:\WINDOWS\System32\win32u.dll
0x00007ffa1a920000 - 0x00007ffa1a9be000 	C:\WINDOWS\System32\msvcrt.dll
0x00007ffa1b3a0000 - 0x00007ffa1b3cb000 	C:\WINDOWS\System32\GDI32.dll
0x00007ffa19c50000 - 0x00007ffa19d5b000 	C:\WINDOWS\System32\gdi32full.dll
0x00007ffa19b80000 - 0x00007ffa19c1d000 	C:\WINDOWS\System32\msvcp_win.dll
0x00007ffa1bbb0000 - 0x00007ffa1bbe0000 	C:\WINDOWS\System32\IMM32.DLL
0x00007ff9e0b90000 - 0x00007ff9e0c2d000 	C:\Program Files\Android\Android Studio4\jre\bin\msvcp140.dll
0x00007ff9bcec0000 - 0x00007ff9bd98f000 	C:\Program Files\Android\Android Studio4\jre\bin\server\jvm.dll
0x00007ffa1ad20000 - 0x00007ffa1adce000 	C:\WINDOWS\System32\ADVAPI32.dll
0x00007ffa1b590000 - 0x00007ffa1b62c000 	C:\WINDOWS\System32\sechost.dll
0x00007ffa1af10000 - 0x00007ffa1b035000 	C:\WINDOWS\System32\RPCRT4.dll
0x00007ffa1aa30000 - 0x00007ffa1aa38000 	C:\WINDOWS\System32\PSAPI.DLL
0x00007ffa08030000 - 0x00007ffa08039000 	C:\WINDOWS\SYSTEM32\WSOCK32.dll
0x00007ffa105a0000 - 0x00007ffa105aa000 	C:\WINDOWS\SYSTEM32\VERSION.dll
0x00007ffa06040000 - 0x00007ffa06067000 	C:\WINDOWS\SYSTEM32\WINMM.dll
0x00007ffa1bb40000 - 0x00007ffa1bbab000 	C:\WINDOWS\System32\WS2_32.dll
0x00007ffa17e50000 - 0x00007ffa17e62000 	C:\WINDOWS\SYSTEM32\kernel.appcore.dll
0x00007ffa13010000 - 0x00007ffa13021000 	C:\Program Files\Android\Android Studio4\jre\bin\verify.dll
0x00007ffa17b60000 - 0x00007ffa17d44000 	C:\WINDOWS\SYSTEM32\DBGHELP.DLL
0x00007ffa00d40000 - 0x00007ffa00d6c000 	C:\WINDOWS\SYSTEM32\dbgcore.DLL
0x00007ffa197d0000 - 0x00007ffa19852000 	C:\WINDOWS\System32\bcryptPrimitives.dll
0x00007ffa126e0000 - 0x00007ffa12709000 	C:\Program Files\Android\Android Studio4\jre\bin\java.dll
0x00007ffa144b0000 - 0x00007ffa144bb000 	C:\Program Files\Android\Android Studio4\jre\bin\jimage.dll
0x00007ffa12af0000 - 0x00007ffa12b08000 	C:\Program Files\Android\Android Studio4\jre\bin\zip.dll
0x00007ffa19ef0000 - 0x00007ffa1a634000 	C:\WINDOWS\System32\SHELL32.dll
0x00007ffa172f0000 - 0x00007ffa17a84000 	C:\WINDOWS\SYSTEM32\windows.storage.dll
0x00007ffa1b040000 - 0x00007ffa1b394000 	C:\WINDOWS\System32\combase.dll
0x00007ffa19010000 - 0x00007ffa1903c000 	C:\WINDOWS\SYSTEM32\Wldp.dll
0x00007ffa1a870000 - 0x00007ffa1a91d000 	C:\WINDOWS\System32\SHCORE.dll
0x00007ffa1a9c0000 - 0x00007ffa1aa15000 	C:\WINDOWS\System32\shlwapi.dll
0x00007ffa194f0000 - 0x00007ffa1950f000 	C:\WINDOWS\SYSTEM32\profapi.dll
0x00007ffa10dd0000 - 0x00007ffa10dea000 	C:\Program Files\Android\Android Studio4\jre\bin\net.dll
0x00007ffa09ad0000 - 0x00007ffa09bd9000 	C:\WINDOWS\SYSTEM32\WINHTTP.dll
0x00007ffa18d70000 - 0x00007ffa18dda000 	C:\WINDOWS\system32\mswsock.dll
0x00007ff9f8a80000 - 0x00007ff9f8a94000 	C:\Program Files\Android\Android Studio4\jre\bin\nio.dll

dbghelp: loaded successfully - version: 4.0.5 - missing functions: none
symbol engine: initialized successfully - sym options: 0x614 - pdb path: .;C:\Program Files\Android\Android Studio4\jre\bin;C:\WINDOWS\SYSTEM32;C:\WINDOWS\WinSxS\amd64_microsoft.windows.common-controls_6595b64144ccf1df_6.0.19041.1110_none_60b5254171f9507e;C:\Program Files\Android\Android Studio4\jre\bin\server

VM Arguments:
java_command: org.jetbrains.kotlin.cli.jvm.K2JVMCompiler @C:\Users\leoba\AndroidStudioProjects\TextRecognizer\FirstComposoble\app\build\20220328_12772613075455917153.compiler.options
java_class_path (initial): C:\Users\leoba\.gradle\caches\modules-2\files-2.1\org.jetbrains.kotlin\kotlin-compiler-embeddable\1.5.21\40ddbcae9ff100473f95370c2d589ba3fc48eed5\kotlin-compiler-embeddable-1.5.21.jar;C:\Users\leoba\.gradle\caches\modules-2\files-2.1\org.jetbrains.kotlin\kotlin-reflect\1.5.21\802f1f39735ae1eb2b75714a40fa19bb2e687e96\kotlin-reflect-1.5.21.jar;C:\Users\leoba\.gradle\caches\modules-2\files-2.1\org.jetbrains.kotlin\kotlin-stdlib\1.5.21\2f537cad7e9eeb9da73738c8812e1e4cf9b62e4e\kotlin-stdlib-1.5.21.jar;C:\Users\leoba\.gradle\caches\modules-2\files-2.1\org.jetbrains.kotlin\kotlin-script-runtime\1.5.21\96d49e89873fde985750af354b6eabb60cfa999b\kotlin-script-runtime-1.5.21.jar;C:\Users\leoba\.gradle\caches\modules-2\files-2.1\org.jetbrains.kotlin\kotlin-daemon-embeddable\1.5.21\17255809e66a940dfdf6289bccbdfb5a09f3145\kotlin-daemon-embeddable-1.5.21.jar;C:\Users\leoba\.gradle\caches\modules-2\files-2.1\org.jetbrains.intellij.deps\trove4j\1.0.20181211\216c2e14b070f334479d800987affe4054cd563f\trove4j-1.0.20181211.jar;C:\Users\leoba\.gradle\caches\modules-2\files-2.1\org.jetbrains\annotations\13.0\919f0dfe192fb4e063e7dacadee7f8bb9a2672a9\annotations-13.0.jar;C:\Users\leoba\.gradle\caches\modules-2\files-2.1\org.jetbrains.kotlin\kotlin-stdlib-common\1.5.21\cc8bf3586fd2ebcf234058b9440bb406e62dfacb\kotlin-stdlib-common-1.5.21.jar
Launcher Type: SUN_STANDARD

[Global flags]
     intx CICompilerCount                          = 3                                         {product} {ergonomic}
     uint ConcGCThreads                            = 1                                         {product} {ergonomic}
     uint G1ConcRefinementThreads                  = 4                                         {product} {ergonomic}
   size_t G1HeapRegionSize                         = 1048576                                   {product} {ergonomic}
    uintx GCDrainStackTargetSize                   = 64                                        {product} {ergonomic}
   size_t InitialHeapSize                          = 201326592                                 {product} {ergonomic}
   size_t MarkStackSize                            = 4194304                                   {product} {ergonomic}
   size_t MaxHeapSize                              = 3198156800                                {product} {ergonomic}
   size_t MaxNewSize                               = 1918894080                                {product} {ergonomic}
   size_t MinHeapDeltaBytes                        = 1048576                                   {product} {ergonomic}
    uintx NonNMethodCodeHeapSize                   = 5830732                                {pd product} {ergonomic}
    uintx NonProfiledCodeHeapSize                  = 122913754                              {pd product} {ergonomic}
    uintx ProfiledCodeHeapSize                     = 122913754                              {pd product} {ergonomic}
    uintx ReservedCodeCacheSize                    = 251658240                              {pd product} {ergonomic}
     bool SegmentedCodeCache                       = true                                      {product} {ergonomic}
     bool UseCompressedClassPointers               = true                                 {lp64_product} {ergonomic}
     bool UseCompressedOops                        = true                                 {lp64_product} {ergonomic}
     bool UseG1GC                                  = true                                      {product} {ergonomic}
     bool UseLargePagesIndividualAllocation        = false                                  {pd product} {ergonomic}

Logging:
Log output configuration:
 #0: stdout all=warning uptime,level,tags
 #1: stderr all=off uptime,level,tags

Environment Variables:
PATH=C:\Program Files (x86)\Intel\Intel(R) Management Engine Components\iCLS\;C:\Program Files\Intel\Intel(R) Management Engine Components\iCLS\;C:\WINDOWS\system32;C:\WINDOWS;C:\WINDOWS\System32\Wbem;C:\WINDOWS\System32\WindowsPowerShell\v1.0\;C:\Program Files (x86)\Intel\Intel(R) Management Engine Components\DAL;C:\Program Files\Intel\Intel(R) Management Engine Components\DAL;C:\Program Files (x86)\Intel\Intel(R) Management Engine Components\IPT;C:\Program Files\Intel\Intel(R) Management Engine Components\IPT;c:\Program Files (x86)\Microsoft SQL Server\100\Tools\Binn\;c:\Program Files\Microsoft SQL Server\100\Tools\Binn\;c:\Program Files\Microsoft SQL Server\100\DTS\Binn\;c:\Program Files (x86)\Microsoft SQL Server\100\Tools\Binn\VSShell\Common7\IDE\;c:\Program Files (x86)\Microsoft SQL Server\100\DTS\Binn\;C:\Users\leoba\.dnx\bin;C:\Program Files\Microsoft DNX\Dnvm\;C:\Program Files\Microsoft SQL Server\130\Tools\Binn\;C:\WINDOWS\System32\OpenSSH\;C:\Program Files\Git\cmd;C:\Users\leoba\AppData\Local\Microsoft\WindowsApps;C:\Users\leoba\AppData\Local\GitHubDesktop\bin;%USERPROFILE%\AppData\Local\Microsoft\WindowsApps;
USERNAME=leoba
OS=Windows_NT
PROCESSOR_IDENTIFIER=Intel64 Family 6 Model 142 Stepping 10, GenuineIntel



---------------  S Y S T E M  ---------------

OS: Windows 10 , 64 bit Build 19041 (10.0.19041.1566)
OS uptime: 3 days 0:07 hours

CPU:total 4 (initial active 4) (2 cores per cpu, 2 threads per core) family 6 model 142 stepping 10 microcode 0xb4, cmov, cx8, fxsr, mmx, sse, sse2, sse3, ssse3, sse4.1, sse4.2, popcnt, avx, avx2, aes, clmul, erms, 3dnowpref, lzcnt, ht, tsc, tscinvbit, bmi1, bmi2, adx, fma

Memory: 4k page, system-wide physical 12197M (1036M free)
TotalPageFile size 12197M (AvailPageFile size 5M)
current process WorkingSet (physical memory assigned to process): 373M, peak: 378M
current process commit charge ("private bytes"): 475M, peak: 480M

vm_info: OpenJDK 64-Bit Server VM (11.0.10+0-b96-7249189) for windows-amd64 JRE (11.0.10+0-b96-7249189), built on Mar 31 2021 21:44:00 by "builder" with MS VC++ 14.0 (VS2015)

END.
