#
# There is insufficient memory for the Java Runtime Environment to continue.
# Native memory allocation (malloc) failed to allocate 32744 bytes for ChunkPool::allocate
# Possible reasons:
#   The system is out of physical RAM or swap space
#   The process is running with CompressedOops enabled, and the Java Heap may be blocking the growth of the native heap
# Possible solutions:
#   Reduce memory load on the system
#   Increase physical memory or swap space
#   Check if swap backing store is full
#   Decrease Java heap size (-Xmx/-Xms)
#   Decrease number of Java threads
#   Decrease Java thread stack sizes (-Xss)
#   Set larger code cache with -XX:ReservedCodeCacheSize=
#   JVM is running with Zero Based Compressed Oops mode in which the Java heap is
#     placed in the first 32GB address space. The Java Heap base address is the
#     maximum limit for the native heap growth. Please use -XX:HeapBaseMinAddress
#     to set the Java Heap base and to place the Java Heap above 32GB virtual address.
# This output file may be truncated or incomplete.
#
#  Out of Memory Error (./src/hotspot/share/memory/arena.cpp:81), pid=732, tid=10028
#
# JRE version: OpenJDK Runtime Environment (11.0.10) (build 11.0.10+0-b96-7249189)
# Java VM: OpenJDK 64-Bit Server VM (11.0.10+0-b96-7249189, mixed mode, tiered, compressed oops, g1 gc, windows-amd64)
# No core dump will be written. Minidumps are not enabled by default on client versions of Windows
#

---------------  S U M M A R Y ------------

Command Line: org.jetbrains.kotlin.cli.jvm.K2JVMCompiler @C:\Users\leoba\AndroidStudioProjects\TextRecognizer\FirstComposoble\app\build\20220611_14583747795449378771.compiler.options

Host: Intel(R) Core(TM) i3-7020U CPU @ 2.30GHz, 4 cores, 11G,  Windows 10 , 64 bit Build 19041 (10.0.19041.1706)
Time: Sat Jun 11 01:39:46 2022 Hora estándar de Argentina elapsed time: 3.402679 seconds (0d 0h 0m 3s)

---------------  T H R E A D  ---------------

Current thread (0x000001905b51e000):  JavaThread "C2 CompilerThread0" daemon [_thread_in_native, id=10028, stack(0x00000088e9500000,0x00000088e9600000)]


Current CompileTask:
C2:   3402 2201       4       org.jetbrains.kotlin.com.intellij.openapi.vfs.impl.ZipHandlerBase::getOrCreate (289 bytes)

Stack: [0x00000088e9500000,0x00000088e9600000]
Native frames: (J=compiled Java code, j=interpreted, Vv=VM code, C=native code)
V  [jvm.dll+0x5ecfaa]
V  [jvm.dll+0x722bd5]
V  [jvm.dll+0x72412d]
V  [jvm.dll+0x7247e3]
V  [jvm.dll+0x242928]
V  [jvm.dll+0xbc75b]
V  [jvm.dll+0xbca0c]
V  [jvm.dll+0xbc608]
V  [jvm.dll+0x5cc470]
V  [jvm.dll+0x63f8e2]
V  [jvm.dll+0x197d38]
V  [jvm.dll+0x1fb70e]
V  [jvm.dll+0x1fa7f4]
V  [jvm.dll+0x18354c]
V  [jvm.dll+0x208ee7]
V  [jvm.dll+0x207731]
V  [jvm.dll+0x6eb1cf]
V  [jvm.dll+0x6e3d45]
V  [jvm.dll+0x5ebe96]
C  [ucrtbase.dll+0x21bb2]
C  [KERNEL32.DLL+0x17034]
C  [ntdll.dll+0x52651]


---------------  P R O C E S S  ---------------

Threads class SMR info:
_java_thread_list=0x000001905b6d5140, length=11, elements={
0x000001903e38b000, 0x000001905acc4800, 0x000001905acd0000, 0x000001905b515800,
0x000001905b519800, 0x000001905b51a800, 0x000001905b51e000, 0x000001905b571000,
0x000001905b573000, 0x000001905b6e0000, 0x000001905b717800
}

Java Threads: ( => current thread )
  0x000001903e38b000 JavaThread "main" [_thread_in_vm, id=12100, stack(0x00000088e8900000,0x00000088e8a00000)]
  0x000001905acc4800 JavaThread "Reference Handler" daemon [_thread_blocked, id=8288, stack(0x00000088e9000000,0x00000088e9100000)]
  0x000001905acd0000 JavaThread "Finalizer" daemon [_thread_blocked, id=13768, stack(0x00000088e9100000,0x00000088e9200000)]
  0x000001905b515800 JavaThread "Signal Dispatcher" daemon [_thread_blocked, id=17144, stack(0x00000088e9200000,0x00000088e9300000)]
  0x000001905b519800 JavaThread "Attach Listener" daemon [_thread_blocked, id=8656, stack(0x00000088e9300000,0x00000088e9400000)]
  0x000001905b51a800 JavaThread "Service Thread" daemon [_thread_blocked, id=12744, stack(0x00000088e9400000,0x00000088e9500000)]
=>0x000001905b51e000 JavaThread "C2 CompilerThread0" daemon [_thread_in_native, id=10028, stack(0x00000088e9500000,0x00000088e9600000)]
  0x000001905b571000 JavaThread "C1 CompilerThread0" daemon [_thread_blocked, id=18992, stack(0x00000088e9600000,0x00000088e9700000)]
  0x000001905b573000 JavaThread "Sweeper thread" daemon [_thread_blocked, id=18360, stack(0x00000088e9700000,0x00000088e9800000)]
  0x000001905b6e0000 JavaThread "Common-Cleaner" daemon [_thread_blocked, id=18084, stack(0x00000088e9900000,0x00000088e9a00000)]
  0x000001905b717800 JavaThread "C2 CompilerThread1" daemon [_thread_in_native, id=15664, stack(0x00000088e9a00000,0x00000088e9b00000)]

Other Threads:
  0x000001905b506000 VMThread "VM Thread" [stack: 0x00000088e8f00000,0x00000088e9000000] [id=17932]
  0x000001905b6d7800 WatcherThread [stack: 0x00000088e9800000,0x00000088e9900000] [id=12884]
  0x000001903e3a3800 GCTaskThread "GC Thread#0" [stack: 0x00000088e8a00000,0x00000088e8b00000] [id=13304]
  0x000001905bcfe000 GCTaskThread "GC Thread#1" [stack: 0x00000088e9b00000,0x00000088e9c00000] [id=15044]
  0x000001905bcff000 GCTaskThread "GC Thread#2" [stack: 0x00000088e9c00000,0x00000088e9d00000] [id=6540]
  0x000001905bd15800 GCTaskThread "GC Thread#3" [stack: 0x00000088e9d00000,0x00000088e9e00000] [id=11748]
  0x000001903e3e9000 ConcurrentGCThread "G1 Main Marker" [stack: 0x00000088e8b00000,0x00000088e8c00000] [id=4676]
  0x000001903e3ea800 ConcurrentGCThread "G1 Conc#0" [stack: 0x00000088e8c00000,0x00000088e8d00000] [id=16188]
  0x000001903e46e000 ConcurrentGCThread "G1 Refine#0" [stack: 0x00000088e8d00000,0x00000088e8e00000] [id=6284]
  0x000001905ab2b800 ConcurrentGCThread "G1 Young RemSet Sampling" [stack: 0x00000088e8e00000,0x00000088e8f00000] [id=2388]

Threads with active compile tasks:
C2 CompilerThread0   3428 2201       4       org.jetbrains.kotlin.com.intellij.openapi.vfs.impl.ZipHandlerBase::getOrCreate (289 bytes)
C2 CompilerThread1   3428 1992   !   4       jdk.internal.loader.BuiltinClassLoader::loadClassOrNull (143 bytes)

VM state:not at safepoint (normal execution)

VM Mutex/Monitor currently owned by a thread: None

Heap address: 0x0000000741600000, size: 3050 MB, Compressed Oops mode: Zero based, Oop shift amount: 3
Narrow klass base: 0x0000000800000000, Narrow klass shift: 0
Compressed class space size: 1073741824 Address: 0x0000000800000000

Heap:
 garbage-first heap   total 196608K, used 68781K [0x0000000741600000, 0x0000000800000000)
  region size 1024K, 54 young (55296K), 7 survivors (7168K)
 Metaspace       used 29898K, capacity 30303K, committed 30460K, reserved 1075200K
  class space    used 3529K, capacity 3704K, committed 3836K, reserved 1048576K
Heap Regions: E=young(eden), S=young(survivor), O=old, HS=humongous(starts), HC=humongous(continues), CS=collection set, F=free, A=archive, TAMS=top-at-mark-start (previous, next)
|   0|0x0000000741600000, 0x0000000741700000, 0x0000000741700000|100%|HS|  |TAMS 0x0000000741700000, 0x0000000741600000| Complete 
|   1|0x0000000741700000, 0x0000000741800000, 0x0000000741800000|100%|HC|  |TAMS 0x0000000741800000, 0x0000000741700000| Complete 
|   2|0x0000000741800000, 0x0000000741900000, 0x0000000741900000|100%|HC|  |TAMS 0x0000000741900000, 0x0000000741800000| Complete 
|   3|0x0000000741900000, 0x0000000741900000, 0x0000000741a00000|  0%| F|  |TAMS 0x0000000741900000, 0x0000000741900000| Untracked 
|   4|0x0000000741a00000, 0x0000000741a10800, 0x0000000741b00000|  6%| O|  |TAMS 0x0000000741a10800, 0x0000000741a00000| Untracked 
|   5|0x0000000741b00000, 0x0000000741c00000, 0x0000000741c00000|100%|HS|  |TAMS 0x0000000741b00000, 0x0000000741b00000| Complete 
|   6|0x0000000741c00000, 0x0000000741d00000, 0x0000000741d00000|100%|HC|  |TAMS 0x0000000741c00000, 0x0000000741c00000| Complete 
|   7|0x0000000741d00000, 0x0000000741e00000, 0x0000000741e00000|100%|HC|  |TAMS 0x0000000741d00000, 0x0000000741d00000| Complete 
|   8|0x0000000741e00000, 0x0000000741f00000, 0x0000000741f00000|100%|HS|  |TAMS 0x0000000741e00000, 0x0000000741e00000| Complete 
|   9|0x0000000741f00000, 0x0000000742000000, 0x0000000742000000|100%|HC|  |TAMS 0x0000000741f00000, 0x0000000741f00000| Complete 
|  10|0x0000000742000000, 0x0000000742100000, 0x0000000742100000|100%|HC|  |TAMS 0x0000000742000000, 0x0000000742000000| Complete 
|  11|0x0000000742100000, 0x0000000742200000, 0x0000000742200000|100%|HS|  |TAMS 0x0000000742100000, 0x0000000742100000| Complete 
|  12|0x0000000742200000, 0x0000000742300000, 0x0000000742300000|100%|HC|  |TAMS 0x0000000742200000, 0x0000000742200000| Complete 
|  13|0x0000000742300000, 0x0000000742400000, 0x0000000742400000|100%|HS|  |TAMS 0x0000000742300000, 0x0000000742300000| Complete 
|  14|0x0000000742400000, 0x0000000742500000, 0x0000000742500000|100%|HC|  |TAMS 0x0000000742400000, 0x0000000742400000| Complete 
|  15|0x0000000742500000, 0x0000000742600000, 0x0000000742600000|100%|HS|  |TAMS 0x0000000742500000, 0x0000000742500000| Complete 
|  16|0x0000000742600000, 0x0000000742700000, 0x0000000742700000|100%|HC|  |TAMS 0x0000000742600000, 0x0000000742600000| Complete 
|  17|0x0000000742700000, 0x0000000742700000, 0x0000000742800000|  0%| F|  |TAMS 0x0000000742700000, 0x0000000742700000| Untracked 
|  18|0x0000000742800000, 0x0000000742800000, 0x0000000742900000|  0%| F|  |TAMS 0x0000000742800000, 0x0000000742800000| Untracked 
|  19|0x0000000742900000, 0x0000000742900000, 0x0000000742a00000|  0%| F|  |TAMS 0x0000000742900000, 0x0000000742900000| Untracked 
|  20|0x0000000742a00000, 0x0000000742a00000, 0x0000000742b00000|  0%| F|  |TAMS 0x0000000742a00000, 0x0000000742a00000| Untracked 
|  21|0x0000000742b00000, 0x0000000742b00000, 0x0000000742c00000|  0%| F|  |TAMS 0x0000000742b00000, 0x0000000742b00000| Untracked 
|  22|0x0000000742c00000, 0x0000000742c00000, 0x0000000742d00000|  0%| F|  |TAMS 0x0000000742c00000, 0x0000000742c00000| Untracked 
|  23|0x0000000742d00000, 0x0000000742d00000, 0x0000000742e00000|  0%| F|  |TAMS 0x0000000742d00000, 0x0000000742d00000| Untracked 
|  24|0x0000000742e00000, 0x0000000742e00000, 0x0000000742f00000|  0%| F|  |TAMS 0x0000000742e00000, 0x0000000742e00000| Untracked 
|  25|0x0000000742f00000, 0x0000000742f00000, 0x0000000743000000|  0%| F|  |TAMS 0x0000000742f00000, 0x0000000742f00000| Untracked 
|  26|0x0000000743000000, 0x0000000743000000, 0x0000000743100000|  0%| F|  |TAMS 0x0000000743000000, 0x0000000743000000| Untracked 
|  27|0x0000000743100000, 0x0000000743100000, 0x0000000743200000|  0%| F|  |TAMS 0x0000000743100000, 0x0000000743100000| Untracked 
|  28|0x0000000743200000, 0x0000000743200000, 0x0000000743300000|  0%| F|  |TAMS 0x0000000743200000, 0x0000000743200000| Untracked 
|  29|0x0000000743300000, 0x0000000743300000, 0x0000000743400000|  0%| F|  |TAMS 0x0000000743300000, 0x0000000743300000| Untracked 
|  30|0x0000000743400000, 0x0000000743400000, 0x0000000743500000|  0%| F|  |TAMS 0x0000000743400000, 0x0000000743400000| Untracked 
|  31|0x0000000743500000, 0x0000000743500000, 0x0000000743600000|  0%| F|  |TAMS 0x0000000743500000, 0x0000000743500000| Untracked 
|  32|0x0000000743600000, 0x0000000743600000, 0x0000000743700000|  0%| F|  |TAMS 0x0000000743600000, 0x0000000743600000| Untracked 
|  33|0x0000000743700000, 0x0000000743700000, 0x0000000743800000|  0%| F|  |TAMS 0x0000000743700000, 0x0000000743700000| Untracked 
|  34|0x0000000743800000, 0x0000000743800000, 0x0000000743900000|  0%| F|  |TAMS 0x0000000743800000, 0x0000000743800000| Untracked 
|  35|0x0000000743900000, 0x0000000743900000, 0x0000000743a00000|  0%| F|  |TAMS 0x0000000743900000, 0x0000000743900000| Untracked 
|  36|0x0000000743a00000, 0x0000000743a00000, 0x0000000743b00000|  0%| F|  |TAMS 0x0000000743a00000, 0x0000000743a00000| Untracked 
|  37|0x0000000743b00000, 0x0000000743b00000, 0x0000000743c00000|  0%| F|  |TAMS 0x0000000743b00000, 0x0000000743b00000| Untracked 
|  38|0x0000000743c00000, 0x0000000743c00000, 0x0000000743d00000|  0%| F|  |TAMS 0x0000000743c00000, 0x0000000743c00000| Untracked 
|  39|0x0000000743d00000, 0x0000000743d00000, 0x0000000743e00000|  0%| F|  |TAMS 0x0000000743d00000, 0x0000000743d00000| Untracked 
|  40|0x0000000743e00000, 0x0000000743e00000, 0x0000000743f00000|  0%| F|  |TAMS 0x0000000743e00000, 0x0000000743e00000| Untracked 
|  41|0x0000000743f00000, 0x0000000743f00000, 0x0000000744000000|  0%| F|  |TAMS 0x0000000743f00000, 0x0000000743f00000| Untracked 
|  42|0x0000000744000000, 0x0000000744000000, 0x0000000744100000|  0%| F|  |TAMS 0x0000000744000000, 0x0000000744000000| Untracked 
|  43|0x0000000744100000, 0x0000000744100000, 0x0000000744200000|  0%| F|  |TAMS 0x0000000744100000, 0x0000000744100000| Untracked 
|  44|0x0000000744200000, 0x0000000744200000, 0x0000000744300000|  0%| F|  |TAMS 0x0000000744200000, 0x0000000744200000| Untracked 
|  45|0x0000000744300000, 0x0000000744300000, 0x0000000744400000|  0%| F|  |TAMS 0x0000000744300000, 0x0000000744300000| Untracked 
|  46|0x0000000744400000, 0x0000000744400000, 0x0000000744500000|  0%| F|  |TAMS 0x0000000744400000, 0x0000000744400000| Untracked 
|  47|0x0000000744500000, 0x0000000744500000, 0x0000000744600000|  0%| F|  |TAMS 0x0000000744500000, 0x0000000744500000| Untracked 
|  48|0x0000000744600000, 0x0000000744600000, 0x0000000744700000|  0%| F|  |TAMS 0x0000000744600000, 0x0000000744600000| Untracked 
|  49|0x0000000744700000, 0x0000000744700000, 0x0000000744800000|  0%| F|  |TAMS 0x0000000744700000, 0x0000000744700000| Untracked 
|  50|0x0000000744800000, 0x0000000744800000, 0x0000000744900000|  0%| F|  |TAMS 0x0000000744800000, 0x0000000744800000| Untracked 
|  51|0x0000000744900000, 0x0000000744900000, 0x0000000744a00000|  0%| F|  |TAMS 0x0000000744900000, 0x0000000744900000| Untracked 
|  52|0x0000000744a00000, 0x0000000744a00000, 0x0000000744b00000|  0%| F|  |TAMS 0x0000000744a00000, 0x0000000744a00000| Untracked 
|  53|0x0000000744b00000, 0x0000000744b00000, 0x0000000744c00000|  0%| F|  |TAMS 0x0000000744b00000, 0x0000000744b00000| Untracked 
|  54|0x0000000744c00000, 0x0000000744c00000, 0x0000000744d00000|  0%| F|  |TAMS 0x0000000744c00000, 0x0000000744c00000| Untracked 
|  55|0x0000000744d00000, 0x0000000744d00000, 0x0000000744e00000|  0%| F|  |TAMS 0x0000000744d00000, 0x0000000744d00000| Untracked 
|  56|0x0000000744e00000, 0x0000000744e00000, 0x0000000744f00000|  0%| F|  |TAMS 0x0000000744e00000, 0x0000000744e00000| Untracked 
|  57|0x0000000744f00000, 0x0000000744f00000, 0x0000000745000000|  0%| F|  |TAMS 0x0000000744f00000, 0x0000000744f00000| Untracked 
|  58|0x0000000745000000, 0x0000000745000000, 0x0000000745100000|  0%| F|  |TAMS 0x0000000745000000, 0x0000000745000000| Untracked 
|  59|0x0000000745100000, 0x0000000745100000, 0x0000000745200000|  0%| F|  |TAMS 0x0000000745100000, 0x0000000745100000| Untracked 
|  60|0x0000000745200000, 0x0000000745200000, 0x0000000745300000|  0%| F|  |TAMS 0x0000000745200000, 0x0000000745200000| Untracked 
|  61|0x0000000745300000, 0x0000000745300000, 0x0000000745400000|  0%| F|  |TAMS 0x0000000745300000, 0x0000000745300000| Untracked 
|  62|0x0000000745400000, 0x0000000745400000, 0x0000000745500000|  0%| F|  |TAMS 0x0000000745400000, 0x0000000745400000| Untracked 
|  63|0x0000000745500000, 0x0000000745500000, 0x0000000745600000|  0%| F|  |TAMS 0x0000000745500000, 0x0000000745500000| Untracked 
|  64|0x0000000745600000, 0x0000000745600000, 0x0000000745700000|  0%| F|  |TAMS 0x0000000745600000, 0x0000000745600000| Untracked 
|  65|0x0000000745700000, 0x0000000745700000, 0x0000000745800000|  0%| F|  |TAMS 0x0000000745700000, 0x0000000745700000| Untracked 
|  66|0x0000000745800000, 0x0000000745800000, 0x0000000745900000|  0%| F|  |TAMS 0x0000000745800000, 0x0000000745800000| Untracked 
|  67|0x0000000745900000, 0x0000000745900000, 0x0000000745a00000|  0%| F|  |TAMS 0x0000000745900000, 0x0000000745900000| Untracked 
|  68|0x0000000745a00000, 0x0000000745a00000, 0x0000000745b00000|  0%| F|  |TAMS 0x0000000745a00000, 0x0000000745a00000| Untracked 
|  69|0x0000000745b00000, 0x0000000745b00000, 0x0000000745c00000|  0%| F|  |TAMS 0x0000000745b00000, 0x0000000745b00000| Untracked 
|  70|0x0000000745c00000, 0x0000000745c00000, 0x0000000745d00000|  0%| F|  |TAMS 0x0000000745c00000, 0x0000000745c00000| Untracked 
|  71|0x0000000745d00000, 0x0000000745d00000, 0x0000000745e00000|  0%| F|  |TAMS 0x0000000745d00000, 0x0000000745d00000| Untracked 
|  72|0x0000000745e00000, 0x0000000745e00000, 0x0000000745f00000|  0%| F|  |TAMS 0x0000000745e00000, 0x0000000745e00000| Untracked 
|  73|0x0000000745f00000, 0x0000000745f00000, 0x0000000746000000|  0%| F|  |TAMS 0x0000000745f00000, 0x0000000745f00000| Untracked 
|  74|0x0000000746000000, 0x0000000746000000, 0x0000000746100000|  0%| F|  |TAMS 0x0000000746000000, 0x0000000746000000| Untracked 
|  75|0x0000000746100000, 0x0000000746100000, 0x0000000746200000|  0%| F|  |TAMS 0x0000000746100000, 0x0000000746100000| Untracked 
|  76|0x0000000746200000, 0x0000000746200000, 0x0000000746300000|  0%| F|  |TAMS 0x0000000746200000, 0x0000000746200000| Untracked 
|  77|0x0000000746300000, 0x0000000746300000, 0x0000000746400000|  0%| F|  |TAMS 0x0000000746300000, 0x0000000746300000| Untracked 
|  78|0x0000000746400000, 0x0000000746400000, 0x0000000746500000|  0%| F|  |TAMS 0x0000000746400000, 0x0000000746400000| Untracked 
|  79|0x0000000746500000, 0x0000000746500000, 0x0000000746600000|  0%| F|  |TAMS 0x0000000746500000, 0x0000000746500000| Untracked 
|  80|0x0000000746600000, 0x0000000746600000, 0x0000000746700000|  0%| F|  |TAMS 0x0000000746600000, 0x0000000746600000| Untracked 
|  81|0x0000000746700000, 0x0000000746700000, 0x0000000746800000|  0%| F|  |TAMS 0x0000000746700000, 0x0000000746700000| Untracked 
|  82|0x0000000746800000, 0x0000000746800000, 0x0000000746900000|  0%| F|  |TAMS 0x0000000746800000, 0x0000000746800000| Untracked 
|  83|0x0000000746900000, 0x0000000746900000, 0x0000000746a00000|  0%| F|  |TAMS 0x0000000746900000, 0x0000000746900000| Untracked 
|  84|0x0000000746a00000, 0x0000000746a00000, 0x0000000746b00000|  0%| F|  |TAMS 0x0000000746a00000, 0x0000000746a00000| Untracked 
|  85|0x0000000746b00000, 0x0000000746b00000, 0x0000000746c00000|  0%| F|  |TAMS 0x0000000746b00000, 0x0000000746b00000| Untracked 
|  86|0x0000000746c00000, 0x0000000746c00000, 0x0000000746d00000|  0%| F|  |TAMS 0x0000000746c00000, 0x0000000746c00000| Untracked 
|  87|0x0000000746d00000, 0x0000000746d00000, 0x0000000746e00000|  0%| F|  |TAMS 0x0000000746d00000, 0x0000000746d00000| Untracked 
|  88|0x0000000746e00000, 0x0000000746e00000, 0x0000000746f00000|  0%| F|  |TAMS 0x0000000746e00000, 0x0000000746e00000| Untracked 
|  89|0x0000000746f00000, 0x0000000746f00000, 0x0000000747000000|  0%| F|  |TAMS 0x0000000746f00000, 0x0000000746f00000| Untracked 
|  90|0x0000000747000000, 0x0000000747000000, 0x0000000747100000|  0%| F|  |TAMS 0x0000000747000000, 0x0000000747000000| Untracked 
|  91|0x0000000747100000, 0x0000000747100000, 0x0000000747200000|  0%| F|  |TAMS 0x0000000747100000, 0x0000000747100000| Untracked 
|  92|0x0000000747200000, 0x0000000747200000, 0x0000000747300000|  0%| F|  |TAMS 0x0000000747200000, 0x0000000747200000| Untracked 
|  93|0x0000000747300000, 0x0000000747300000, 0x0000000747400000|  0%| F|  |TAMS 0x0000000747300000, 0x0000000747300000| Untracked 
|  94|0x0000000747400000, 0x0000000747400000, 0x0000000747500000|  0%| F|  |TAMS 0x0000000747400000, 0x0000000747400000| Untracked 
|  95|0x0000000747500000, 0x0000000747500000, 0x0000000747600000|  0%| F|  |TAMS 0x0000000747500000, 0x0000000747500000| Untracked 
|  96|0x0000000747600000, 0x0000000747600000, 0x0000000747700000|  0%| F|  |TAMS 0x0000000747600000, 0x0000000747600000| Untracked 
|  97|0x0000000747700000, 0x0000000747700000, 0x0000000747800000|  0%| F|  |TAMS 0x0000000747700000, 0x0000000747700000| Untracked 
|  98|0x0000000747800000, 0x0000000747800000, 0x0000000747900000|  0%| F|  |TAMS 0x0000000747800000, 0x0000000747800000| Untracked 
|  99|0x0000000747900000, 0x0000000747900000, 0x0000000747a00000|  0%| F|  |TAMS 0x0000000747900000, 0x0000000747900000| Untracked 
| 100|0x0000000747a00000, 0x0000000747a00000, 0x0000000747b00000|  0%| F|  |TAMS 0x0000000747a00000, 0x0000000747a00000| Untracked 
| 101|0x0000000747b00000, 0x0000000747b00000, 0x0000000747c00000|  0%| F|  |TAMS 0x0000000747b00000, 0x0000000747b00000| Untracked 
| 102|0x0000000747c00000, 0x0000000747c00000, 0x0000000747d00000|  0%| F|  |TAMS 0x0000000747c00000, 0x0000000747c00000| Untracked 
| 103|0x0000000747d00000, 0x0000000747d00000, 0x0000000747e00000|  0%| F|  |TAMS 0x0000000747d00000, 0x0000000747d00000| Untracked 
| 104|0x0000000747e00000, 0x0000000747e00000, 0x0000000747f00000|  0%| F|  |TAMS 0x0000000747e00000, 0x0000000747e00000| Untracked 
| 105|0x0000000747f00000, 0x0000000747f00000, 0x0000000748000000|  0%| F|  |TAMS 0x0000000747f00000, 0x0000000747f00000| Untracked 
| 106|0x0000000748000000, 0x0000000748000000, 0x0000000748100000|  0%| F|  |TAMS 0x0000000748000000, 0x0000000748000000| Untracked 
| 107|0x0000000748100000, 0x0000000748100000, 0x0000000748200000|  0%| F|  |TAMS 0x0000000748100000, 0x0000000748100000| Untracked 
| 108|0x0000000748200000, 0x0000000748200000, 0x0000000748300000|  0%| F|  |TAMS 0x0000000748200000, 0x0000000748200000| Untracked 
| 109|0x0000000748300000, 0x0000000748300000, 0x0000000748400000|  0%| F|  |TAMS 0x0000000748300000, 0x0000000748300000| Untracked 
| 110|0x0000000748400000, 0x0000000748400000, 0x0000000748500000|  0%| F|  |TAMS 0x0000000748400000, 0x0000000748400000| Untracked 
| 111|0x0000000748500000, 0x0000000748500000, 0x0000000748600000|  0%| F|  |TAMS 0x0000000748500000, 0x0000000748500000| Untracked 
| 112|0x0000000748600000, 0x0000000748600000, 0x0000000748700000|  0%| F|  |TAMS 0x0000000748600000, 0x0000000748600000| Untracked 
| 113|0x0000000748700000, 0x0000000748700000, 0x0000000748800000|  0%| F|  |TAMS 0x0000000748700000, 0x0000000748700000| Untracked 
| 114|0x0000000748800000, 0x0000000748800000, 0x0000000748900000|  0%| F|  |TAMS 0x0000000748800000, 0x0000000748800000| Untracked 
| 115|0x0000000748900000, 0x0000000748900000, 0x0000000748a00000|  0%| F|  |TAMS 0x0000000748900000, 0x0000000748900000| Untracked 
| 116|0x0000000748a00000, 0x0000000748a00000, 0x0000000748b00000|  0%| F|  |TAMS 0x0000000748a00000, 0x0000000748a00000| Untracked 
| 117|0x0000000748b00000, 0x0000000748b00000, 0x0000000748c00000|  0%| F|  |TAMS 0x0000000748b00000, 0x0000000748b00000| Untracked 
| 118|0x0000000748c00000, 0x0000000748c00000, 0x0000000748d00000|  0%| F|  |TAMS 0x0000000748c00000, 0x0000000748c00000| Untracked 
| 119|0x0000000748d00000, 0x0000000748d00000, 0x0000000748e00000|  0%| F|  |TAMS 0x0000000748d00000, 0x0000000748d00000| Untracked 
| 120|0x0000000748e00000, 0x0000000748e00000, 0x0000000748f00000|  0%| F|  |TAMS 0x0000000748e00000, 0x0000000748e00000| Untracked 
| 121|0x0000000748f00000, 0x0000000748f00000, 0x0000000749000000|  0%| F|  |TAMS 0x0000000748f00000, 0x0000000748f00000| Untracked 
| 122|0x0000000749000000, 0x0000000749000000, 0x0000000749100000|  0%| F|  |TAMS 0x0000000749000000, 0x0000000749000000| Untracked 
| 123|0x0000000749100000, 0x0000000749100000, 0x0000000749200000|  0%| F|  |TAMS 0x0000000749100000, 0x0000000749100000| Untracked 
| 124|0x0000000749200000, 0x0000000749200000, 0x0000000749300000|  0%| F|  |TAMS 0x0000000749200000, 0x0000000749200000| Untracked 
| 125|0x0000000749300000, 0x0000000749300000, 0x0000000749400000|  0%| F|  |TAMS 0x0000000749300000, 0x0000000749300000| Untracked 
| 126|0x0000000749400000, 0x0000000749400000, 0x0000000749500000|  0%| F|  |TAMS 0x0000000749400000, 0x0000000749400000| Untracked 
| 127|0x0000000749500000, 0x0000000749500000, 0x0000000749600000|  0%| F|  |TAMS 0x0000000749500000, 0x0000000749500000| Untracked 
| 128|0x0000000749600000, 0x0000000749600000, 0x0000000749700000|  0%| F|  |TAMS 0x0000000749600000, 0x0000000749600000| Untracked 
| 129|0x0000000749700000, 0x0000000749700000, 0x0000000749800000|  0%| F|  |TAMS 0x0000000749700000, 0x0000000749700000| Untracked 
| 130|0x0000000749800000, 0x0000000749800000, 0x0000000749900000|  0%| F|  |TAMS 0x0000000749800000, 0x0000000749800000| Untracked 
| 131|0x0000000749900000, 0x0000000749900000, 0x0000000749a00000|  0%| F|  |TAMS 0x0000000749900000, 0x0000000749900000| Untracked 
| 132|0x0000000749a00000, 0x0000000749a00000, 0x0000000749b00000|  0%| F|  |TAMS 0x0000000749a00000, 0x0000000749a00000| Untracked 
| 133|0x0000000749b00000, 0x0000000749b00000, 0x0000000749c00000|  0%| F|  |TAMS 0x0000000749b00000, 0x0000000749b00000| Untracked 
| 134|0x0000000749c00000, 0x0000000749c00000, 0x0000000749d00000|  0%| F|  |TAMS 0x0000000749c00000, 0x0000000749c00000| Untracked 
| 135|0x0000000749d00000, 0x0000000749d00000, 0x0000000749e00000|  0%| F|  |TAMS 0x0000000749d00000, 0x0000000749d00000| Untracked 
| 136|0x0000000749e00000, 0x0000000749e00000, 0x0000000749f00000|  0%| F|  |TAMS 0x0000000749e00000, 0x0000000749e00000| Untracked 
| 137|0x0000000749f00000, 0x0000000749f1ac40, 0x000000074a000000| 10%| S|CS|TAMS 0x0000000749f00000, 0x0000000749f00000| Complete 
| 138|0x000000074a000000, 0x000000074a100000, 0x000000074a100000|100%| S|CS|TAMS 0x000000074a000000, 0x000000074a000000| Complete 
| 139|0x000000074a100000, 0x000000074a200000, 0x000000074a200000|100%| S|CS|TAMS 0x000000074a100000, 0x000000074a100000| Complete 
| 140|0x000000074a200000, 0x000000074a300000, 0x000000074a300000|100%| S|CS|TAMS 0x000000074a200000, 0x000000074a200000| Complete 
| 141|0x000000074a300000, 0x000000074a400000, 0x000000074a400000|100%| S|CS|TAMS 0x000000074a300000, 0x000000074a300000| Complete 
| 142|0x000000074a400000, 0x000000074a500000, 0x000000074a500000|100%| S|CS|TAMS 0x000000074a400000, 0x000000074a400000| Complete 
| 143|0x000000074a500000, 0x000000074a600000, 0x000000074a600000|100%| S|CS|TAMS 0x000000074a500000, 0x000000074a500000| Complete 
| 144|0x000000074a600000, 0x000000074a600000, 0x000000074a700000|  0%| F|  |TAMS 0x000000074a600000, 0x000000074a600000| Untracked 
| 145|0x000000074a700000, 0x000000074a800000, 0x000000074a800000|100%| E|  |TAMS 0x000000074a700000, 0x000000074a700000| Complete 
| 146|0x000000074a800000, 0x000000074a900000, 0x000000074a900000|100%| E|CS|TAMS 0x000000074a800000, 0x000000074a800000| Complete 
| 147|0x000000074a900000, 0x000000074aa00000, 0x000000074aa00000|100%| E|CS|TAMS 0x000000074a900000, 0x000000074a900000| Complete 
| 148|0x000000074aa00000, 0x000000074ab00000, 0x000000074ab00000|100%| E|CS|TAMS 0x000000074aa00000, 0x000000074aa00000| Complete 
| 149|0x000000074ab00000, 0x000000074ac00000, 0x000000074ac00000|100%| E|CS|TAMS 0x000000074ab00000, 0x000000074ab00000| Complete 
| 150|0x000000074ac00000, 0x000000074ad00000, 0x000000074ad00000|100%| E|CS|TAMS 0x000000074ac00000, 0x000000074ac00000| Complete 
| 151|0x000000074ad00000, 0x000000074ae00000, 0x000000074ae00000|100%| E|CS|TAMS 0x000000074ad00000, 0x000000074ad00000| Complete 
| 152|0x000000074ae00000, 0x000000074af00000, 0x000000074af00000|100%| E|CS|TAMS 0x000000074ae00000, 0x000000074ae00000| Complete 
| 153|0x000000074af00000, 0x000000074b000000, 0x000000074b000000|100%| E|CS|TAMS 0x000000074af00000, 0x000000074af00000| Complete 
| 154|0x000000074b000000, 0x000000074b100000, 0x000000074b100000|100%| E|CS|TAMS 0x000000074b000000, 0x000000074b000000| Complete 
| 155|0x000000074b100000, 0x000000074b200000, 0x000000074b200000|100%| E|CS|TAMS 0x000000074b100000, 0x000000074b100000| Complete 
| 156|0x000000074b200000, 0x000000074b300000, 0x000000074b300000|100%| E|CS|TAMS 0x000000074b200000, 0x000000074b200000| Complete 
| 157|0x000000074b300000, 0x000000074b400000, 0x000000074b400000|100%| E|CS|TAMS 0x000000074b300000, 0x000000074b300000| Complete 
| 158|0x000000074b400000, 0x000000074b500000, 0x000000074b500000|100%| E|CS|TAMS 0x000000074b400000, 0x000000074b400000| Complete 
| 159|0x000000074b500000, 0x000000074b600000, 0x000000074b600000|100%| E|CS|TAMS 0x000000074b500000, 0x000000074b500000| Complete 
| 160|0x000000074b600000, 0x000000074b700000, 0x000000074b700000|100%| E|CS|TAMS 0x000000074b600000, 0x000000074b600000| Complete 
| 161|0x000000074b700000, 0x000000074b800000, 0x000000074b800000|100%| E|CS|TAMS 0x000000074b700000, 0x000000074b700000| Complete 
| 162|0x000000074b800000, 0x000000074b900000, 0x000000074b900000|100%| E|CS|TAMS 0x000000074b800000, 0x000000074b800000| Complete 
| 163|0x000000074b900000, 0x000000074ba00000, 0x000000074ba00000|100%| E|CS|TAMS 0x000000074b900000, 0x000000074b900000| Complete 
| 164|0x000000074ba00000, 0x000000074bb00000, 0x000000074bb00000|100%| E|CS|TAMS 0x000000074ba00000, 0x000000074ba00000| Complete 
| 165|0x000000074bb00000, 0x000000074bc00000, 0x000000074bc00000|100%| E|CS|TAMS 0x000000074bb00000, 0x000000074bb00000| Complete 
| 166|0x000000074bc00000, 0x000000074bd00000, 0x000000074bd00000|100%| E|CS|TAMS 0x000000074bc00000, 0x000000074bc00000| Complete 
| 167|0x000000074bd00000, 0x000000074be00000, 0x000000074be00000|100%| E|CS|TAMS 0x000000074bd00000, 0x000000074bd00000| Complete 
| 168|0x000000074be00000, 0x000000074bf00000, 0x000000074bf00000|100%| E|CS|TAMS 0x000000074be00000, 0x000000074be00000| Complete 
| 169|0x000000074bf00000, 0x000000074c000000, 0x000000074c000000|100%| E|CS|TAMS 0x000000074bf00000, 0x000000074bf00000| Complete 
| 170|0x000000074c000000, 0x000000074c100000, 0x000000074c100000|100%| E|CS|TAMS 0x000000074c000000, 0x000000074c000000| Complete 
| 171|0x000000074c100000, 0x000000074c200000, 0x000000074c200000|100%| E|CS|TAMS 0x000000074c100000, 0x000000074c100000| Complete 
| 172|0x000000074c200000, 0x000000074c300000, 0x000000074c300000|100%| E|CS|TAMS 0x000000074c200000, 0x000000074c200000| Complete 
| 173|0x000000074c300000, 0x000000074c400000, 0x000000074c400000|100%| E|CS|TAMS 0x000000074c300000, 0x000000074c300000| Complete 
| 174|0x000000074c400000, 0x000000074c500000, 0x000000074c500000|100%| E|CS|TAMS 0x000000074c400000, 0x000000074c400000| Complete 
| 175|0x000000074c500000, 0x000000074c600000, 0x000000074c600000|100%| E|CS|TAMS 0x000000074c500000, 0x000000074c500000| Complete 
| 176|0x000000074c600000, 0x000000074c700000, 0x000000074c700000|100%| E|CS|TAMS 0x000000074c600000, 0x000000074c600000| Complete 
| 177|0x000000074c700000, 0x000000074c800000, 0x000000074c800000|100%| E|CS|TAMS 0x000000074c700000, 0x000000074c700000| Complete 
| 178|0x000000074c800000, 0x000000074c900000, 0x000000074c900000|100%| E|CS|TAMS 0x000000074c800000, 0x000000074c800000| Complete 
| 179|0x000000074c900000, 0x000000074ca00000, 0x000000074ca00000|100%| E|CS|TAMS 0x000000074c900000, 0x000000074c900000| Complete 
| 180|0x000000074ca00000, 0x000000074cb00000, 0x000000074cb00000|100%| E|CS|TAMS 0x000000074ca00000, 0x000000074ca00000| Complete 
| 181|0x000000074cb00000, 0x000000074cc00000, 0x000000074cc00000|100%| E|CS|TAMS 0x000000074cb00000, 0x000000074cb00000| Complete 
| 182|0x000000074cc00000, 0x000000074cd00000, 0x000000074cd00000|100%| E|CS|TAMS 0x000000074cc00000, 0x000000074cc00000| Complete 
| 183|0x000000074cd00000, 0x000000074ce00000, 0x000000074ce00000|100%| E|CS|TAMS 0x000000074cd00000, 0x000000074cd00000| Complete 
| 184|0x000000074ce00000, 0x000000074cf00000, 0x000000074cf00000|100%| E|CS|TAMS 0x000000074ce00000, 0x000000074ce00000| Complete 
| 185|0x000000074cf00000, 0x000000074d000000, 0x000000074d000000|100%| E|CS|TAMS 0x000000074cf00000, 0x000000074cf00000| Complete 
| 186|0x000000074d000000, 0x000000074d100000, 0x000000074d100000|100%| E|CS|TAMS 0x000000074d000000, 0x000000074d000000| Complete 
| 187|0x000000074d100000, 0x000000074d200000, 0x000000074d200000|100%| E|CS|TAMS 0x000000074d100000, 0x000000074d100000| Complete 
| 188|0x000000074d200000, 0x000000074d300000, 0x000000074d300000|100%| E|CS|TAMS 0x000000074d200000, 0x000000074d200000| Complete 
| 189|0x000000074d300000, 0x000000074d400000, 0x000000074d400000|100%| E|CS|TAMS 0x000000074d300000, 0x000000074d300000| Complete 
| 190|0x000000074d400000, 0x000000074d500000, 0x000000074d500000|100%| E|CS|TAMS 0x000000074d400000, 0x000000074d400000| Complete 
| 191|0x000000074d500000, 0x000000074d600000, 0x000000074d600000|100%| E|CS|TAMS 0x000000074d500000, 0x000000074d500000| Complete 

Card table byte_map: [0x0000019051ad0000,0x00000190520d0000] _byte_map_base: 0x000001904e0c5000

Marking Bits (Prev, Next): (CMBitMap*) 0x000001903e3dc4c0, (CMBitMap*) 0x000001903e3dc488
 Prev Bits: [0x0000019055680000, 0x0000019058628000)
 Next Bits: [0x00000190526d0000, 0x0000019055678000)

Polling page: 0x000001903cac0000

Metaspace:

Usage:
  Non-class:     25.98 MB capacity,    25.75 MB (>99%) used,   185.12 KB ( <1%) free+waste,    44.69 KB ( <1%) overhead. 
      Class:      3.62 MB capacity,     3.45 MB ( 95%) used,   153.79 KB (  4%) free+waste,    20.56 KB ( <1%) overhead. 
       Both:     29.59 MB capacity,    29.20 MB ( 99%) used,   338.91 KB (  1%) free+waste,    65.25 KB ( <1%) overhead. 

Virtual space:
  Non-class space:       26.00 MB reserved,      26.00 MB (100%) committed 
      Class space:        1.00 GB reserved,       3.75 MB ( <1%) committed 
             Both:        1.03 GB reserved,      29.75 MB (  3%) committed 

Chunk freelists:
   Non-Class:  25.00 KB
       Class:  8.00 KB
        Both:  33.00 KB

MaxMetaspaceSize: 17179869184.00 GB
CompressedClassSpaceSize: 1.00 GB

CodeHeap 'non-profiled nmethods': size=120064Kb used=740Kb max_used=740Kb free=119323Kb
 bounds [0x0000019049950000, 0x0000019049bc0000, 0x0000019050e90000]
CodeHeap 'profiled nmethods': size=120000Kb used=4369Kb max_used=4369Kb free=115630Kb
 bounds [0x0000019042420000, 0x0000019042870000, 0x0000019049950000]
CodeHeap 'non-nmethods': size=5696Kb used=1172Kb max_used=1188Kb free=4524Kb
 bounds [0x0000019041e90000, 0x0000019042100000, 0x0000019042420000]
 total_blobs=2759 nmethods=2253 adapters=417
 compilation: enabled
              stopped_count=0, restarted_count=0
 full_count=0

Compilation events (20 events):
Event: 3.349 Thread 0x000001905b571000 2264       2       org.jetbrains.kotlin.com.intellij.openapi.vfs.VirtualFile::findChild (62 bytes)
Event: 3.350 Thread 0x000001905b571000 nmethod 2264 0x0000019042855410 code [0x0000019042855600, 0x00000190428558c8]
Event: 3.355 Thread 0x000001905b571000 2266       2       org.jetbrains.kotlin.com.intellij.openapi.vfs.impl.ArchiveHandler::getFile (13 bytes)
Event: 3.355 Thread 0x000001905b571000 nmethod 2266 0x0000019042855b10 code [0x0000019042855cc0, 0x0000019042855de8]
Event: 3.366 Thread 0x000001905b571000 2267 %     3       java.util.zip.ZipFile$Source::initCEN @ 223 (658 bytes)
Event: 3.373 Thread 0x000001905b571000 nmethod 2267% 0x0000019042855e90 code [0x00000190428564e0, 0x000001904285a478]
Event: 3.373 Thread 0x000001905b571000 2268       3       java.util.zip.ZipFile$Source::initCEN (658 bytes)
Event: 3.380 Thread 0x000001905b571000 nmethod 2268 0x000001904285c010 code [0x000001904285c660, 0x0000019042860458]
Event: 3.380 Thread 0x000001905b571000 2269  s    2       jdk.internal.perf.PerfCounter::add (18 bytes)
Event: 3.380 Thread 0x000001905b571000 nmethod 2269 0x0000019042861e90 code [0x0000019042862060, 0x0000019042862518]
Event: 3.380 Thread 0x000001905b571000 2270  s    2       jdk.internal.perf.PerfCounter::get (9 bytes)
Event: 3.380 Thread 0x000001905b571000 nmethod 2270 0x0000019042862690 code [0x0000019042862840, 0x0000019042862b08]
Event: 3.382 Thread 0x000001905b571000 2271       2       java.util.jar.Manifest$FastInputStream::readLine (296 bytes)
Event: 3.383 Thread 0x000001905b571000 nmethod 2271 0x0000019042862c10 code [0x0000019042862e00, 0x0000019042863348]
Event: 3.385 Thread 0x000001905b571000 2272       2       org.jetbrains.kotlin.com.intellij.util.containers.hash.LinkedHashMap$Entry::access$402 (7 bytes)
Event: 3.386 Thread 0x000001905b571000 nmethod 2272 0x0000019042863690 code [0x0000019042863840, 0x0000019042863978]
Event: 3.389 Thread 0x000001905b571000 2273       1       java.io.File::getPrefixLength (5 bytes)
Event: 3.389 Thread 0x000001905b571000 nmethod 2273 0x0000019049a08610 code [0x0000019049a087c0, 0x0000019049a08878]
Event: 3.394 Thread 0x000001905b571000 2274       2       jdk.internal.misc.Unsafe::checkNativeAddress (28 bytes)
Event: 3.394 Thread 0x000001905b571000 nmethod 2274 0x0000019042863a90 code [0x0000019042863c40, 0x0000019042863d38]

GC Heap History (4 events):
Event: 0.661 GC heap before
{Heap before GC invocations=0 (full 0):
 garbage-first heap   total 196608K, used 17408K [0x0000000741600000, 0x0000000800000000)
  region size 1024K, 14 young (14336K), 0 survivors (0K)
 Metaspace       used 9764K, capacity 9871K, committed 10112K, reserved 1058816K
  class space    used 828K, capacity 884K, committed 896K, reserved 1048576K
}
Event: 0.664 GC heap after
{Heap after GC invocations=1 (full 0):
 garbage-first heap   total 196608K, used 5186K [0x0000000741600000, 0x0000000800000000)
  region size 1024K, 2 young (2048K), 2 survivors (2048K)
 Metaspace       used 9764K, capacity 9871K, committed 10112K, reserved 1058816K
  class space    used 828K, capacity 884K, committed 896K, reserved 1048576K
}
Event: 1.996 GC heap before
{Heap before GC invocations=1 (full 0):
 garbage-first heap   total 196608K, used 51266K [0x0000000741600000, 0x0000000800000000)
  region size 1024K, 48 young (49152K), 2 survivors (2048K)
 Metaspace       used 20973K, capacity 21191K, committed 21248K, reserved 1069056K
  class space    used 2222K, capacity 2291K, committed 2304K, reserved 1048576K
}
Event: 2.012 GC heap after
{Heap after GC invocations=2 (full 0):
 garbage-first heap   total 196608K, used 9389K [0x0000000741600000, 0x0000000800000000)
  region size 1024K, 7 young (7168K), 7 survivors (7168K)
 Metaspace       used 20973K, capacity 21191K, committed 21248K, reserved 1069056K
  class space    used 2222K, capacity 2291K, committed 2304K, reserved 1048576K
}

Deoptimization events (20 events):
Event: 2.915 Thread 0x000001903e38b000 Uncommon trap: trap_request=0xffffffde fr.pc=0x00000190499d9404 relative=0x0000000000000064
Event: 2.915 Thread 0x000001903e38b000 Uncommon trap: reason=class_check action=maybe_recompile pc=0x00000190499d9404 method=java.util.LinkedHashMap.afterNodeInsertion(Z)V @ 15 c2
Event: 2.915 Thread 0x000001903e38b000 DEOPT PACKING pc=0x00000190499d9404 sp=0x00000088e89fe050
Event: 2.915 Thread 0x000001903e38b000 DEOPT UNPACKING pc=0x0000019041eb7b2f sp=0x00000088e89fdfc8 mode 2
Event: 2.915 Thread 0x000001903e38b000 Uncommon trap: trap_request=0xffffffde fr.pc=0x00000190499d9404 relative=0x0000000000000064
Event: 2.915 Thread 0x000001903e38b000 Uncommon trap: reason=class_check action=maybe_recompile pc=0x00000190499d9404 method=java.util.LinkedHashMap.afterNodeInsertion(Z)V @ 15 c2
Event: 2.915 Thread 0x000001903e38b000 DEOPT PACKING pc=0x00000190499d9404 sp=0x00000088e89fe050
Event: 2.915 Thread 0x000001903e38b000 DEOPT UNPACKING pc=0x0000019041eb7b2f sp=0x00000088e89fdfc8 mode 2
Event: 2.926 Thread 0x000001903e38b000 Uncommon trap: trap_request=0xffffff4d fr.pc=0x000001904996b894 relative=0x00000000000009b4
Event: 2.926 Thread 0x000001903e38b000 Uncommon trap: reason=unstable_if action=reinterpret pc=0x000001904996b894 method=java.util.zip.ZipFile$Source.getEntryPos([BZ)I @ 156 c2
Event: 2.926 Thread 0x000001903e38b000 DEOPT PACKING pc=0x000001904996b894 sp=0x00000088e89fe330
Event: 2.926 Thread 0x000001903e38b000 DEOPT UNPACKING pc=0x0000019041eb7b2f sp=0x00000088e89fe2d0 mode 2
Event: 2.950 Thread 0x000001903e38b000 Uncommon trap: trap_request=0xffffffde fr.pc=0x00000190499d9404 relative=0x0000000000000064
Event: 2.950 Thread 0x000001903e38b000 Uncommon trap: reason=class_check action=maybe_recompile pc=0x00000190499d9404 method=java.util.LinkedHashMap.afterNodeInsertion(Z)V @ 15 c2
Event: 2.950 Thread 0x000001903e38b000 DEOPT PACKING pc=0x00000190499d9404 sp=0x00000088e89fe050
Event: 2.950 Thread 0x000001903e38b000 DEOPT UNPACKING pc=0x0000019041eb7b2f sp=0x00000088e89fdfc8 mode 2
Event: 2.951 Thread 0x000001903e38b000 Uncommon trap: trap_request=0xffffffde fr.pc=0x00000190499d9404 relative=0x0000000000000064
Event: 2.951 Thread 0x000001903e38b000 Uncommon trap: reason=class_check action=maybe_recompile pc=0x00000190499d9404 method=java.util.LinkedHashMap.afterNodeInsertion(Z)V @ 15 c2
Event: 2.951 Thread 0x000001903e38b000 DEOPT PACKING pc=0x00000190499d9404 sp=0x00000088e89fe050
Event: 2.951 Thread 0x000001903e38b000 DEOPT UNPACKING pc=0x0000019041eb7b2f sp=0x00000088e89fdfc8 mode 2

Classes redefined (0 events):
No events

Internal exceptions (18 events):
Event: 1.603 Thread 0x000001903e38b000 Exception <a 'java/lang/NoSuchMethodError'{0x000000074b5b4210}: 'int java.lang.invoke.DirectMethodHandle$Holder.invokeSpecialIFC(java.lang.Object, java.lang.Object, int)'> (0x000000074b5b4210) thrown at [./src/hotspot/share/interpreter/linkResolver.cpp, line 773]
Event: 1.874 Thread 0x000001903e38b000 Exception <a 'java/lang/NoSuchMethodError'{0x000000074acb5438}: 'java.lang.Object java.lang.invoke.DirectMethodHandle$Holder.invokeStaticInit(java.lang.Object, int)'> (0x000000074acb5438) thrown at [./src/hotspot/share/interpreter/linkResolver.cpp, line 773]
Event: 1.905 Thread 0x000001903e38b000 Exception <a 'java/lang/NoSuchMethodError'{0x000000074aa41cc0}: 'long java.lang.invoke.DirectMethodHandle$Holder.invokeStatic(java.lang.Object)'> (0x000000074aa41cc0) thrown at [./src/hotspot/share/interpreter/linkResolver.cpp, line 773]
Event: 1.906 Thread 0x000001903e38b000 Exception <a 'java/lang/NoSuchMethodError'{0x000000074aa44b18}: 'long java.lang.invoke.DirectMethodHandle$Holder.invokeStaticInit(java.lang.Object)'> (0x000000074aa44b18) thrown at [./src/hotspot/share/interpreter/linkResolver.cpp, line 773]
Event: 1.981 Thread 0x000001903e38b000 Exception <a 'java/lang/NoSuchMethodError'{0x000000074a7aee30}: 'int java.lang.invoke.DirectMethodHandle$Holder.invokeStaticInit(java.lang.Object, java.lang.Object, java.lang.Object)'> (0x000000074a7aee30) thrown at [./src/hotspot/share/interpreter/linkResolver.cpp, line 773]
Event: 1.987 Thread 0x000001903e38b000 Exception <a 'java/lang/NoSuchMethodError'{0x000000074a7da4f0}: 'int java.lang.invoke.DirectMethodHandle$Holder.invokeStaticInit(java.lang.Object, java.lang.Object)'> (0x000000074a7da4f0) thrown at [./src/hotspot/share/interpreter/linkResolver.cpp, line 773]
Event: 2.334 Thread 0x000001903e38b000 Exception <a 'java/lang/NoSuchMethodError'{0x000000074ccc8cb8}: 'java.lang.Object java.lang.invoke.DirectMethodHandle$Holder.invokeStatic(java.lang.Object, java.lang.Object, java.lang.Object, java.lang.Object, java.lang.Object, java.lang.Object, java.lang.Object, java.lang.Object, java.lang.Object, java.lang.Object, java.lang.Object, java.lang.Object, java.lang.Object, java.lang.Object, java.lang.Object)'> (0x000000074ccc8cb8) thrown at [./src/hotspot/share/interpreter/linkResolver.cpp, line 773]
Event: 2.338 Thread 0x000001903e38b000 Exception <a 'java/lang/NoSuchMethodError'{0x000000074ccd7058}: 'java.lang.Object java.lang.invoke.DirectMethodHandle$Holder.invokeStatic(java.lang.Object, java.lang.Object, java.lang.Object, java.lang.Object, java.lang.Object, java.lang.Object, java.lang.Object, java.lang.Object, java.lang.Object, java.lang.Object, java.lang.Object, java.lang.Object, java.lang.Object, java.lang.Object, java.lang.Object, java.lang.Object)'> (0x000000074ccd7058) thrown at [./src/hotspot/share/interpreter/linkResolver.cpp, l
Event: 2.344 Thread 0x000001903e38b000 Exception <a 'java/lang/NoSuchMethodError'{0x000000074cce4f70}: 'java.lang.Object java.lang.invoke.DirectMethodHandle$Holder.invokeSpecial(java.lang.Object, java.lang.Object, int, int, java.lang.Object, java.lang.Object, java.lang.Object)'> (0x000000074cce4f70) thrown at [./src/hotspot/share/interpreter/linkResolver.cpp, line 773]
Event: 2.345 Thread 0x000001903e38b000 Exception <a 'java/lang/NoSuchMethodError'{0x000000074cce87a8}: 'java.lang.Object java.lang.invoke.DelegatingMethodHandle$Holder.reinvoke_L(java.lang.Object, int, int, java.lang.Object, java.lang.Object, java.lang.Object)'> (0x000000074cce87a8) thrown at [./src/hotspot/share/interpreter/linkResolver.cpp, line 773]
Event: 2.345 Thread 0x000001903e38b000 Exception <a 'java/lang/NoSuchMethodError'{0x000000074ccecb30}: 'java.lang.Object java.lang.invoke.DirectMethodHandle$Holder.invokeStatic(java.lang.Object, java.lang.Object, java.lang.Object, java.lang.Object, int)'> (0x000000074ccecb30) thrown at [./src/hotspot/share/interpreter/linkResolver.cpp, line 773]
Event: 2.415 Thread 0x000001903e38b000 Implicit null exception at 0x00000190499d8f2c to 0x00000190499d90da
Event: 2.452 Thread 0x000001903e38b000 Exception <a 'java/lang/NoSuchMethodError'{0x000000074c668c78}: 'void java.lang.invoke.DirectMethodHandle$Holder.invokeStatic(java.lang.Object, java.lang.Object, java.lang.Object, java.lang.Object)'> (0x000000074c668c78) thrown at [./src/hotspot/share/interpreter/linkResolver.cpp, line 773]
Event: 2.484 Thread 0x000001903e38b000 Exception <a 'java/lang/NoSuchMethodError'{0x000000074c5b89a0}: 'void java.lang.invoke.DirectMethodHandle$Holder.invokeSpecial(java.lang.Object, java.lang.Object)'> (0x000000074c5b89a0) thrown at [./src/hotspot/share/interpreter/linkResolver.cpp, line 773]
Event: 2.537 Thread 0x000001903e38b000 Exception <a 'java/lang/NoSuchMethodError'{0x000000074c25b700}: 'void java.lang.invoke.DirectMethodHandle$Holder.invokeStaticInit(java.lang.Object, java.lang.Object)'> (0x000000074c25b700) thrown at [./src/hotspot/share/interpreter/linkResolver.cpp, line 773]
Event: 2.549 Thread 0x000001903e38b000 Exception <a 'java/lang/NoSuchMethodError'{0x000000074c29a070}: 'void java.lang.invoke.DirectMethodHandle$Holder.invokeInterface(java.lang.Object, java.lang.Object)'> (0x000000074c29a070) thrown at [./src/hotspot/share/interpreter/linkResolver.cpp, line 773]
Event: 2.672 Thread 0x000001903e38b000 Exception <a 'java/lang/NoSuchMethodError'{0x000000074bd46050}: 'void java.lang.invoke.DirectMethodHandle$Holder.invokeVirtual(java.lang.Object, java.lang.Object)'> (0x000000074bd46050) thrown at [./src/hotspot/share/interpreter/linkResolver.cpp, line 773]
Event: 2.684 Thread 0x000001903e38b000 Exception <a 'java/lang/NoSuchMethodError'{0x000000074bdbbe20}: 'int java.lang.invoke.DirectMethodHandle$Holder.invokeVirtual(java.lang.Object, java.lang.Object)'> (0x000000074bdbbe20) thrown at [./src/hotspot/share/interpreter/linkResolver.cpp, line 773]

Events (20 events):
Event: 3.321 loading class org/jetbrains/kotlin/cli/jvm/JvmRuntimeVersionsConsistencyChecker$2
Event: 3.321 loading class org/jetbrains/kotlin/cli/jvm/JvmRuntimeVersionsConsistencyChecker$2 done
Event: 3.321 loading class org/jetbrains/kotlin/cli/jvm/JvmRuntimeVersionsConsistencyChecker$3
Event: 3.321 loading class org/jetbrains/kotlin/cli/jvm/JvmRuntimeVersionsConsistencyChecker$3 done
Event: 3.322 loading class org/jetbrains/kotlin/cli/jvm/JvmRuntimeVersionsConsistencyChecker$4
Event: 3.322 loading class org/jetbrains/kotlin/cli/jvm/JvmRuntimeVersionsConsistencyChecker$4 done
Event: 3.323 loading class org/jetbrains/kotlin/cli/jvm/JvmRuntimeVersionsConsistencyChecker$FileKind$Irrelevant
Event: 3.323 loading class org/jetbrains/kotlin/cli/jvm/JvmRuntimeVersionsConsistencyChecker$FileKind$Irrelevant done
Event: 3.324 loading class org/jetbrains/kotlin/cli/jvm/JvmRuntimeVersionsConsistencyChecker$FileKind
Event: 3.324 loading class org/jetbrains/kotlin/cli/jvm/JvmRuntimeVersionsConsistencyChecker$FileKind done
Event: 3.333 loading class org/jetbrains/kotlin/cli/jvm/JvmRuntimeVersionsConsistencyChecker$FileKind$Runtime
Event: 3.333 loading class org/jetbrains/kotlin/cli/jvm/JvmRuntimeVersionsConsistencyChecker$FileKind$Runtime done
Event: 3.333 loading class org/jetbrains/kotlin/com/intellij/openapi/vfs/VfsUtilCore
Event: 3.333 loading class org/jetbrains/kotlin/com/intellij/openapi/vfs/VfsUtilCore done
Event: 3.335 loading class org/jetbrains/kotlin/com/intellij/openapi/vfs/VirtualFileVisitor
Event: 3.335 loading class org/jetbrains/kotlin/com/intellij/openapi/vfs/VirtualFileVisitor done
Event: 3.335 loading class org/jetbrains/kotlin/com/intellij/openapi/vfs/VfsUtilCore$2
Event: 3.335 loading class org/jetbrains/kotlin/com/intellij/openapi/vfs/VfsUtilCore$2 done
Event: 3.341 loading class org/jetbrains/kotlin/cli/jvm/JvmRuntimeVersionsConsistencyChecker$KotlinLibraryFile
Event: 3.341 loading class org/jetbrains/kotlin/cli/jvm/JvmRuntimeVersionsConsistencyChecker$KotlinLibraryFile done


Dynamic libraries:
0x00007ff64dd90000 - 0x00007ff64dd9a000 	C:\Program Files\Android\Android Studio4\jre\bin\java.exe
0x00007ff9fd310000 - 0x00007ff9fd505000 	C:\WINDOWS\SYSTEM32\ntdll.dll
0x00007ff9fd1b0000 - 0x00007ff9fd26d000 	C:\WINDOWS\System32\KERNEL32.DLL
0x00007ff9faa50000 - 0x00007ff9fad1d000 	C:\WINDOWS\System32\KERNELBASE.dll
0x00007ff9faf60000 - 0x00007ff9fb060000 	C:\WINDOWS\System32\ucrtbase.dll
0x00007ff9e1ba0000 - 0x00007ff9e1bb7000 	C:\Program Files\Android\Android Studio4\jre\bin\VCRUNTIME140.dll
0x00007ff9e4120000 - 0x00007ff9e4139000 	C:\Program Files\Android\Android Studio4\jre\bin\jli.dll
0x00007ff9fb860000 - 0x00007ff9fba00000 	C:\WINDOWS\System32\USER32.dll
0x00007ff9faa20000 - 0x00007ff9faa42000 	C:\WINDOWS\System32\win32u.dll
0x00007ff9e4f10000 - 0x00007ff9e51aa000 	C:\WINDOWS\WinSxS\amd64_microsoft.windows.common-controls_6595b64144ccf1df_6.0.19041.1110_none_60b5254171f9507e\COMCTL32.dll
0x00007ff9fb5d0000 - 0x00007ff9fb5fa000 	C:\WINDOWS\System32\GDI32.dll
0x00007ff9fb660000 - 0x00007ff9fb6fe000 	C:\WINDOWS\System32\msvcrt.dll
0x00007ff9fae50000 - 0x00007ff9faf5b000 	C:\WINDOWS\System32\gdi32full.dll
0x00007ff9fad20000 - 0x00007ff9fadbd000 	C:\WINDOWS\System32\msvcp_win.dll
0x00007ff9fba00000 - 0x00007ff9fba30000 	C:\WINDOWS\System32\IMM32.DLL
0x00007ff9d0f20000 - 0x00007ff9d0fbd000 	C:\Program Files\Android\Android Studio4\jre\bin\msvcp140.dll
0x00007ff986af0000 - 0x00007ff9875bf000 	C:\Program Files\Android\Android Studio4\jre\bin\server\jvm.dll
0x00007ff9fc8f0000 - 0x00007ff9fc99e000 	C:\WINDOWS\System32\ADVAPI32.dll
0x00007ff9fb4a0000 - 0x00007ff9fb53c000 	C:\WINDOWS\System32\sechost.dll
0x00007ff9fcfd0000 - 0x00007ff9fd0f5000 	C:\WINDOWS\System32\RPCRT4.dll
0x00007ff9fb700000 - 0x00007ff9fb708000 	C:\WINDOWS\System32\PSAPI.DLL
0x00007ff9e8c40000 - 0x00007ff9e8c49000 	C:\WINDOWS\SYSTEM32\WSOCK32.dll
0x00007ff9f8250000 - 0x00007ff9f825a000 	C:\WINDOWS\SYSTEM32\VERSION.dll
0x00007ff9fb7f0000 - 0x00007ff9fb85b000 	C:\WINDOWS\System32\WS2_32.dll
0x00007ff9e7a40000 - 0x00007ff9e7a67000 	C:\WINDOWS\SYSTEM32\WINMM.dll
0x00007ff9f8920000 - 0x00007ff9f8932000 	C:\WINDOWS\SYSTEM32\kernel.appcore.dll
0x00007ff9d9500000 - 0x00007ff9d9511000 	C:\Program Files\Android\Android Studio4\jre\bin\verify.dll
0x00007ff9f53d0000 - 0x00007ff9f55b4000 	C:\WINDOWS\SYSTEM32\DBGHELP.DLL
0x00007ff9e1780000 - 0x00007ff9e17ac000 	C:\WINDOWS\SYSTEM32\dbgcore.DLL
0x00007ff9fadc0000 - 0x00007ff9fae42000 	C:\WINDOWS\System32\bcryptPrimitives.dll
0x00007ff9d6d90000 - 0x00007ff9d6db9000 	C:\Program Files\Android\Android Studio4\jre\bin\java.dll
0x00007ff9f6540000 - 0x00007ff9f654b000 	C:\Program Files\Android\Android Studio4\jre\bin\jimage.dll
0x00007ff9d03c0000 - 0x00007ff9d03d8000 	C:\Program Files\Android\Android Studio4\jre\bin\zip.dll
0x00007ff9fba30000 - 0x00007ff9fc174000 	C:\WINDOWS\System32\SHELL32.dll
0x00007ff9f8b20000 - 0x00007ff9f92b4000 	C:\WINDOWS\SYSTEM32\windows.storage.dll
0x00007ff9fc590000 - 0x00007ff9fc8e4000 	C:\WINDOWS\System32\combase.dll
0x00007ff9fa480000 - 0x00007ff9fa4ac000 	C:\WINDOWS\SYSTEM32\Wldp.dll
0x00007ff9fb3f0000 - 0x00007ff9fb49d000 	C:\WINDOWS\System32\SHCORE.dll
0x00007ff9fc450000 - 0x00007ff9fc4a5000 	C:\WINDOWS\System32\shlwapi.dll
0x00007ff9fa960000 - 0x00007ff9fa97f000 	C:\WINDOWS\SYSTEM32\profapi.dll
0x00007ff9cdab0000 - 0x00007ff9cdaca000 	C:\Program Files\Android\Android Studio4\jre\bin\net.dll
0x00007ff9eb370000 - 0x00007ff9eb47a000 	C:\WINDOWS\SYSTEM32\WINHTTP.dll
0x00007ff9fa1e0000 - 0x00007ff9fa24a000 	C:\WINDOWS\system32\mswsock.dll
0x00007ff9ccbb0000 - 0x00007ff9ccbc4000 	C:\Program Files\Android\Android Studio4\jre\bin\nio.dll

dbghelp: loaded successfully - version: 4.0.5 - missing functions: none
symbol engine: initialized successfully - sym options: 0x614 - pdb path: .;C:\Program Files\Android\Android Studio4\jre\bin;C:\WINDOWS\SYSTEM32;C:\WINDOWS\WinSxS\amd64_microsoft.windows.common-controls_6595b64144ccf1df_6.0.19041.1110_none_60b5254171f9507e;C:\Program Files\Android\Android Studio4\jre\bin\server

VM Arguments:
java_command: org.jetbrains.kotlin.cli.jvm.K2JVMCompiler @C:\Users\leoba\AndroidStudioProjects\TextRecognizer\FirstComposoble\app\build\20220611_14583747795449378771.compiler.options
java_class_path (initial): C:\Users\leoba\.gradle\caches\modules-2\files-2.1\org.jetbrains.kotlin\kotlin-compiler-embeddable\1.5.21\40ddbcae9ff100473f95370c2d589ba3fc48eed5\kotlin-compiler-embeddable-1.5.21.jar;C:\Users\leoba\.gradle\caches\modules-2\files-2.1\org.jetbrains.kotlin\kotlin-reflect\1.5.21\802f1f39735ae1eb2b75714a40fa19bb2e687e96\kotlin-reflect-1.5.21.jar;C:\Users\leoba\.gradle\caches\modules-2\files-2.1\org.jetbrains.kotlin\kotlin-stdlib\1.5.21\2f537cad7e9eeb9da73738c8812e1e4cf9b62e4e\kotlin-stdlib-1.5.21.jar;C:\Users\leoba\.gradle\caches\modules-2\files-2.1\org.jetbrains.kotlin\kotlin-script-runtime\1.5.21\96d49e89873fde985750af354b6eabb60cfa999b\kotlin-script-runtime-1.5.21.jar;C:\Users\leoba\.gradle\caches\modules-2\files-2.1\org.jetbrains.kotlin\kotlin-daemon-embeddable\1.5.21\17255809e66a940dfdf6289bccbdfb5a09f3145\kotlin-daemon-embeddable-1.5.21.jar;C:\Users\leoba\.gradle\caches\modules-2\files-2.1\org.jetbrains.intellij.deps\trove4j\1.0.20181211\216c2e14b070f334479d800987affe4054cd563f\trove4j-1.0.20181211.jar;C:\Users\leoba\.gradle\caches\modules-2\files-2.1\org.jetbrains\annotations\13.0\919f0dfe192fb4e063e7dacadee7f8bb9a2672a9\annotations-13.0.jar;C:\Users\leoba\.gradle\caches\modules-2\files-2.1\org.jetbrains.kotlin\kotlin-stdlib-common\1.5.21\cc8bf3586fd2ebcf234058b9440bb406e62dfacb\kotlin-stdlib-common-1.5.21.jar
Launcher Type: SUN_STANDARD

[Global flags]
     intx CICompilerCount                          = 3                                         {product} {ergonomic}
     uint ConcGCThreads                            = 1                                         {product} {ergonomic}
     uint G1ConcRefinementThreads                  = 4                                         {product} {ergonomic}
   size_t G1HeapRegionSize                         = 1048576                                   {product} {ergonomic}
    uintx GCDrainStackTargetSize                   = 64                                        {product} {ergonomic}
   size_t InitialHeapSize                          = 201326592                                 {product} {ergonomic}
   size_t MarkStackSize                            = 4194304                                   {product} {ergonomic}
   size_t MaxHeapSize                              = 3198156800                                {product} {ergonomic}
   size_t MaxNewSize                               = 1918894080                                {product} {ergonomic}
   size_t MinHeapDeltaBytes                        = 1048576                                   {product} {ergonomic}
    uintx NonNMethodCodeHeapSize                   = 5830732                                {pd product} {ergonomic}
    uintx NonProfiledCodeHeapSize                  = 122913754                              {pd product} {ergonomic}
    uintx ProfiledCodeHeapSize                     = 122913754                              {pd product} {ergonomic}
    uintx ReservedCodeCacheSize                    = 251658240                              {pd product} {ergonomic}
     bool SegmentedCodeCache                       = true                                      {product} {ergonomic}
     bool UseCompressedClassPointers               = true                                 {lp64_product} {ergonomic}
     bool UseCompressedOops                        = true                                 {lp64_product} {ergonomic}
     bool UseG1GC                                  = true                                      {product} {ergonomic}
     bool UseLargePagesIndividualAllocation        = false                                  {pd product} {ergonomic}

Logging:
Log output configuration:
 #0: stdout all=warning uptime,level,tags
 #1: stderr all=off uptime,level,tags

Environment Variables:
PATH=C:\Program Files (x86)\Intel\Intel(R) Management Engine Components\iCLS\;C:\Program Files\Intel\Intel(R) Management Engine Components\iCLS\;C:\WINDOWS\system32;C:\WINDOWS;C:\WINDOWS\System32\Wbem;C:\WINDOWS\System32\WindowsPowerShell\v1.0\;C:\Program Files (x86)\Intel\Intel(R) Management Engine Components\DAL;C:\Program Files\Intel\Intel(R) Management Engine Components\DAL;C:\Program Files (x86)\Intel\Intel(R) Management Engine Components\IPT;C:\Program Files\Intel\Intel(R) Management Engine Components\IPT;c:\Program Files (x86)\Microsoft SQL Server\100\Tools\Binn\;c:\Program Files\Microsoft SQL Server\100\Tools\Binn\;c:\Program Files\Microsoft SQL Server\100\DTS\Binn\;c:\Program Files (x86)\Microsoft SQL Server\100\Tools\Binn\VSShell\Common7\IDE\;c:\Program Files (x86)\Microsoft SQL Server\100\DTS\Binn\;C:\WINDOWS\system32\config\systemprofile\.dnx\bin;C:\Program Files\Microsoft DNX\Dnvm\;C:\Program Files\Microsoft SQL Server\130\Tools\Binn\;C:\WINDOWS\System32\OpenSSH\;C:\Program Files\Git\cmd;C:\Users\leoba\AppData\Local\Microsoft\WindowsApps;C:\Users\leoba\AppData\Local\GitHubDesktop\bin;%USERPROFILE%\AppData\Local\Microsoft\WindowsApps;
USERNAME=leoba
OS=Windows_NT
PROCESSOR_IDENTIFIER=Intel64 Family 6 Model 142 Stepping 10, GenuineIntel



---------------  S Y S T E M  ---------------

OS: Windows 10 , 64 bit Build 19041 (10.0.19041.1706)
OS uptime: 22 days 13:58 hours

CPU:total 4 (initial active 4) (2 cores per cpu, 2 threads per core) family 6 model 142 stepping 10 microcode 0xb4, cmov, cx8, fxsr, mmx, sse, sse2, sse3, ssse3, sse4.1, sse4.2, popcnt, avx, avx2, aes, clmul, erms, 3dnowpref, lzcnt, ht, tsc, tscinvbit, bmi1, bmi2, adx, fma

Memory: 4k page, system-wide physical 12197M (1023M free)
TotalPageFile size 12197M (AvailPageFile size 4M)
current process WorkingSet (physical memory assigned to process): 199M, peak: 199M
current process commit charge ("private bytes"): 355M, peak: 355M

vm_info: OpenJDK 64-Bit Server VM (11.0.10+0-b96-7249189) for windows-amd64 JRE (11.0.10+0-b96-7249189), built on Mar 31 2021 21:44:00 by "builder" with MS VC++ 14.0 (VS2015)

END.
