#
# There is insufficient memory for the Java Runtime Environment to continue.
# Native memory allocation (malloc) failed to allocate 1048576 bytes for AllocateHeap
# Possible reasons:
#   The system is out of physical RAM or swap space
#   The process is running with CompressedOops enabled, and the Java Heap may be blocking the growth of the native heap
# Possible solutions:
#   Reduce memory load on the system
#   Increase physical memory or swap space
#   Check if swap backing store is full
#   Decrease Java heap size (-Xmx/-Xms)
#   Decrease number of Java threads
#   Decrease Java thread stack sizes (-Xss)
#   Set larger code cache with -XX:ReservedCodeCacheSize=
#   JVM is running with Zero Based Compressed Oops mode in which the Java heap is
#     placed in the first 32GB address space. The Java Heap base address is the
#     maximum limit for the native heap growth. Please use -XX:HeapBaseMinAddress
#     to set the Java Heap base and to place the Java Heap above 32GB virtual address.
# This output file may be truncated or incomplete.
#
#  Out of Memory Error (./src/hotspot/share/memory/allocation.cpp:46), pid=3736, tid=17380
#
# JRE version: OpenJDK Runtime Environment (11.0.10) (build 11.0.10+0-b96-7249189)
# Java VM: OpenJDK 64-Bit Server VM (11.0.10+0-b96-7249189, mixed mode, tiered, compressed oops, g1 gc, windows-amd64)
# No core dump will be written. Minidumps are not enabled by default on client versions of Windows
#

---------------  S U M M A R Y ------------

Command Line: org.jetbrains.kotlin.cli.jvm.K2JVMCompiler @C:\Users\leoba\AndroidStudioProjects\TextRecognizer\FirstComposoble\app\build\20220611_6279018085247099585.compiler.options

Host: Intel(R) Core(TM) i3-7020U CPU @ 2.30GHz, 4 cores, 11G,  Windows 10 , 64 bit Build 19041 (10.0.19041.1706)
Time: Sat Jun 11 01:37:43 2022 Hora estándar de Argentina elapsed time: 13.320797 seconds (0d 0h 0m 13s)

---------------  T H R E A D  ---------------

Current thread (0x000001bfffab1800):  VMThread "VM Thread" [stack: 0x0000009f71200000,0x0000009f71300000] [id=17380]

Stack: [0x0000009f71200000,0x0000009f71300000]
[error occurred during error reporting (printing stack bounds), id 0xc0000005, EXCEPTION_ACCESS_VIOLATION (0xc0000005) at pc=0x000001bf80000f2d]

Native frames: (J=compiled Java code, j=interpreted, Vv=VM code, C=native code)
V  [jvm.dll+0x5ecfaa]
V  [jvm.dll+0x722bd5]
V  [jvm.dll+0x72412d]
V  [jvm.dll+0x724745]
V  [jvm.dll+0x7246fb]
V  [jvm.dll+0x5ec348]
V  [jvm.dll+0x5ecad8]
C  [ntdll.dll+0xa209f]
C  [ntdll.dll+0x51454]
C  [ntdll.dll+0xa0bce]
C  0x000001bf80000f2d

VM_Operation (0x0000009f70cfb8a0): CollectForMetadataAllocation, mode: safepoint, requested by thread 0x000001bff68ea800


---------------  P R O C E S S  ---------------

Threads class SMR info:
_java_thread_list=0x000001bf9736a1f0, length=11, elements={
0x000001bff68ea800, 0x000001bfffab5800, 0x000001bfffab9000, 0x000001bfffa84800,
0x000001bfffa86000, 0x000001bfffa8a000, 0x000001bfffb07000, 0x000001bfffb0f000,
0x000001bfffb19800, 0x000001bfffc79000, 0x000001bf993a6800
}

Java Threads: ( => current thread )
  0x000001bff68ea800 JavaThread "main" [_thread_blocked, id=2408, stack(0x0000009f70c00000,0x0000009f70d00000)]
  0x000001bfffab5800 JavaThread "Reference Handler" daemon [_thread_blocked, id=15624, stack(0x0000009f71300000,0x0000009f71400000)]
  0x000001bfffab9000 JavaThread "Finalizer" daemon [_thread_blocked, id=7208, stack(0x0000009f71400000,0x0000009f71500000)]
  0x000001bfffa84800 JavaThread "Signal Dispatcher" daemon [_thread_blocked, id=6104, stack(0x0000009f71500000,0x0000009f71600000)]
  0x000001bfffa86000 JavaThread "Attach Listener" daemon [_thread_blocked, id=15392, stack(0x0000009f71600000,0x0000009f71700000)]
  0x000001bfffa8a000 JavaThread "Service Thread" daemon [_thread_blocked, id=15980, stack(0x0000009f71700000,0x0000009f71800000)]
  0x000001bfffb07000 JavaThread "C2 CompilerThread0" daemon [_thread_blocked, id=6868, stack(0x0000009f71800000,0x0000009f71900000)]
  0x000001bfffb0f000 JavaThread "C1 CompilerThread0" daemon [_thread_blocked, id=1684, stack(0x0000009f71900000,0x0000009f71a00000)]
  0x000001bfffb19800 JavaThread "Sweeper thread" daemon [_thread_blocked, id=17964, stack(0x0000009f71a00000,0x0000009f71b00000)]
  0x000001bfffc79000 JavaThread "Common-Cleaner" daemon [_thread_blocked, id=17876, stack(0x0000009f71c00000,0x0000009f71d00000)]
  0x000001bf993a6800 JavaThread "C2 CompilerThread1" daemon [_thread_blocked, id=4016, stack(0x0000009f71d00000,0x0000009f71e00000)]

Other Threads:
=>0x000001bfffab1800 VMThread "VM Thread" [stack: 0x0000009f71200000,0x0000009f71300000] [id=17380]
  0x000001bfffc6a800 WatcherThread [stack: 0x0000009f71b00000,0x0000009f71c00000] [id=16648]
  0x000001bff6903800 GCTaskThread "GC Thread#0" [stack: 0x0000009f70d00000,0x0000009f70e00000] [id=14776]
  0x000001bf95a98000 GCTaskThread "GC Thread#1" [stack: 0x0000009f71e00000,0x0000009f71f00000] [id=19108]
  0x000001bf95a98800 GCTaskThread "GC Thread#2" [stack: 0x0000009f71f00000,0x0000009f72000000] [id=17640]
  0x000001bf95a9a800 GCTaskThread "GC Thread#3" [stack: 0x0000009f72000000,0x0000009f72100000] [id=11808]
  0x000001bff6949000 ConcurrentGCThread "G1 Main Marker" [stack: 0x0000009f70e00000,0x0000009f70f00000] [id=340]
  0x000001bff694a000 ConcurrentGCThread "G1 Conc#0" [stack: 0x0000009f70f00000,0x0000009f71000000] [id=11464]
  0x000001bfff8da800 ConcurrentGCThread "G1 Refine#0" [stack: 0x0000009f71000000,0x0000009f71100000] [id=14668]
  0x000001bfff8de000 ConcurrentGCThread "G1 Young RemSet Sampling" [stack: 0x0000009f71100000,0x0000009f71200000] [id=3780]

Threads with active compile tasks:
C2 CompilerThread0  13334 9141       4       org.jetbrains.kotlin.name.FqNameUnsafe::child (65 bytes)

VM state:at safepoint (normal execution)

VM Mutex/Monitor currently owned by a thread:  ([mutex/lock_event])
[0x000001bff68e6e00] Threads_lock - owner thread: 0x000001bfffab1800
[0x000001bff68e6860] Heap_lock - owner thread: 0x000001bff68ea800

Heap address: 0x0000000741600000, size: 3050 MB, Compressed Oops mode: Zero based, Oop shift amount: 3
Narrow klass base: 0x0000000800000000, Narrow klass shift: 0
Compressed class space size: 1073741824 Address: 0x0000000800000000

Heap:
 garbage-first heap   total 236544K, used 55634K [0x0000000741600000, 0x0000000800000000)
  region size 1024K, 7 young (7168K), 7 survivors (7168K)
 Metaspace       used 66460K, capacity 67098K, committed 67152K, reserved 1122304K
  class space    used 7276K, capacity 7502K, committed 7548K, reserved 1048576K
Heap Regions: E=young(eden), S=young(survivor), O=old, HS=humongous(starts), HC=humongous(continues), CS=collection set, F=free, A=archive, TAMS=top-at-mark-start (previous, next)
|   0|0x0000000741600000, 0x0000000741700000, 0x0000000741700000|100%|HS|  |TAMS 0x0000000741700000, 0x0000000741700000| Complete 
|   1|0x0000000741700000, 0x0000000741800000, 0x0000000741800000|100%|HC|  |TAMS 0x0000000741800000, 0x0000000741800000| Complete 
|   2|0x0000000741800000, 0x0000000741900000, 0x0000000741900000|100%|HC|  |TAMS 0x0000000741900000, 0x0000000741900000| Complete 
|   3|0x0000000741900000, 0x0000000741a00000, 0x0000000741a00000|100%| O|  |TAMS 0x0000000741a00000, 0x0000000741a00000| Untracked 
|   4|0x0000000741a00000, 0x0000000741b00000, 0x0000000741b00000|100%| O|  |TAMS 0x0000000741b00000, 0x0000000741b00000| Untracked 
|   5|0x0000000741b00000, 0x0000000741c00000, 0x0000000741c00000|100%|HS|  |TAMS 0x0000000741c00000, 0x0000000741c00000| Complete 
|   6|0x0000000741c00000, 0x0000000741d00000, 0x0000000741d00000|100%|HC|  |TAMS 0x0000000741d00000, 0x0000000741d00000| Complete 
|   7|0x0000000741d00000, 0x0000000741e00000, 0x0000000741e00000|100%|HC|  |TAMS 0x0000000741e00000, 0x0000000741e00000| Complete 
|   8|0x0000000741e00000, 0x0000000741f00000, 0x0000000741f00000|100%|HS|  |TAMS 0x0000000741f00000, 0x0000000741f00000| Complete 
|   9|0x0000000741f00000, 0x0000000742000000, 0x0000000742000000|100%|HC|  |TAMS 0x0000000742000000, 0x0000000742000000| Complete 
|  10|0x0000000742000000, 0x0000000742100000, 0x0000000742100000|100%|HC|  |TAMS 0x0000000742100000, 0x0000000742100000| Complete 
|  11|0x0000000742100000, 0x0000000742200000, 0x0000000742200000|100%|HS|  |TAMS 0x0000000742200000, 0x0000000742200000| Complete 
|  12|0x0000000742200000, 0x0000000742300000, 0x0000000742300000|100%|HC|  |TAMS 0x0000000742300000, 0x0000000742300000| Complete 
|  13|0x0000000742300000, 0x0000000742400000, 0x0000000742400000|100%| O|  |TAMS 0x0000000742400000, 0x0000000742400000| Untracked 
|  14|0x0000000742400000, 0x0000000742500000, 0x0000000742500000|100%| O|  |TAMS 0x0000000742500000, 0x0000000742500000| Untracked 
|  15|0x0000000742500000, 0x0000000742600000, 0x0000000742600000|100%| O|  |TAMS 0x0000000742600000, 0x0000000742600000| Untracked 
|  16|0x0000000742600000, 0x0000000742700000, 0x0000000742700000|100%| O|  |TAMS 0x0000000742700000, 0x0000000742700000| Untracked 
|  17|0x0000000742700000, 0x0000000742800000, 0x0000000742800000|100%| O|  |TAMS 0x0000000742800000, 0x0000000742800000| Untracked 
|  18|0x0000000742800000, 0x0000000742900000, 0x0000000742900000|100%| O|  |TAMS 0x0000000742900000, 0x0000000742900000| Untracked 
|  19|0x0000000742900000, 0x0000000742a00000, 0x0000000742a00000|100%| O|  |TAMS 0x0000000742a00000, 0x0000000742a00000| Untracked 
|  20|0x0000000742a00000, 0x0000000742b00000, 0x0000000742b00000|100%| O|  |TAMS 0x0000000742b00000, 0x0000000742b00000| Untracked 
|  21|0x0000000742b00000, 0x0000000742c00000, 0x0000000742c00000|100%| O|  |TAMS 0x0000000742c00000, 0x0000000742c00000| Untracked 
|  22|0x0000000742c00000, 0x0000000742d00000, 0x0000000742d00000|100%| O|  |TAMS 0x0000000742d00000, 0x0000000742d00000| Untracked 
|  23|0x0000000742d00000, 0x0000000742e00000, 0x0000000742e00000|100%| O|  |TAMS 0x0000000742e00000, 0x0000000742e00000| Untracked 
|  24|0x0000000742e00000, 0x0000000742f00000, 0x0000000742f00000|100%| O|  |TAMS 0x0000000742f00000, 0x0000000742f00000| Untracked 
|  25|0x0000000742f00000, 0x0000000743000000, 0x0000000743000000|100%| O|  |TAMS 0x0000000743000000, 0x0000000743000000| Untracked 
|  26|0x0000000743000000, 0x0000000743100000, 0x0000000743100000|100%| O|  |TAMS 0x0000000743100000, 0x0000000743100000| Untracked 
|  27|0x0000000743100000, 0x0000000743200000, 0x0000000743200000|100%| O|  |TAMS 0x0000000743200000, 0x0000000743200000| Untracked 
|  28|0x0000000743200000, 0x0000000743300000, 0x0000000743300000|100%| O|  |TAMS 0x0000000743300000, 0x0000000743300000| Untracked 
|  29|0x0000000743300000, 0x0000000743400000, 0x0000000743400000|100%| O|  |TAMS 0x0000000743400000, 0x0000000743400000| Untracked 
|  30|0x0000000743400000, 0x0000000743500000, 0x0000000743500000|100%| O|  |TAMS 0x0000000743500000, 0x0000000743500000| Untracked 
|  31|0x0000000743500000, 0x0000000743600000, 0x0000000743600000|100%| O|  |TAMS 0x0000000743600000, 0x0000000743600000| Untracked 
|  32|0x0000000743600000, 0x0000000743700000, 0x0000000743700000|100%| O|  |TAMS 0x0000000743700000, 0x0000000743700000| Untracked 
|  33|0x0000000743700000, 0x0000000743800000, 0x0000000743800000|100%| O|  |TAMS 0x0000000743800000, 0x0000000743800000| Untracked 
|  34|0x0000000743800000, 0x0000000743900000, 0x0000000743900000|100%| O|  |TAMS 0x0000000743900000, 0x0000000743900000| Untracked 
|  35|0x0000000743900000, 0x0000000743a00000, 0x0000000743a00000|100%| O|  |TAMS 0x0000000743a00000, 0x0000000743a00000| Untracked 
|  36|0x0000000743a00000, 0x0000000743b00000, 0x0000000743b00000|100%| O|  |TAMS 0x0000000743b00000, 0x0000000743b00000| Untracked 
|  37|0x0000000743b00000, 0x0000000743c00000, 0x0000000743c00000|100%| O|  |TAMS 0x0000000743c00000, 0x0000000743c00000| Untracked 
|  38|0x0000000743c00000, 0x0000000743d00000, 0x0000000743d00000|100%| O|  |TAMS 0x0000000743d00000, 0x0000000743d00000| Untracked 
|  39|0x0000000743d00000, 0x0000000743e00000, 0x0000000743e00000|100%| O|  |TAMS 0x0000000743e00000, 0x0000000743e00000| Untracked 
|  40|0x0000000743e00000, 0x0000000743f00000, 0x0000000743f00000|100%| O|  |TAMS 0x0000000743f00000, 0x0000000743f00000| Untracked 
|  41|0x0000000743f00000, 0x0000000744000000, 0x0000000744000000|100%| O|  |TAMS 0x0000000743f00000, 0x0000000744000000| Untracked 
|  42|0x0000000744000000, 0x0000000744100000, 0x0000000744100000|100%| O|  |TAMS 0x0000000744000000, 0x0000000744100000| Untracked 
|  43|0x0000000744100000, 0x0000000744200000, 0x0000000744200000|100%| O|  |TAMS 0x0000000744100000, 0x0000000744200000| Untracked 
|  44|0x0000000744200000, 0x0000000744300000, 0x0000000744300000|100%| O|  |TAMS 0x0000000744200000, 0x0000000744300000| Untracked 
|  45|0x0000000744300000, 0x0000000744400000, 0x0000000744400000|100%| O|  |TAMS 0x0000000744300000, 0x0000000744400000| Untracked 
|  46|0x0000000744400000, 0x0000000744500000, 0x0000000744500000|100%| O|  |TAMS 0x0000000744400000, 0x0000000744500000| Untracked 
|  47|0x0000000744500000, 0x0000000744600000, 0x0000000744600000|100%| O|  |TAMS 0x0000000744500000, 0x0000000744600000| Untracked 
|  48|0x0000000744600000, 0x0000000744600000, 0x0000000744700000|  0%| F|  |TAMS 0x0000000744600000, 0x0000000744600000| Untracked 
|  49|0x0000000744700000, 0x0000000744700000, 0x0000000744800000|  0%| F|  |TAMS 0x0000000744700000, 0x0000000744700000| Untracked 
|  50|0x0000000744800000, 0x0000000744800000, 0x0000000744900000|  0%| F|  |TAMS 0x0000000744800000, 0x0000000744800000| Untracked 
|  51|0x0000000744900000, 0x0000000744900000, 0x0000000744a00000|  0%| F|  |TAMS 0x0000000744900000, 0x0000000744900000| Untracked 
|  52|0x0000000744a00000, 0x0000000744a00000, 0x0000000744b00000|  0%| F|  |TAMS 0x0000000744a00000, 0x0000000744a00000| Untracked 
|  53|0x0000000744b00000, 0x0000000744b00000, 0x0000000744c00000|  0%| F|  |TAMS 0x0000000744b00000, 0x0000000744b00000| Untracked 
|  54|0x0000000744c00000, 0x0000000744c00000, 0x0000000744d00000|  0%| F|  |TAMS 0x0000000744c00000, 0x0000000744c00000| Untracked 
|  55|0x0000000744d00000, 0x0000000744d00000, 0x0000000744e00000|  0%| F|  |TAMS 0x0000000744d00000, 0x0000000744d00000| Untracked 
|  56|0x0000000744e00000, 0x0000000744e00000, 0x0000000744f00000|  0%| F|  |TAMS 0x0000000744e00000, 0x0000000744e00000| Untracked 
|  57|0x0000000744f00000, 0x0000000744f00000, 0x0000000745000000|  0%| F|  |TAMS 0x0000000744f00000, 0x0000000744f00000| Untracked 
|  58|0x0000000745000000, 0x0000000745000000, 0x0000000745100000|  0%| F|  |TAMS 0x0000000745000000, 0x0000000745000000| Untracked 
|  59|0x0000000745100000, 0x0000000745100000, 0x0000000745200000|  0%| F|  |TAMS 0x0000000745100000, 0x0000000745100000| Untracked 
|  60|0x0000000745200000, 0x0000000745200000, 0x0000000745300000|  0%| F|  |TAMS 0x0000000745200000, 0x0000000745200000| Untracked 
|  61|0x0000000745300000, 0x0000000745300000, 0x0000000745400000|  0%| F|  |TAMS 0x0000000745300000, 0x0000000745300000| Untracked 
|  62|0x0000000745400000, 0x0000000745400000, 0x0000000745500000|  0%| F|  |TAMS 0x0000000745400000, 0x0000000745400000| Untracked 
|  63|0x0000000745500000, 0x0000000745500000, 0x0000000745600000|  0%| F|  |TAMS 0x0000000745500000, 0x0000000745500000| Untracked 
|  64|0x0000000745600000, 0x0000000745600000, 0x0000000745700000|  0%| F|  |TAMS 0x0000000745600000, 0x0000000745600000| Untracked 
|  65|0x0000000745700000, 0x0000000745700000, 0x0000000745800000|  0%| F|  |TAMS 0x0000000745700000, 0x0000000745700000| Untracked 
|  66|0x0000000745800000, 0x0000000745800000, 0x0000000745900000|  0%| F|  |TAMS 0x0000000745800000, 0x0000000745800000| Untracked 
|  67|0x0000000745900000, 0x0000000745900000, 0x0000000745a00000|  0%| F|  |TAMS 0x0000000745900000, 0x0000000745900000| Untracked 
|  68|0x0000000745a00000, 0x0000000745a00000, 0x0000000745b00000|  0%| F|  |TAMS 0x0000000745a00000, 0x0000000745a00000| Untracked 
|  69|0x0000000745b00000, 0x0000000745b00000, 0x0000000745c00000|  0%| F|  |TAMS 0x0000000745b00000, 0x0000000745b00000| Untracked 
|  70|0x0000000745c00000, 0x0000000745c00000, 0x0000000745d00000|  0%| F|  |TAMS 0x0000000745c00000, 0x0000000745c00000| Untracked 
|  71|0x0000000745d00000, 0x0000000745d00000, 0x0000000745e00000|  0%| F|  |TAMS 0x0000000745d00000, 0x0000000745d00000| Untracked 
|  72|0x0000000745e00000, 0x0000000745e00000, 0x0000000745f00000|  0%| F|  |TAMS 0x0000000745e00000, 0x0000000745e00000| Untracked 
|  73|0x0000000745f00000, 0x0000000745f00000, 0x0000000746000000|  0%| F|  |TAMS 0x0000000745f00000, 0x0000000745f00000| Untracked 
|  74|0x0000000746000000, 0x0000000746000000, 0x0000000746100000|  0%| F|  |TAMS 0x0000000746000000, 0x0000000746000000| Untracked 
|  75|0x0000000746100000, 0x0000000746100000, 0x0000000746200000|  0%| F|  |TAMS 0x0000000746100000, 0x0000000746100000| Untracked 
|  76|0x0000000746200000, 0x0000000746200000, 0x0000000746300000|  0%| F|  |TAMS 0x0000000746200000, 0x0000000746200000| Untracked 
|  77|0x0000000746300000, 0x0000000746300000, 0x0000000746400000|  0%| F|  |TAMS 0x0000000746300000, 0x0000000746300000| Untracked 
|  78|0x0000000746400000, 0x0000000746400000, 0x0000000746500000|  0%| F|  |TAMS 0x0000000746400000, 0x0000000746400000| Untracked 
|  79|0x0000000746500000, 0x0000000746500000, 0x0000000746600000|  0%| F|  |TAMS 0x0000000746500000, 0x0000000746500000| Untracked 
|  80|0x0000000746600000, 0x0000000746600000, 0x0000000746700000|  0%| F|  |TAMS 0x0000000746600000, 0x0000000746600000| Untracked 
|  81|0x0000000746700000, 0x0000000746700000, 0x0000000746800000|  0%| F|  |TAMS 0x0000000746700000, 0x0000000746700000| Untracked 
|  82|0x0000000746800000, 0x0000000746800000, 0x0000000746900000|  0%| F|  |TAMS 0x0000000746800000, 0x0000000746800000| Untracked 
|  83|0x0000000746900000, 0x0000000746900000, 0x0000000746a00000|  0%| F|  |TAMS 0x0000000746900000, 0x0000000746900000| Untracked 
|  84|0x0000000746a00000, 0x0000000746a00000, 0x0000000746b00000|  0%| F|  |TAMS 0x0000000746a00000, 0x0000000746a00000| Untracked 
|  85|0x0000000746b00000, 0x0000000746b00000, 0x0000000746c00000|  0%| F|  |TAMS 0x0000000746b00000, 0x0000000746b00000| Untracked 
|  86|0x0000000746c00000, 0x0000000746c00000, 0x0000000746d00000|  0%| F|  |TAMS 0x0000000746c00000, 0x0000000746c00000| Untracked 
|  87|0x0000000746d00000, 0x0000000746d00000, 0x0000000746e00000|  0%| F|  |TAMS 0x0000000746d00000, 0x0000000746d00000| Untracked 
|  88|0x0000000746e00000, 0x0000000746e00000, 0x0000000746f00000|  0%| F|  |TAMS 0x0000000746e00000, 0x0000000746e00000| Untracked 
|  89|0x0000000746f00000, 0x0000000746f00000, 0x0000000747000000|  0%| F|  |TAMS 0x0000000746f00000, 0x0000000746f00000| Untracked 
|  90|0x0000000747000000, 0x0000000747000000, 0x0000000747100000|  0%| F|  |TAMS 0x0000000747000000, 0x0000000747000000| Untracked 
|  91|0x0000000747100000, 0x0000000747100000, 0x0000000747200000|  0%| F|  |TAMS 0x0000000747100000, 0x0000000747100000| Untracked 
|  92|0x0000000747200000, 0x0000000747200000, 0x0000000747300000|  0%| F|  |TAMS 0x0000000747200000, 0x0000000747200000| Untracked 
|  93|0x0000000747300000, 0x0000000747300000, 0x0000000747400000|  0%| F|  |TAMS 0x0000000747300000, 0x0000000747300000| Untracked 
|  94|0x0000000747400000, 0x0000000747400000, 0x0000000747500000|  0%| F|  |TAMS 0x0000000747400000, 0x0000000747400000| Untracked 
|  95|0x0000000747500000, 0x0000000747500000, 0x0000000747600000|  0%| F|  |TAMS 0x0000000747500000, 0x0000000747500000| Untracked 
|  96|0x0000000747600000, 0x0000000747600000, 0x0000000747700000|  0%| F|  |TAMS 0x0000000747600000, 0x0000000747600000| Untracked 
|  97|0x0000000747700000, 0x0000000747700000, 0x0000000747800000|  0%| F|  |TAMS 0x0000000747700000, 0x0000000747700000| Untracked 
|  98|0x0000000747800000, 0x0000000747800000, 0x0000000747900000|  0%| F|  |TAMS 0x0000000747800000, 0x0000000747800000| Untracked 
|  99|0x0000000747900000, 0x0000000747900000, 0x0000000747a00000|  0%| F|  |TAMS 0x0000000747900000, 0x0000000747900000| Untracked 
| 100|0x0000000747a00000, 0x0000000747a00000, 0x0000000747b00000|  0%| F|  |TAMS 0x0000000747a00000, 0x0000000747a00000| Untracked 
| 101|0x0000000747b00000, 0x0000000747b00000, 0x0000000747c00000|  0%| F|  |TAMS 0x0000000747b00000, 0x0000000747b00000| Untracked 
| 102|0x0000000747c00000, 0x0000000747c00000, 0x0000000747d00000|  0%| F|  |TAMS 0x0000000747c00000, 0x0000000747c00000| Untracked 
| 103|0x0000000747d00000, 0x0000000747d00000, 0x0000000747e00000|  0%| F|  |TAMS 0x0000000747d00000, 0x0000000747d00000| Untracked 
| 104|0x0000000747e00000, 0x0000000747e00000, 0x0000000747f00000|  0%| F|  |TAMS 0x0000000747e00000, 0x0000000747e00000| Untracked 
| 105|0x0000000747f00000, 0x0000000747f00000, 0x0000000748000000|  0%| F|  |TAMS 0x0000000747f00000, 0x0000000747f00000| Untracked 
| 106|0x0000000748000000, 0x0000000748000000, 0x0000000748100000|  0%| F|  |TAMS 0x0000000748000000, 0x0000000748000000| Untracked 
| 107|0x0000000748100000, 0x0000000748100000, 0x0000000748200000|  0%| F|  |TAMS 0x0000000748100000, 0x0000000748100000| Untracked 
| 108|0x0000000748200000, 0x0000000748200000, 0x0000000748300000|  0%| F|  |TAMS 0x0000000748200000, 0x0000000748200000| Untracked 
| 109|0x0000000748300000, 0x0000000748300000, 0x0000000748400000|  0%| F|  |TAMS 0x0000000748300000, 0x0000000748300000| Untracked 
| 110|0x0000000748400000, 0x0000000748400000, 0x0000000748500000|  0%| F|  |TAMS 0x0000000748400000, 0x0000000748400000| Untracked 
| 111|0x0000000748500000, 0x0000000748500000, 0x0000000748600000|  0%| F|  |TAMS 0x0000000748500000, 0x0000000748500000| Untracked 
| 112|0x0000000748600000, 0x0000000748600000, 0x0000000748700000|  0%| F|  |TAMS 0x0000000748600000, 0x0000000748600000| Untracked 
| 113|0x0000000748700000, 0x0000000748700000, 0x0000000748800000|  0%| F|  |TAMS 0x0000000748700000, 0x0000000748700000| Untracked 
| 114|0x0000000748800000, 0x0000000748800000, 0x0000000748900000|  0%| F|  |TAMS 0x0000000748800000, 0x0000000748800000| Untracked 
| 115|0x0000000748900000, 0x0000000748900000, 0x0000000748a00000|  0%| F|  |TAMS 0x0000000748900000, 0x0000000748900000| Untracked 
| 116|0x0000000748a00000, 0x0000000748a00000, 0x0000000748b00000|  0%| F|  |TAMS 0x0000000748a00000, 0x0000000748a00000| Untracked 
| 117|0x0000000748b00000, 0x0000000748b00000, 0x0000000748c00000|  0%| F|  |TAMS 0x0000000748b00000, 0x0000000748b00000| Untracked 
| 118|0x0000000748c00000, 0x0000000748c00000, 0x0000000748d00000|  0%| F|  |TAMS 0x0000000748c00000, 0x0000000748c00000| Untracked 
| 119|0x0000000748d00000, 0x0000000748d00000, 0x0000000748e00000|  0%| F|  |TAMS 0x0000000748d00000, 0x0000000748d00000| Untracked 
| 120|0x0000000748e00000, 0x0000000748e00000, 0x0000000748f00000|  0%| F|  |TAMS 0x0000000748e00000, 0x0000000748e00000| Untracked 
| 121|0x0000000748f00000, 0x0000000748f00000, 0x0000000749000000|  0%| F|  |TAMS 0x0000000748f00000, 0x0000000748f00000| Untracked 
| 122|0x0000000749000000, 0x0000000749000000, 0x0000000749100000|  0%| F|  |TAMS 0x0000000749000000, 0x0000000749000000| Untracked 
| 123|0x0000000749100000, 0x0000000749100000, 0x0000000749200000|  0%| F|  |TAMS 0x0000000749100000, 0x0000000749100000| Untracked 
| 124|0x0000000749200000, 0x0000000749200000, 0x0000000749300000|  0%| F|  |TAMS 0x0000000749200000, 0x0000000749200000| Untracked 
| 125|0x0000000749300000, 0x0000000749300000, 0x0000000749400000|  0%| F|  |TAMS 0x0000000749300000, 0x0000000749300000| Untracked 
| 126|0x0000000749400000, 0x0000000749400000, 0x0000000749500000|  0%| F|  |TAMS 0x0000000749400000, 0x0000000749400000| Untracked 
| 127|0x0000000749500000, 0x0000000749500000, 0x0000000749600000|  0%| F|  |TAMS 0x0000000749500000, 0x0000000749500000| Untracked 
| 128|0x0000000749600000, 0x0000000749600000, 0x0000000749700000|  0%| F|  |TAMS 0x0000000749600000, 0x0000000749600000| Untracked 
| 129|0x0000000749700000, 0x0000000749700000, 0x0000000749800000|  0%| F|  |TAMS 0x0000000749700000, 0x0000000749700000| Untracked 
| 130|0x0000000749800000, 0x0000000749800000, 0x0000000749900000|  0%| F|  |TAMS 0x0000000749800000, 0x0000000749800000| Untracked 
| 131|0x0000000749900000, 0x0000000749900000, 0x0000000749a00000|  0%| F|  |TAMS 0x0000000749900000, 0x0000000749900000| Untracked 
| 132|0x0000000749a00000, 0x0000000749a00000, 0x0000000749b00000|  0%| F|  |TAMS 0x0000000749a00000, 0x0000000749a00000| Untracked 
| 133|0x0000000749b00000, 0x0000000749b00000, 0x0000000749c00000|  0%| F|  |TAMS 0x0000000749b00000, 0x0000000749b00000| Untracked 
| 134|0x0000000749c00000, 0x0000000749c00000, 0x0000000749d00000|  0%| F|  |TAMS 0x0000000749c00000, 0x0000000749c00000| Untracked 
| 135|0x0000000749d00000, 0x0000000749d00000, 0x0000000749e00000|  0%| F|  |TAMS 0x0000000749d00000, 0x0000000749d00000| Untracked 
| 136|0x0000000749e00000, 0x0000000749e00000, 0x0000000749f00000|  0%| F|  |TAMS 0x0000000749e00000, 0x0000000749e00000| Untracked 
| 137|0x0000000749f00000, 0x0000000749f00000, 0x000000074a000000|  0%| F|  |TAMS 0x0000000749f00000, 0x0000000749f00000| Untracked 
| 138|0x000000074a000000, 0x000000074a000000, 0x000000074a100000|  0%| F|  |TAMS 0x000000074a000000, 0x000000074a000000| Untracked 
| 139|0x000000074a100000, 0x000000074a100000, 0x000000074a200000|  0%| F|  |TAMS 0x000000074a100000, 0x000000074a100000| Untracked 
| 140|0x000000074a200000, 0x000000074a200000, 0x000000074a300000|  0%| F|  |TAMS 0x000000074a200000, 0x000000074a200000| Untracked 
| 141|0x000000074a300000, 0x000000074a300000, 0x000000074a400000|  0%| F|  |TAMS 0x000000074a300000, 0x000000074a300000| Untracked 
| 142|0x000000074a400000, 0x000000074a400000, 0x000000074a500000|  0%| F|  |TAMS 0x000000074a400000, 0x000000074a400000| Untracked 
| 143|0x000000074a500000, 0x000000074a500000, 0x000000074a600000|  0%| F|  |TAMS 0x000000074a500000, 0x000000074a500000| Untracked 
| 144|0x000000074a600000, 0x000000074a600000, 0x000000074a700000|  0%| F|  |TAMS 0x000000074a600000, 0x000000074a600000| Untracked 
| 145|0x000000074a700000, 0x000000074a700000, 0x000000074a800000|  0%| F|  |TAMS 0x000000074a700000, 0x000000074a700000| Untracked 
| 146|0x000000074a800000, 0x000000074a800000, 0x000000074a900000|  0%| F|  |TAMS 0x000000074a800000, 0x000000074a800000| Untracked 
| 147|0x000000074a900000, 0x000000074a900000, 0x000000074aa00000|  0%| F|  |TAMS 0x000000074a900000, 0x000000074a900000| Untracked 
| 148|0x000000074aa00000, 0x000000074aa00000, 0x000000074ab00000|  0%| F|  |TAMS 0x000000074aa00000, 0x000000074aa00000| Untracked 
| 149|0x000000074ab00000, 0x000000074ab00000, 0x000000074ac00000|  0%| F|  |TAMS 0x000000074ab00000, 0x000000074ab00000| Untracked 
| 150|0x000000074ac00000, 0x000000074ac00000, 0x000000074ad00000|  0%| F|  |TAMS 0x000000074ac00000, 0x000000074ac00000| Untracked 
| 151|0x000000074ad00000, 0x000000074ad00000, 0x000000074ae00000|  0%| F|  |TAMS 0x000000074ad00000, 0x000000074ad00000| Untracked 
| 152|0x000000074ae00000, 0x000000074ae00000, 0x000000074af00000|  0%| F|  |TAMS 0x000000074ae00000, 0x000000074ae00000| Untracked 
| 153|0x000000074af00000, 0x000000074af00000, 0x000000074b000000|  0%| F|  |TAMS 0x000000074af00000, 0x000000074af00000| Untracked 
| 154|0x000000074b000000, 0x000000074b000000, 0x000000074b100000|  0%| F|  |TAMS 0x000000074b000000, 0x000000074b000000| Untracked 
| 155|0x000000074b100000, 0x000000074b100000, 0x000000074b200000|  0%| F|  |TAMS 0x000000074b100000, 0x000000074b100000| Untracked 
| 156|0x000000074b200000, 0x000000074b200000, 0x000000074b300000|  0%| F|  |TAMS 0x000000074b200000, 0x000000074b200000| Untracked 
| 157|0x000000074b300000, 0x000000074b354aa8, 0x000000074b400000| 33%| S|CS|TAMS 0x000000074b300000, 0x000000074b300000| Complete 
| 158|0x000000074b400000, 0x000000074b500000, 0x000000074b500000|100%| S|CS|TAMS 0x000000074b400000, 0x000000074b400000| Complete 
| 159|0x000000074b500000, 0x000000074b600000, 0x000000074b600000|100%| S|CS|TAMS 0x000000074b500000, 0x000000074b500000| Complete 
| 160|0x000000074b600000, 0x000000074b700000, 0x000000074b700000|100%| S|CS|TAMS 0x000000074b600000, 0x000000074b600000| Complete 
| 161|0x000000074b700000, 0x000000074b700000, 0x000000074b800000|  0%| F|  |TAMS 0x000000074b700000, 0x000000074b700000| Untracked 
| 162|0x000000074b800000, 0x000000074b800000, 0x000000074b900000|  0%| F|  |TAMS 0x000000074b800000, 0x000000074b800000| Untracked 
| 163|0x000000074b900000, 0x000000074b900000, 0x000000074ba00000|  0%| F|  |TAMS 0x000000074b900000, 0x000000074b900000| Untracked 
| 164|0x000000074ba00000, 0x000000074ba00000, 0x000000074bb00000|  0%| F|  |TAMS 0x000000074ba00000, 0x000000074ba00000| Untracked 
| 165|0x000000074bb00000, 0x000000074bb00000, 0x000000074bc00000|  0%| F|  |TAMS 0x000000074bb00000, 0x000000074bb00000| Untracked 
| 166|0x000000074bc00000, 0x000000074bc00000, 0x000000074bd00000|  0%| F|  |TAMS 0x000000074bc00000, 0x000000074bc00000| Untracked 
| 167|0x000000074bd00000, 0x000000074bd00000, 0x000000074be00000|  0%| F|  |TAMS 0x000000074bd00000, 0x000000074bd00000| Untracked 
| 168|0x000000074be00000, 0x000000074bf00000, 0x000000074bf00000|100%| S|CS|TAMS 0x000000074be00000, 0x000000074be00000| Complete 
| 169|0x000000074bf00000, 0x000000074c000000, 0x000000074c000000|100%| S|CS|TAMS 0x000000074bf00000, 0x000000074bf00000| Complete 
| 170|0x000000074c000000, 0x000000074c100000, 0x000000074c100000|100%| S|CS|TAMS 0x000000074c000000, 0x000000074c000000| Complete 
| 171|0x000000074c100000, 0x000000074c100000, 0x000000074c200000|  0%| F|  |TAMS 0x000000074c100000, 0x000000074c100000| Untracked 
| 172|0x000000074c200000, 0x000000074c200000, 0x000000074c300000|  0%| F|  |TAMS 0x000000074c200000, 0x000000074c200000| Untracked 
| 173|0x000000074c300000, 0x000000074c300000, 0x000000074c400000|  0%| F|  |TAMS 0x000000074c300000, 0x000000074c300000| Untracked 
| 174|0x000000074c400000, 0x000000074c400000, 0x000000074c500000|  0%| F|  |TAMS 0x000000074c400000, 0x000000074c400000| Untracked 
| 175|0x000000074c500000, 0x000000074c500000, 0x000000074c600000|  0%| F|  |TAMS 0x000000074c500000, 0x000000074c500000| Untracked 
| 176|0x000000074c600000, 0x000000074c600000, 0x000000074c700000|  0%| F|  |TAMS 0x000000074c600000, 0x000000074c600000| Untracked 
| 177|0x000000074c700000, 0x000000074c700000, 0x000000074c800000|  0%| F|  |TAMS 0x000000074c700000, 0x000000074c700000| Untracked 
| 178|0x000000074c800000, 0x000000074c800000, 0x000000074c900000|  0%| F|  |TAMS 0x000000074c800000, 0x000000074c800000| Untracked 
| 179|0x000000074c900000, 0x000000074c900000, 0x000000074ca00000|  0%| F|  |TAMS 0x000000074c900000, 0x000000074c900000| Untracked 
| 180|0x000000074ca00000, 0x000000074ca00000, 0x000000074cb00000|  0%| F|  |TAMS 0x000000074ca00000, 0x000000074ca00000| Untracked 
| 181|0x000000074cb00000, 0x000000074cb00000, 0x000000074cc00000|  0%| F|  |TAMS 0x000000074cb00000, 0x000000074cb00000| Untracked 
| 182|0x000000074cc00000, 0x000000074cc00000, 0x000000074cd00000|  0%| F|  |TAMS 0x000000074cc00000, 0x000000074cc00000| Untracked 
| 183|0x000000074cd00000, 0x000000074cd00000, 0x000000074ce00000|  0%| F|  |TAMS 0x000000074cd00000, 0x000000074cd00000| Untracked 
| 184|0x000000074ce00000, 0x000000074ce00000, 0x000000074cf00000|  0%| F|  |TAMS 0x000000074ce00000, 0x000000074ce00000| Untracked 
| 185|0x000000074cf00000, 0x000000074cf00000, 0x000000074d000000|  0%| F|  |TAMS 0x000000074cf00000, 0x000000074cf00000| Untracked 
| 186|0x000000074d000000, 0x000000074d000000, 0x000000074d100000|  0%| F|  |TAMS 0x000000074d000000, 0x000000074d000000| Untracked 
| 187|0x000000074d100000, 0x000000074d100000, 0x000000074d200000|  0%| F|  |TAMS 0x000000074d100000, 0x000000074d100000| Untracked 
| 188|0x000000074d200000, 0x000000074d200000, 0x000000074d300000|  0%| F|  |TAMS 0x000000074d200000, 0x000000074d200000| Untracked 
| 189|0x000000074d300000, 0x000000074d300000, 0x000000074d400000|  0%| F|  |TAMS 0x000000074d300000, 0x000000074d300000| Untracked 
| 190|0x000000074d400000, 0x000000074d400000, 0x000000074d500000|  0%| F|  |TAMS 0x000000074d400000, 0x000000074d400000| Untracked 
| 191|0x000000074d500000, 0x000000074d500000, 0x000000074d600000|  0%| F|  |TAMS 0x000000074d500000, 0x000000074d500000| Untracked 
| 192|0x000000074d600000, 0x000000074d600000, 0x000000074d700000|  0%| F|  |TAMS 0x000000074d600000, 0x000000074d600000| Untracked 
| 193|0x000000074d700000, 0x000000074d700000, 0x000000074d800000|  0%| F|  |TAMS 0x000000074d700000, 0x000000074d700000| Untracked 
| 194|0x000000074d800000, 0x000000074d800000, 0x000000074d900000|  0%| F|  |TAMS 0x000000074d800000, 0x000000074d800000| Untracked 
| 195|0x000000074d900000, 0x000000074d900000, 0x000000074da00000|  0%| F|  |TAMS 0x000000074d900000, 0x000000074d900000| Untracked 
| 196|0x000000074da00000, 0x000000074da00000, 0x000000074db00000|  0%| F|  |TAMS 0x000000074da00000, 0x000000074da00000| Untracked 
| 197|0x000000074db00000, 0x000000074db00000, 0x000000074dc00000|  0%| F|  |TAMS 0x000000074db00000, 0x000000074db00000| Untracked 
| 198|0x000000074dc00000, 0x000000074dc00000, 0x000000074dd00000|  0%| F|  |TAMS 0x000000074dc00000, 0x000000074dc00000| Untracked 
| 199|0x000000074dd00000, 0x000000074dd00000, 0x000000074de00000|  0%| F|  |TAMS 0x000000074dd00000, 0x000000074dd00000| Untracked 
| 200|0x000000074de00000, 0x000000074de00000, 0x000000074df00000|  0%| F|  |TAMS 0x000000074de00000, 0x000000074de00000| Untracked 
| 201|0x000000074df00000, 0x000000074df00000, 0x000000074e000000|  0%| F|  |TAMS 0x000000074df00000, 0x000000074df00000| Untracked 
| 202|0x000000074e000000, 0x000000074e000000, 0x000000074e100000|  0%| F|  |TAMS 0x000000074e000000, 0x000000074e000000| Untracked 
| 203|0x000000074e100000, 0x000000074e100000, 0x000000074e200000|  0%| F|  |TAMS 0x000000074e100000, 0x000000074e100000| Untracked 
| 204|0x000000074e200000, 0x000000074e200000, 0x000000074e300000|  0%| F|  |TAMS 0x000000074e200000, 0x000000074e200000| Untracked 
| 205|0x000000074e300000, 0x000000074e300000, 0x000000074e400000|  0%| F|  |TAMS 0x000000074e300000, 0x000000074e300000| Untracked 
| 206|0x000000074e400000, 0x000000074e400000, 0x000000074e500000|  0%| F|  |TAMS 0x000000074e400000, 0x000000074e400000| Untracked 
| 207|0x000000074e500000, 0x000000074e500000, 0x000000074e600000|  0%| F|  |TAMS 0x000000074e500000, 0x000000074e500000| Untracked 
| 208|0x000000074e600000, 0x000000074e600000, 0x000000074e700000|  0%| F|  |TAMS 0x000000074e600000, 0x000000074e600000| Untracked 
| 209|0x000000074e700000, 0x000000074e700000, 0x000000074e800000|  0%| F|  |TAMS 0x000000074e700000, 0x000000074e700000| Untracked 
| 210|0x000000074e800000, 0x000000074e800000, 0x000000074e900000|  0%| F|  |TAMS 0x000000074e800000, 0x000000074e800000| Untracked 
| 211|0x000000074e900000, 0x000000074e900000, 0x000000074ea00000|  0%| F|  |TAMS 0x000000074e900000, 0x000000074e900000| Untracked 
| 212|0x000000074ea00000, 0x000000074ea00000, 0x000000074eb00000|  0%| F|  |TAMS 0x000000074ea00000, 0x000000074ea00000| Untracked 
| 213|0x000000074eb00000, 0x000000074eb00000, 0x000000074ec00000|  0%| F|  |TAMS 0x000000074eb00000, 0x000000074eb00000| Untracked 
| 214|0x000000074ec00000, 0x000000074ec00000, 0x000000074ed00000|  0%| F|  |TAMS 0x000000074ec00000, 0x000000074ec00000| Untracked 
| 215|0x000000074ed00000, 0x000000074ed00000, 0x000000074ee00000|  0%| F|  |TAMS 0x000000074ed00000, 0x000000074ed00000| Untracked 
| 216|0x000000074ee00000, 0x000000074ee00000, 0x000000074ef00000|  0%| F|  |TAMS 0x000000074ee00000, 0x000000074ee00000| Untracked 
| 217|0x000000074ef00000, 0x000000074ef00000, 0x000000074f000000|  0%| F|  |TAMS 0x000000074ef00000, 0x000000074ef00000| Untracked 
| 218|0x000000074f000000, 0x000000074f000000, 0x000000074f100000|  0%| F|  |TAMS 0x000000074f000000, 0x000000074f000000| Untracked 
| 219|0x000000074f100000, 0x000000074f100000, 0x000000074f200000|  0%| F|  |TAMS 0x000000074f100000, 0x000000074f100000| Untracked 
| 220|0x000000074f200000, 0x000000074f200000, 0x000000074f300000|  0%| F|  |TAMS 0x000000074f200000, 0x000000074f200000| Untracked 
| 221|0x000000074f300000, 0x000000074f300000, 0x000000074f400000|  0%| F|  |TAMS 0x000000074f300000, 0x000000074f300000| Untracked 
| 222|0x000000074f400000, 0x000000074f400000, 0x000000074f500000|  0%| F|  |TAMS 0x000000074f400000, 0x000000074f400000| Untracked 
| 223|0x000000074f500000, 0x000000074f500000, 0x000000074f600000|  0%| F|  |TAMS 0x000000074f500000, 0x000000074f500000| Untracked 
| 224|0x000000074f600000, 0x000000074f600000, 0x000000074f700000|  0%| F|  |TAMS 0x000000074f600000, 0x000000074f600000| Untracked 
| 225|0x000000074f700000, 0x000000074f700000, 0x000000074f800000|  0%| F|  |TAMS 0x000000074f700000, 0x000000074f700000| Untracked 
| 226|0x000000074f800000, 0x000000074f800000, 0x000000074f900000|  0%| F|  |TAMS 0x000000074f800000, 0x000000074f800000| Untracked 
| 227|0x000000074f900000, 0x000000074f900000, 0x000000074fa00000|  0%| F|  |TAMS 0x000000074f900000, 0x000000074f900000| Untracked 
| 228|0x000000074fa00000, 0x000000074fa00000, 0x000000074fb00000|  0%| F|  |TAMS 0x000000074fa00000, 0x000000074fa00000| Untracked 
| 229|0x000000074fb00000, 0x000000074fb00000, 0x000000074fc00000|  0%| F|  |TAMS 0x000000074fb00000, 0x000000074fb00000| Untracked 
| 230|0x000000074fc00000, 0x000000074fc00000, 0x000000074fd00000|  0%| F|  |TAMS 0x000000074fc00000, 0x000000074fc00000| Untracked 

Card table byte_map: [0x000001bffc7e0000,0x000001bffcde0000] _byte_map_base: 0x000001bff8dd5000

Marking Bits (Prev, Next): (CMBitMap*) 0x000001bff693c0e0, (CMBitMap*) 0x000001bff693c0a8
 Prev Bits: [0x000001bf91fb0000, 0x000001bf94f58000)
 Next Bits: [0x000001bf8f000000, 0x000001bf91fa8000)

Polling page: 0x000001bff69d0000

Metaspace:

Usage:
  Non-class:     58.20 MB capacity,    57.80 MB (>99%) used,   321.04 KB ( <1%) free+waste,    91.38 KB ( <1%) overhead. 
      Class:      7.33 MB capacity,     7.11 MB ( 97%) used,   189.99 KB (  3%) free+waste,    35.13 KB ( <1%) overhead. 
       Both:     65.53 MB capacity,    64.90 MB (>99%) used,   511.03 KB ( <1%) free+waste,   126.50 KB ( <1%) overhead. 

Virtual space:
  Non-class space:       72.00 MB reserved,      58.21 MB ( 81%) committed 
      Class space:        1.00 GB reserved,       7.37 MB ( <1%) committed 
             Both:        1.07 GB reserved,      65.58 MB (  6%) committed 

Chunk freelists:
   Non-Class:  8.00 KB
       Class:  18.00 KB
        Both:  26.00 KB

MaxMetaspaceSize: 17179869184.00 GB
CompressedClassSpaceSize: 1.00 GB

CodeHeap 'non-profiled nmethods': size=120064Kb used=4073Kb max_used=4073Kb free=115990Kb
 bounds [0x000001bf87ac0000, 0x000001bf87ec0000, 0x000001bf8f000000]
CodeHeap 'profiled nmethods': size=120000Kb used=25318Kb max_used=25318Kb free=94681Kb
 bounds [0x000001bf80590000, 0x000001bf81e50000, 0x000001bf87ac0000]
CodeHeap 'non-nmethods': size=5696Kb used=1285Kb max_used=1320Kb free=4411Kb
 bounds [0x000001bf80000000, 0x000001bf80270000, 0x000001bf80590000]
 total_blobs=9721 nmethods=9090 adapters=537
 compilation: enabled
              stopped_count=0, restarted_count=0
 full_count=0

Compilation events (20 events):
Event: 13.260 Thread 0x000001bfffb0f000 nmethod 9142 0x000001bf87eb8890 code [0x000001bf87eb8a40, 0x000001bf87eb8ad8]
Event: 13.260 Thread 0x000001bfffb0f000 9140       1       org.jetbrains.kotlin.ir.expressions.impl.IrTypeOperatorCallImpl::getArgument (5 bytes)
Event: 13.260 Thread 0x000001bfffb0f000 nmethod 9140 0x000001bf87eb8b90 code [0x000001bf87eb8d40, 0x000001bf87eb8df8]
Event: 13.260 Thread 0x000001bfffb0f000 9133       1       org.jetbrains.kotlin.ir.expressions.impl.IrGetFieldImpl::getStartOffset (5 bytes)
Event: 13.260 Thread 0x000001bfffb0f000 nmethod 9133 0x000001bf87eb8e90 code [0x000001bf87eb9040, 0x000001bf87eb90f8]
Event: 13.260 Thread 0x000001bfffb0f000 9134       1       org.jetbrains.kotlin.ir.expressions.impl.IrGetFieldImpl::getEndOffset (5 bytes)
Event: 13.260 Thread 0x000001bfffb0f000 nmethod 9134 0x000001bf87eb9190 code [0x000001bf87eb9340, 0x000001bf87eb93f8]
Event: 13.260 Thread 0x000001bfffb0f000 9135       1       org.jetbrains.kotlin.ir.expressions.impl.IrGetFieldImpl::getOrigin (5 bytes)
Event: 13.260 Thread 0x000001bfffb0f000 nmethod 9135 0x000001bf87eb9490 code [0x000001bf87eb9640, 0x000001bf87eb96f8]
Event: 13.260 Thread 0x000001bfffb0f000 9136       1       org.jetbrains.kotlin.ir.expressions.impl.IrGetFieldImpl::getSuperQualifierSymbol (5 bytes)
Event: 13.260 Thread 0x000001bfffb0f000 nmethod 9136 0x000001bf87eb9790 code [0x000001bf87eb9940, 0x000001bf87eb99f8]
Event: 13.260 Thread 0x000001bfffb0f000 9144       3       org.jetbrains.kotlin.ir.util.AdditionalIrUtilsKt::getFqNameForIrSerialization (83 bytes)
Event: 13.261 Thread 0x000001bf993a6800 nmethod 9143 0x000001bf87eb9a90 code [0x000001bf87eb9c20, 0x000001bf87eb9cd8]
Event: 13.261 Thread 0x000001bfffb0f000 nmethod 9144 0x000001bf81e48010 code [0x000001bf81e48340, 0x000001bf81e49678]
Event: 13.261 Thread 0x000001bfffb0f000 9132       1       org.jetbrains.kotlin.ir.expressions.impl.IrSetFieldImpl::getType (5 bytes)
Event: 13.261 Thread 0x000001bfffb0f000 nmethod 9132 0x000001bf87eb9d90 code [0x000001bf87eb9f40, 0x000001bf87eb9ff8]
Event: 13.261 Thread 0x000001bfffb0f000 9137       1       org.jetbrains.kotlin.ir.expressions.impl.IrSetFieldImpl::getSymbol (5 bytes)
Event: 13.261 Thread 0x000001bfffb0f000 nmethod 9137 0x000001bf87eba090 code [0x000001bf87eba240, 0x000001bf87eba2f8]
Event: 13.261 Thread 0x000001bfffb0f000 9138       1       org.jetbrains.kotlin.backend.jvm.JvmBackendContext::getCachedDeclarations$backend_jvm (5 bytes)
Event: 13.262 Thread 0x000001bfffb0f000 nmethod 9138 0x000001bf87eba390 code [0x000001bf87eba540, 0x000001bf87eba5f8]

GC Heap History (16 events):
Event: 0.629 GC heap before
{Heap before GC invocations=0 (full 0):
 garbage-first heap   total 196608K, used 17408K [0x0000000741600000, 0x0000000800000000)
  region size 1024K, 14 young (14336K), 0 survivors (0K)
 Metaspace       used 9777K, capacity 9871K, committed 10112K, reserved 1058816K
  class space    used 829K, capacity 884K, committed 896K, reserved 1048576K
}
Event: 0.632 GC heap after
{Heap after GC invocations=1 (full 0):
 garbage-first heap   total 196608K, used 5242K [0x0000000741600000, 0x0000000800000000)
  region size 1024K, 2 young (2048K), 2 survivors (2048K)
 Metaspace       used 9777K, capacity 9871K, committed 10112K, reserved 1058816K
  class space    used 829K, capacity 884K, committed 896K, reserved 1048576K
}
Event: 1.911 GC heap before
{Heap before GC invocations=1 (full 0):
 garbage-first heap   total 196608K, used 52346K [0x0000000741600000, 0x0000000800000000)
  region size 1024K, 49 young (50176K), 2 survivors (2048K)
 Metaspace       used 20983K, capacity 21191K, committed 21248K, reserved 1069056K
  class space    used 2219K, capacity 2291K, committed 2304K, reserved 1048576K
}
Event: 1.933 GC heap after
{Heap after GC invocations=2 (full 0):
 garbage-first heap   total 196608K, used 9386K [0x0000000741600000, 0x0000000800000000)
  region size 1024K, 7 young (7168K), 7 survivors (7168K)
 Metaspace       used 20983K, capacity 21191K, committed 21248K, reserved 1069056K
  class space    used 2219K, capacity 2291K, committed 2304K, reserved 1048576K
}
Event: 3.403 GC heap before
{Heap before GC invocations=3 (full 0):
 garbage-first heap   total 196608K, used 71850K [0x0000000741600000, 0x0000000800000000)
  region size 1024K, 56 young (57344K), 7 survivors (7168K)
 Metaspace       used 30455K, capacity 30882K, committed 30972K, reserved 1077248K
  class space    used 3605K, capacity 3768K, committed 3836K, reserved 1048576K
}
Event: 3.423 GC heap after
{Heap after GC invocations=4 (full 0):
 garbage-first heap   total 196608K, used 24471K [0x0000000741600000, 0x0000000800000000)
  region size 1024K, 7 young (7168K), 7 survivors (7168K)
 Metaspace       used 30455K, capacity 30882K, committed 30972K, reserved 1077248K
  class space    used 3605K, capacity 3768K, committed 3836K, reserved 1048576K
}
Event: 4.285 GC heap before
{Heap before GC invocations=4 (full 0):
 garbage-first heap   total 196608K, used 50071K [0x0000000741600000, 0x0000000800000000)
  region size 1024K, 33 young (33792K), 7 survivors (7168K)
 Metaspace       used 35382K, capacity 35782K, committed 36048K, reserved 1081344K
  class space    used 4139K, capacity 4292K, committed 4348K, reserved 1048576K
}
Event: 4.298 GC heap after
{Heap after GC invocations=5 (full 0):
 garbage-first heap   total 196608K, used 24521K [0x0000000741600000, 0x0000000800000000)
  region size 1024K, 9 young (9216K), 9 survivors (9216K)
 Metaspace       used 35382K, capacity 35782K, committed 36048K, reserved 1081344K
  class space    used 4139K, capacity 4292K, committed 4348K, reserved 1048576K
}
Event: 6.156 GC heap before
{Heap before GC invocations=6 (full 0):
 garbage-first heap   total 196608K, used 89033K [0x0000000741600000, 0x0000000800000000)
  region size 1024K, 70 young (71680K), 9 survivors (9216K)
 Metaspace       used 47843K, capacity 48336K, committed 48592K, reserved 1091584K
  class space    used 5599K, capacity 5782K, committed 5884K, reserved 1048576K
}
Event: 6.181 GC heap after
{Heap after GC invocations=7 (full 0):
 garbage-first heap   total 196608K, used 33003K [0x0000000741600000, 0x0000000800000000)
  region size 1024K, 9 young (9216K), 9 survivors (9216K)
 Metaspace       used 47843K, capacity 48336K, committed 48592K, reserved 1091584K
  class space    used 5599K, capacity 5782K, committed 5884K, reserved 1048576K
}
Event: 8.274 GC heap before
{Heap before GC invocations=7 (full 0):
 garbage-first heap   total 196608K, used 107755K [0x0000000741600000, 0x0000000800000000)
  region size 1024K, 81 young (82944K), 9 survivors (9216K)
 Metaspace       used 52278K, capacity 52944K, committed 53072K, reserved 1095680K
  class space    used 5965K, capacity 6227K, committed 6268K, reserved 1048576K
}
Event: 8.308 GC heap after
{Heap after GC invocations=8 (full 0):
 garbage-first heap   total 236544K, used 41984K [0x0000000741600000, 0x0000000800000000)
  region size 1024K, 9 young (9216K), 9 survivors (9216K)
 Metaspace       used 52278K, capacity 52944K, committed 53072K, reserved 1095680K
  class space    used 5965K, capacity 6227K, committed 6268K, reserved 1048576K
}
Event: 10.725 GC heap before
{Heap before GC invocations=8 (full 0):
 garbage-first heap   total 236544K, used 105472K [0x0000000741600000, 0x0000000800000000)
  region size 1024K, 72 young (73728K), 9 survivors (9216K)
 Metaspace       used 59438K, capacity 60067K, committed 60240K, reserved 1101824K
  class space    used 6641K, capacity 6886K, committed 7036K, reserved 1048576K
}
Event: 10.769 GC heap after
{Heap after GC invocations=9 (full 0):
 garbage-first heap   total 236544K, used 48538K [0x0000000741600000, 0x0000000800000000)
  region size 1024K, 7 young (7168K), 7 survivors (7168K)
 Metaspace       used 59438K, capacity 60067K, committed 60240K, reserved 1101824K
  class space    used 6641K, capacity 6886K, committed 7036K, reserved 1048576K
}
Event: 13.269 GC heap before
{Heap before GC invocations=10 (full 0):
 garbage-first heap   total 236544K, used 108954K [0x0000000741600000, 0x0000000800000000)
  region size 1024K, 67 young (68608K), 7 survivors (7168K)
 Metaspace       used 66460K, capacity 67098K, committed 67152K, reserved 1120256K
  class space    used 7276K, capacity 7502K, committed 7548K, reserved 1048576K
}
Event: 13.316 GC heap after
{Heap after GC invocations=11 (full 0):
 garbage-first heap   total 236544K, used 55634K [0x0000000741600000, 0x0000000800000000)
  region size 1024K, 7 young (7168K), 7 survivors (7168K)
 Metaspace       used 66460K, capacity 67098K, committed 67152K, reserved 1120256K
  class space    used 7276K, capacity 7502K, committed 7548K, reserved 1048576K
}

Deoptimization events (20 events):
Event: 12.764 Thread 0x000001bff68ea800 Uncommon trap: trap_request=0xffffff4d fr.pc=0x000001bf87b25030 relative=0x0000000000000270
Event: 12.764 Thread 0x000001bff68ea800 Uncommon trap: reason=unstable_if action=reinterpret pc=0x000001bf87b25030 method=java.util.HashMap.hash(Ljava/lang/Object;)I @ 1 c2
Event: 12.764 Thread 0x000001bff68ea800 DEOPT PACKING pc=0x000001bf87b25030 sp=0x0000009f70cfd910
Event: 12.764 Thread 0x000001bff68ea800 DEOPT UNPACKING pc=0x000001bf80027b2f sp=0x0000009f70cfd848 mode 2
Event: 13.101 Thread 0x000001bff68ea800 Uncommon trap: trap_request=0xffffffc6 fr.pc=0x000001bf87e9fc00 relative=0x00000000000001c0
Event: 13.101 Thread 0x000001bff68ea800 Uncommon trap: reason=bimorphic_or_optimized_type_check action=maybe_recompile pc=0x000001bf87e9fc00 method=org.jetbrains.kotlin.ir.visitors.IrElementVisitor$DefaultImpls.visitExpression(Lorg/jetbrains/kotlin/ir/visitors/IrElementVisitor;Lorg/jetbrains/ko
Event: 13.101 Thread 0x000001bff68ea800 DEOPT PACKING pc=0x000001bf87e9fc00 sp=0x0000009f70cfcd30
Event: 13.101 Thread 0x000001bff68ea800 DEOPT UNPACKING pc=0x000001bf80027b2f sp=0x0000009f70cfccd0 mode 2
Event: 13.101 Thread 0x000001bff68ea800 Uncommon trap: trap_request=0xffffffc6 fr.pc=0x000001bf87e9fc00 relative=0x00000000000001c0
Event: 13.101 Thread 0x000001bff68ea800 Uncommon trap: reason=bimorphic_or_optimized_type_check action=maybe_recompile pc=0x000001bf87e9fc00 method=org.jetbrains.kotlin.ir.visitors.IrElementVisitor$DefaultImpls.visitExpression(Lorg/jetbrains/kotlin/ir/visitors/IrElementVisitor;Lorg/jetbrains/ko
Event: 13.101 Thread 0x000001bff68ea800 DEOPT PACKING pc=0x000001bf87e9fc00 sp=0x0000009f70cfd0b0
Event: 13.101 Thread 0x000001bff68ea800 DEOPT UNPACKING pc=0x000001bf80027b2f sp=0x0000009f70cfd050 mode 2
Event: 13.101 Thread 0x000001bff68ea800 Uncommon trap: trap_request=0xffffffc6 fr.pc=0x000001bf87e9fc00 relative=0x00000000000001c0
Event: 13.101 Thread 0x000001bff68ea800 Uncommon trap: reason=bimorphic_or_optimized_type_check action=maybe_recompile pc=0x000001bf87e9fc00 method=org.jetbrains.kotlin.ir.visitors.IrElementVisitor$DefaultImpls.visitExpression(Lorg/jetbrains/kotlin/ir/visitors/IrElementVisitor;Lorg/jetbrains/ko
Event: 13.101 Thread 0x000001bff68ea800 DEOPT PACKING pc=0x000001bf87e9fc00 sp=0x0000009f70cfc900
Event: 13.101 Thread 0x000001bff68ea800 DEOPT UNPACKING pc=0x000001bf80027b2f sp=0x0000009f70cfc8a0 mode 2
Event: 13.101 Thread 0x000001bff68ea800 Uncommon trap: trap_request=0xffffffc6 fr.pc=0x000001bf87e9fc00 relative=0x00000000000001c0
Event: 13.101 Thread 0x000001bff68ea800 Uncommon trap: reason=bimorphic_or_optimized_type_check action=maybe_recompile pc=0x000001bf87e9fc00 method=org.jetbrains.kotlin.ir.visitors.IrElementVisitor$DefaultImpls.visitExpression(Lorg/jetbrains/kotlin/ir/visitors/IrElementVisitor;Lorg/jetbrains/ko
Event: 13.101 Thread 0x000001bff68ea800 DEOPT PACKING pc=0x000001bf87e9fc00 sp=0x0000009f70cfc0d0
Event: 13.101 Thread 0x000001bff68ea800 DEOPT UNPACKING pc=0x000001bf80027b2f sp=0x0000009f70cfc070 mode 2

Classes redefined (0 events):
No events

Internal exceptions (20 events):
Event: 3.858 Thread 0x000001bff68ea800 Exception <a 'java/lang/NoSuchMethodError'{0x000000074cad4118}: 'java.lang.Object java.lang.invoke.DirectMethodHandle$Holder.invokeVirtual(java.lang.Object, java.lang.Object, java.lang.Object)'> (0x000000074cad4118) thrown at [./src/hotspot/share/interpreter/linkResolver.cpp, line 773]
Event: 4.974 Thread 0x000001bff68ea800 Exception <a 'java/lang/NoSuchMethodError'{0x000000074b142478}: 'java.lang.Object java.lang.invoke.Invokers$Holder.linkToTargetMethod(java.lang.Object, int, java.lang.Object)'> (0x000000074b142478) thrown at [./src/hotspot/share/interpreter/linkResolver.cpp, line 773]
Event: 5.031 Thread 0x000001bff68ea800 Implicit null exception at 0x000001bf87be28f0 to 0x000001bf87be29bc
Event: 5.036 Thread 0x000001bff68ea800 Implicit null exception at 0x000001bf87be244c to 0x000001bf87be2534
Event: 5.088 Thread 0x000001bff68ea800 Exception <a 'java/lang/NoSuchMethodError'{0x000000074ae8b6b0}: 'java.lang.Object java.lang.invoke.DirectMethodHandle$Holder.invokeStatic(java.lang.Object, java.lang.Object, java.lang.Object, int)'> (0x000000074ae8b6b0) thrown at [./src/hotspot/share/interpreter/linkResolver.cpp, line 773]
Event: 5.088 Thread 0x000001bff68ea800 Exception <a 'java/lang/NoSuchMethodError'{0x000000074ae8f320}: 'java.lang.Object java.lang.invoke.DirectMethodHandle$Holder.invokeSpecial(java.lang.Object, java.lang.Object, java.lang.Object, java.lang.Object, int)'> (0x000000074ae8f320) thrown at [./src/hotspot/share/interpreter/linkResolver.cpp, line 773]
Event: 5.088 Thread 0x000001bff68ea800 Exception <a 'java/lang/NoSuchMethodError'{0x000000074ae92630}: 'java.lang.Object java.lang.invoke.Invokers$Holder.linkToTargetMethod(java.lang.Object, java.lang.Object, int, java.lang.Object)'> (0x000000074ae92630) thrown at [./src/hotspot/share/interpreter/linkResolver.cpp, line 773]
Event: 6.449 Thread 0x000001bff68ea800 Exception <a 'java/lang/NoSuchMethodError'{0x000000074cf103e8}: 'java.lang.Object java.lang.invoke.DirectMethodHandle$Holder.invokeStaticInit(java.lang.Object, java.lang.Object, java.lang.Object)'> (0x000000074cf103e8) thrown at [./src/hotspot/share/interpreter/linkResolver.cpp, line 773]
Event: 7.872 Thread 0x000001bff68ea800 Exception <a 'java/lang/NoSuchMethodError'{0x0000000749eb9f50}: 'java.lang.Object java.lang.invoke.Invokers$Holder.linkToTargetMethod(java.lang.Object, java.lang.Object, java.lang.Object, java.lang.Object, java.lang.Object, java.lang.Object)'> (0x0000000749eb9f50) thrown at [./src/hotspot/share/interpreter/linkResolver.cpp, line 773]
Event: 7.880 Thread 0x000001bff68ea800 Exception <a 'java/lang/NoSuchMethodError'{0x0000000749d13ae8}: 'int java.lang.invoke.DirectMethodHandle$Holder.invokeStaticInit(java.lang.Object, int)'> (0x0000000749d13ae8) thrown at [./src/hotspot/share/interpreter/linkResolver.cpp, line 773]
Event: 8.201 Thread 0x000001bff68ea800 Implicit null exception at 0x000001bf87c618b3 to 0x000001bf87c61c80
Event: 8.201 Thread 0x000001bff68ea800 Implicit null exception at 0x000001bf87c6292f to 0x000001bf87c6295c
Event: 8.509 Thread 0x000001bff68ea800 Implicit null exception at 0x000001bf87ba4ec3 to 0x000001bf87ba5048
Event: 8.509 Thread 0x000001bff68ea800 Implicit null exception at 0x000001bf87b1bef8 to 0x000001bf87b1bf8a
Event: 9.732 Thread 0x000001bff68ea800 Exception <a 'java/lang/NoSuchMethodError'{0x000000074d869730}: 'java.lang.Object java.lang.invoke.Invokers$Holder.linkToTargetMethod(java.lang.Object, java.lang.Object, java.lang.Object, java.lang.Object, java.lang.Object, java.lang.Object, java.lang.Object)'> (0x000000074d869730) thrown at [./src/hotspot/share/interpreter/linkResolver.cpp, line 773]
Event: 10.003 Thread 0x000001bff68ea800 Implicit null exception at 0x000001bf87b196f5 to 0x000001bf87b198e4
Event: 10.003 Thread 0x000001bff68ea800 Implicit null exception at 0x000001bf87b01f2f to 0x000001bf87b01fa9
Event: 12.253 Thread 0x000001bff68ea800 Exception <a 'java/lang/NoSuchMethodError'{0x000000074dae14b8}: 'java.lang.Object java.lang.invoke.DirectMethodHandle$Holder.invokeStatic(java.lang.Object, int, java.lang.Object, java.lang.Object)'> (0x000000074dae14b8) thrown at [./src/hotspot/share/interpreter/linkResolver.cpp, line 773]
Event: 12.254 Thread 0x000001bff68ea800 Exception <a 'java/lang/NoSuchMethodError'{0x000000074daec0c8}: 'int java.lang.invoke.DirectMethodHandle$Holder.invokeInterface(java.lang.Object, java.lang.Object)'> (0x000000074daec0c8) thrown at [./src/hotspot/share/interpreter/linkResolver.cpp, line 773]
Event: 12.764 Thread 0x000001bff68ea800 Implicit null exception at 0x000001bf87b24df4 to 0x000001bf87b25024

Events (20 events):
Event: 13.266 loading class org/jetbrains/kotlin/backend/common/lower/loops/handlers/CollectionIndicesHandler done
Event: 13.266 loading class org/jetbrains/kotlin/backend/common/lower/loops/handlers/IndicesHandler
Event: 13.266 loading class org/jetbrains/kotlin/backend/common/lower/loops/handlers/IndicesHandler done
Event: 13.267 loading class org/jetbrains/kotlin/backend/common/lower/matchers/SimpleCalleeMatcher
Event: 13.267 loading class org/jetbrains/kotlin/backend/common/lower/matchers/SimpleCalleeMatcher done
Event: 13.267 loading class org/jetbrains/kotlin/backend/common/lower/matchers/IrCallMatcher
Event: 13.267 loading class org/jetbrains/kotlin/backend/common/lower/matchers/IrCallMatcher done
Event: 13.267 loading class org/jetbrains/kotlin/backend/common/lower/loops/handlers/CollectionIndicesHandler$matcher$1
Event: 13.267 loading class org/jetbrains/kotlin/backend/common/lower/loops/handlers/CollectionIndicesHandler$matcher$1 done
Event: 13.267 loading class org/jetbrains/kotlin/backend/common/lower/matchers/IrFunctionMatcherKt
Event: 13.267 loading class org/jetbrains/kotlin/backend/common/lower/matchers/IrFunctionMatcherKt done
Event: 13.268 loading class org/jetbrains/kotlin/backend/common/lower/matchers/IrFunctionMatcherContainer
Event: 13.268 loading class org/jetbrains/kotlin/backend/common/lower/matchers/IrFunctionMatcherContainer done
Event: 13.268 loading class org/jetbrains/kotlin/backend/common/lower/matchers/IrFunctionMatcher
Event: 13.268 loading class org/jetbrains/kotlin/backend/common/lower/matchers/IrFunctionMatcher done
Event: 13.268 loading class org/jetbrains/kotlin/backend/common/lower/loops/handlers/CollectionIndicesHandler$matcher$1$1
Event: 13.268 loading class org/jetbrains/kotlin/backend/common/lower/loops/handlers/CollectionIndicesHandler$matcher$1$1 done
Event: 13.268 loading class org/jetbrains/kotlin/backend/common/lower/matchers/ExtensionReceiverMatcher
Event: 13.268 loading class org/jetbrains/kotlin/backend/common/lower/matchers/ExtensionReceiverMatcher done
Event: 13.269 Executing VM operation: CollectForMetadataAllocation


Dynamic libraries:
0x00007ff64dd90000 - 0x00007ff64dd9a000 	C:\Program Files\Android\Android Studio4\jre\bin\java.exe
0x00007ff9fd310000 - 0x00007ff9fd505000 	C:\WINDOWS\SYSTEM32\ntdll.dll
0x00007ff9fd1b0000 - 0x00007ff9fd26d000 	C:\WINDOWS\System32\KERNEL32.DLL
0x00007ff9faa50000 - 0x00007ff9fad1d000 	C:\WINDOWS\System32\KERNELBASE.dll
0x00007ff9faf60000 - 0x00007ff9fb060000 	C:\WINDOWS\System32\ucrtbase.dll
0x00007ff9e1ba0000 - 0x00007ff9e1bb7000 	C:\Program Files\Android\Android Studio4\jre\bin\VCRUNTIME140.dll
0x00007ff9e4120000 - 0x00007ff9e4139000 	C:\Program Files\Android\Android Studio4\jre\bin\jli.dll
0x00007ff9fb860000 - 0x00007ff9fba00000 	C:\WINDOWS\System32\USER32.dll
0x00007ff9e4f10000 - 0x00007ff9e51aa000 	C:\WINDOWS\WinSxS\amd64_microsoft.windows.common-controls_6595b64144ccf1df_6.0.19041.1110_none_60b5254171f9507e\COMCTL32.dll
0x00007ff9faa20000 - 0x00007ff9faa42000 	C:\WINDOWS\System32\win32u.dll
0x00007ff9fb660000 - 0x00007ff9fb6fe000 	C:\WINDOWS\System32\msvcrt.dll
0x00007ff9fb5d0000 - 0x00007ff9fb5fa000 	C:\WINDOWS\System32\GDI32.dll
0x00007ff9fae50000 - 0x00007ff9faf5b000 	C:\WINDOWS\System32\gdi32full.dll
0x00007ff9fad20000 - 0x00007ff9fadbd000 	C:\WINDOWS\System32\msvcp_win.dll
0x00007ff9fba00000 - 0x00007ff9fba30000 	C:\WINDOWS\System32\IMM32.DLL
0x00007ff9d0f20000 - 0x00007ff9d0fbd000 	C:\Program Files\Android\Android Studio4\jre\bin\msvcp140.dll
0x00007ff986af0000 - 0x00007ff9875bf000 	C:\Program Files\Android\Android Studio4\jre\bin\server\jvm.dll
0x00007ff9fc8f0000 - 0x00007ff9fc99e000 	C:\WINDOWS\System32\ADVAPI32.dll
0x00007ff9fb4a0000 - 0x00007ff9fb53c000 	C:\WINDOWS\System32\sechost.dll
0x00007ff9fcfd0000 - 0x00007ff9fd0f5000 	C:\WINDOWS\System32\RPCRT4.dll
0x00007ff9fb700000 - 0x00007ff9fb708000 	C:\WINDOWS\System32\PSAPI.DLL
0x00007ff9e8c40000 - 0x00007ff9e8c49000 	C:\WINDOWS\SYSTEM32\WSOCK32.dll
0x00007ff9f8250000 - 0x00007ff9f825a000 	C:\WINDOWS\SYSTEM32\VERSION.dll
0x00007ff9e7a40000 - 0x00007ff9e7a67000 	C:\WINDOWS\SYSTEM32\WINMM.dll
0x00007ff9fb7f0000 - 0x00007ff9fb85b000 	C:\WINDOWS\System32\WS2_32.dll
0x00007ff9f8920000 - 0x00007ff9f8932000 	C:\WINDOWS\SYSTEM32\kernel.appcore.dll
0x00007ff9d9500000 - 0x00007ff9d9511000 	C:\Program Files\Android\Android Studio4\jre\bin\verify.dll
0x00007ff9f53d0000 - 0x00007ff9f55b4000 	C:\WINDOWS\SYSTEM32\DBGHELP.DLL
0x00007ff9e1780000 - 0x00007ff9e17ac000 	C:\WINDOWS\SYSTEM32\dbgcore.DLL
0x00007ff9fadc0000 - 0x00007ff9fae42000 	C:\WINDOWS\System32\bcryptPrimitives.dll
0x00007ff9d6d90000 - 0x00007ff9d6db9000 	C:\Program Files\Android\Android Studio4\jre\bin\java.dll
0x00007ff9f6540000 - 0x00007ff9f654b000 	C:\Program Files\Android\Android Studio4\jre\bin\jimage.dll
0x00007ff9d03c0000 - 0x00007ff9d03d8000 	C:\Program Files\Android\Android Studio4\jre\bin\zip.dll
0x00007ff9fba30000 - 0x00007ff9fc174000 	C:\WINDOWS\System32\SHELL32.dll
0x00007ff9f8b20000 - 0x00007ff9f92b4000 	C:\WINDOWS\SYSTEM32\windows.storage.dll
0x00007ff9fc590000 - 0x00007ff9fc8e4000 	C:\WINDOWS\System32\combase.dll
0x00007ff9fa480000 - 0x00007ff9fa4ac000 	C:\WINDOWS\SYSTEM32\Wldp.dll
0x00007ff9fb3f0000 - 0x00007ff9fb49d000 	C:\WINDOWS\System32\SHCORE.dll
0x00007ff9fc450000 - 0x00007ff9fc4a5000 	C:\WINDOWS\System32\shlwapi.dll
0x00007ff9fa960000 - 0x00007ff9fa97f000 	C:\WINDOWS\SYSTEM32\profapi.dll
0x00007ff9cdab0000 - 0x00007ff9cdaca000 	C:\Program Files\Android\Android Studio4\jre\bin\net.dll
0x00007ff9eb370000 - 0x00007ff9eb47a000 	C:\WINDOWS\SYSTEM32\WINHTTP.dll
0x00007ff9fa1e0000 - 0x00007ff9fa24a000 	C:\WINDOWS\system32\mswsock.dll
0x00007ff9ccbb0000 - 0x00007ff9ccbc4000 	C:\Program Files\Android\Android Studio4\jre\bin\nio.dll

dbghelp: loaded successfully - version: 4.0.5 - missing functions: none
symbol engine: initialized successfully - sym options: 0x614 - pdb path: .;C:\Program Files\Android\Android Studio4\jre\bin;C:\WINDOWS\SYSTEM32;C:\WINDOWS\WinSxS\amd64_microsoft.windows.common-controls_6595b64144ccf1df_6.0.19041.1110_none_60b5254171f9507e;C:\Program Files\Android\Android Studio4\jre\bin\server

VM Arguments:
java_command: org.jetbrains.kotlin.cli.jvm.K2JVMCompiler @C:\Users\leoba\AndroidStudioProjects\TextRecognizer\FirstComposoble\app\build\20220611_6279018085247099585.compiler.options
java_class_path (initial): C:\Users\leoba\.gradle\caches\modules-2\files-2.1\org.jetbrains.kotlin\kotlin-compiler-embeddable\1.5.21\40ddbcae9ff100473f95370c2d589ba3fc48eed5\kotlin-compiler-embeddable-1.5.21.jar;C:\Users\leoba\.gradle\caches\modules-2\files-2.1\org.jetbrains.kotlin\kotlin-reflect\1.5.21\802f1f39735ae1eb2b75714a40fa19bb2e687e96\kotlin-reflect-1.5.21.jar;C:\Users\leoba\.gradle\caches\modules-2\files-2.1\org.jetbrains.kotlin\kotlin-stdlib\1.5.21\2f537cad7e9eeb9da73738c8812e1e4cf9b62e4e\kotlin-stdlib-1.5.21.jar;C:\Users\leoba\.gradle\caches\modules-2\files-2.1\org.jetbrains.kotlin\kotlin-script-runtime\1.5.21\96d49e89873fde985750af354b6eabb60cfa999b\kotlin-script-runtime-1.5.21.jar;C:\Users\leoba\.gradle\caches\modules-2\files-2.1\org.jetbrains.kotlin\kotlin-daemon-embeddable\1.5.21\17255809e66a940dfdf6289bccbdfb5a09f3145\kotlin-daemon-embeddable-1.5.21.jar;C:\Users\leoba\.gradle\caches\modules-2\files-2.1\org.jetbrains.intellij.deps\trove4j\1.0.20181211\216c2e14b070f334479d800987affe4054cd563f\trove4j-1.0.20181211.jar;C:\Users\leoba\.gradle\caches\modules-2\files-2.1\org.jetbrains\annotations\13.0\919f0dfe192fb4e063e7dacadee7f8bb9a2672a9\annotations-13.0.jar;C:\Users\leoba\.gradle\caches\modules-2\files-2.1\org.jetbrains.kotlin\kotlin-stdlib-common\1.5.21\cc8bf3586fd2ebcf234058b9440bb406e62dfacb\kotlin-stdlib-common-1.5.21.jar
Launcher Type: SUN_STANDARD

[Global flags]
     intx CICompilerCount                          = 3                                         {product} {ergonomic}
     uint ConcGCThreads                            = 1                                         {product} {ergonomic}
     uint G1ConcRefinementThreads                  = 4                                         {product} {ergonomic}
   size_t G1HeapRegionSize                         = 1048576                                   {product} {ergonomic}
    uintx GCDrainStackTargetSize                   = 64                                        {product} {ergonomic}
   size_t InitialHeapSize                          = 201326592                                 {product} {ergonomic}
   size_t MarkStackSize                            = 4194304                                   {product} {ergonomic}
   size_t MaxHeapSize                              = 3198156800                                {product} {ergonomic}
   size_t MaxNewSize                               = 1918894080                                {product} {ergonomic}
   size_t MinHeapDeltaBytes                        = 1048576                                   {product} {ergonomic}
    uintx NonNMethodCodeHeapSize                   = 5830732                                {pd product} {ergonomic}
    uintx NonProfiledCodeHeapSize                  = 122913754                              {pd product} {ergonomic}
    uintx ProfiledCodeHeapSize                     = 122913754                              {pd product} {ergonomic}
    uintx ReservedCodeCacheSize                    = 251658240                              {pd product} {ergonomic}
     bool SegmentedCodeCache                       = true                                      {product} {ergonomic}
     bool UseCompressedClassPointers               = true                                 {lp64_product} {ergonomic}
     bool UseCompressedOops                        = true                                 {lp64_product} {ergonomic}
     bool UseG1GC                                  = true                                      {product} {ergonomic}
     bool UseLargePagesIndividualAllocation        = false                                  {pd product} {ergonomic}

Logging:
Log output configuration:
 #0: stdout all=warning uptime,level,tags
 #1: stderr all=off uptime,level,tags

Environment Variables:
PATH=C:\Program Files (x86)\Intel\Intel(R) Management Engine Components\iCLS\;C:\Program Files\Intel\Intel(R) Management Engine Components\iCLS\;C:\WINDOWS\system32;C:\WINDOWS;C:\WINDOWS\System32\Wbem;C:\WINDOWS\System32\WindowsPowerShell\v1.0\;C:\Program Files (x86)\Intel\Intel(R) Management Engine Components\DAL;C:\Program Files\Intel\Intel(R) Management Engine Components\DAL;C:\Program Files (x86)\Intel\Intel(R) Management Engine Components\IPT;C:\Program Files\Intel\Intel(R) Management Engine Components\IPT;c:\Program Files (x86)\Microsoft SQL Server\100\Tools\Binn\;c:\Program Files\Microsoft SQL Server\100\Tools\Binn\;c:\Program Files\Microsoft SQL Server\100\DTS\Binn\;c:\Program Files (x86)\Microsoft SQL Server\100\Tools\Binn\VSShell\Common7\IDE\;c:\Program Files (x86)\Microsoft SQL Server\100\DTS\Binn\;C:\WINDOWS\system32\config\systemprofile\.dnx\bin;C:\Program Files\Microsoft DNX\Dnvm\;C:\Program Files\Microsoft SQL Server\130\Tools\Binn\;C:\WINDOWS\System32\OpenSSH\;C:\Program Files\Git\cmd;C:\Users\leoba\AppData\Local\Microsoft\WindowsApps;C:\Users\leoba\AppData\Local\GitHubDesktop\bin;%USERPROFILE%\AppData\Local\Microsoft\WindowsApps;
USERNAME=leoba
OS=Windows_NT
PROCESSOR_IDENTIFIER=Intel64 Family 6 Model 142 Stepping 10, GenuineIntel



---------------  S Y S T E M  ---------------

OS: Windows 10 , 64 bit Build 19041 (10.0.19041.1706)
OS uptime: 22 days 13:56 hours

CPU:total 4 (initial active 4) (2 cores per cpu, 2 threads per core) family 6 model 142 stepping 10 microcode 0xb4, cmov, cx8, fxsr, mmx, sse, sse2, sse3, ssse3, sse4.1, sse4.2, popcnt, avx, avx2, aes, clmul, erms, 3dnowpref, lzcnt, ht, tsc, tscinvbit, bmi1, bmi2, adx, fma

Memory: 4k page, system-wide physical 12197M (936M free)
TotalPageFile size 12197M (AvailPageFile size 5M)
current process WorkingSet (physical memory assigned to process): 360M, peak: 360M
current process commit charge ("private bytes"): 446M, peak: 450M

vm_info: OpenJDK 64-Bit Server VM (11.0.10+0-b96-7249189) for windows-amd64 JRE (11.0.10+0-b96-7249189), built on Mar 31 2021 21:44:00 by "builder" with MS VC++ 14.0 (VS2015)

END.
